[0.460s] DEBUG:colcon:Command line arguments: ['/usr/bin/colcon', 'build', '--symlink-install']
[0.460s] DEBUG:colcon:Parsed command line arguments: Namespace(allow_overriding=[], ament_cmake_args=None, base_paths=['.'], build_base='build', catkin_cmake_args=None, catkin_skip_building_tests=False, cmake_args=None, cmake_clean_cache=False, cmake_clean_first=False, cmake_force_configure=False, cmake_target=None, cmake_target_skip_unavailable=False, continue_on_error=False, event_handlers=None, executor='parallel', ignore_user_meta=False, install_base='install', log_base=None, log_level=None, main=<bound method BuildVerb.main of <colcon_core.verb.build.BuildVerb object at 0xffff9f8a08b0>>, merge_install=False, metas=['./colcon.meta'], mixin=None, mixin_files=None, mixin_verb=('build',), packages_above=None, packages_above_and_dependencies=None, packages_above_depth=None, packages_end=None, packages_ignore=None, packages_ignore_regex=None, packages_select=None, packages_select_build_failed=False, packages_select_by_dep=None, packages_select_regex=None, packages_select_test_failures=False, packages_skip=None, packages_skip_build_finished=False, packages_skip_by_dep=None, packages_skip_regex=None, packages_skip_test_passed=False, packages_skip_up_to=None, packages_start=None, packages_up_to=None, packages_up_to_regex=None, parallel_workers=6, paths=None, symlink_install=True, test_result_base=None, verb_extension=<colcon_core.verb.build.BuildVerb object at 0xffff9f8a08b0>, verb_name='build', verb_parser=<colcon_mixin.mixin.mixin_argument.MixinArgumentDecorator object at 0xffff9f8ac850>)
[0.803s] Level 1:colcon.colcon_core.package_discovery:discover_packages(colcon_meta) check parameters
[0.804s] Level 1:colcon.colcon_core.package_discovery:discover_packages(recursive) check parameters
[0.804s] Level 1:colcon.colcon_core.package_discovery:discover_packages(ignore) check parameters
[0.804s] Level 1:colcon.colcon_core.package_discovery:discover_packages(path) check parameters
[0.804s] Level 1:colcon.colcon_core.package_discovery:discover_packages(colcon_meta) discover
[0.804s] Level 1:colcon.colcon_core.package_discovery:discover_packages(recursive) discover
[0.804s] INFO:colcon.colcon_core.package_discovery:Crawling recursively for packages in '/home/ssafy/ros2_ws'
[0.804s] Level 1:colcon.colcon_core.package_identification:_identify(.) by extensions ['ignore', 'ignore_ament_install']
[0.805s] Level 1:colcon.colcon_core.package_identification:_identify(.) by extension 'ignore'
[0.805s] Level 1:colcon.colcon_core.package_identification:_identify(.) by extension 'ignore_ament_install'
[0.805s] Level 1:colcon.colcon_core.package_identification:_identify(.) by extensions ['colcon_pkg']
[0.805s] Level 1:colcon.colcon_core.package_identification:_identify(.) by extension 'colcon_pkg'
[0.805s] Level 1:colcon.colcon_core.package_identification:_identify(.) by extensions ['colcon_meta']
[0.805s] Level 1:colcon.colcon_core.package_identification:_identify(.) by extension 'colcon_meta'
[0.805s] Level 1:colcon.colcon_core.package_identification:_identify(.) by extensions ['ros']
[0.805s] Level 1:colcon.colcon_core.package_identification:_identify(.) by extension 'ros'
[0.828s] Level 1:colcon.colcon_core.package_identification:_identify(.) by extensions ['cmake', 'python']
[0.829s] Level 1:colcon.colcon_core.package_identification:_identify(.) by extension 'cmake'
[0.829s] Level 1:colcon.colcon_core.package_identification:_identify(.) by extension 'python'
[0.829s] Level 1:colcon.colcon_core.package_identification:_identify(.) by extensions ['python_setup_py']
[0.829s] Level 1:colcon.colcon_core.package_identification:_identify(.) by extension 'python_setup_py'
[0.829s] Level 1:colcon.colcon_core.package_identification:_identify(build) by extensions ['ignore', 'ignore_ament_install']
[0.829s] Level 1:colcon.colcon_core.package_identification:_identify(build) by extension 'ignore'
[0.830s] Level 1:colcon.colcon_core.package_identification:_identify(build) ignored
[0.830s] Level 1:colcon.colcon_core.package_identification:_identify(install) by extensions ['ignore', 'ignore_ament_install']
[0.830s] Level 1:colcon.colcon_core.package_identification:_identify(install) by extension 'ignore'
[0.830s] Level 1:colcon.colcon_core.package_identification:_identify(install) ignored
[0.830s] Level 1:colcon.colcon_core.package_identification:_identify(log) by extensions ['ignore', 'ignore_ament_install']
[0.831s] Level 1:colcon.colcon_core.package_identification:_identify(log) by extension 'ignore'
[0.831s] Level 1:colcon.colcon_core.package_identification:_identify(log) ignored
[0.831s] Level 1:colcon.colcon_core.package_identification:_identify(src) by extensions ['ignore', 'ignore_ament_install']
[0.831s] Level 1:colcon.colcon_core.package_identification:_identify(src) by extension 'ignore'
[0.831s] Level 1:colcon.colcon_core.package_identification:_identify(src) by extension 'ignore_ament_install'
[0.831s] Level 1:colcon.colcon_core.package_identification:_identify(src) by extensions ['colcon_pkg']
[0.831s] Level 1:colcon.colcon_core.package_identification:_identify(src) by extension 'colcon_pkg'
[0.831s] Level 1:colcon.colcon_core.package_identification:_identify(src) by extensions ['colcon_meta']
[0.832s] Level 1:colcon.colcon_core.package_identification:_identify(src) by extension 'colcon_meta'
[0.832s] Level 1:colcon.colcon_core.package_identification:_identify(src) by extensions ['ros']
[0.832s] Level 1:colcon.colcon_core.package_identification:_identify(src) by extension 'ros'
[0.832s] Level 1:colcon.colcon_core.package_identification:_identify(src) by extensions ['cmake', 'python']
[0.832s] Level 1:colcon.colcon_core.package_identification:_identify(src) by extension 'cmake'
[0.832s] Level 1:colcon.colcon_core.package_identification:_identify(src) by extension 'python'
[0.832s] Level 1:colcon.colcon_core.package_identification:_identify(src) by extensions ['python_setup_py']
[0.832s] Level 1:colcon.colcon_core.package_identification:_identify(src) by extension 'python_setup_py'
[0.832s] Level 1:colcon.colcon_core.package_identification:_identify(src/monicar) by extensions ['ignore', 'ignore_ament_install']
[0.833s] Level 1:colcon.colcon_core.package_identification:_identify(src/monicar) by extension 'ignore'
[0.833s] Level 1:colcon.colcon_core.package_identification:_identify(src/monicar) by extension 'ignore_ament_install'
[0.833s] Level 1:colcon.colcon_core.package_identification:_identify(src/monicar) by extensions ['colcon_pkg']
[0.833s] Level 1:colcon.colcon_core.package_identification:_identify(src/monicar) by extension 'colcon_pkg'
[0.833s] Level 1:colcon.colcon_core.package_identification:_identify(src/monicar) by extensions ['colcon_meta']
[0.833s] Level 1:colcon.colcon_core.package_identification:_identify(src/monicar) by extension 'colcon_meta'
[0.833s] Level 1:colcon.colcon_core.package_identification:_identify(src/monicar) by extensions ['ros']
[0.833s] Level 1:colcon.colcon_core.package_identification:_identify(src/monicar) by extension 'ros'
[0.833s] Level 1:colcon.colcon_core.package_identification:_identify(src/monicar) by extensions ['cmake', 'python']
[0.833s] Level 1:colcon.colcon_core.package_identification:_identify(src/monicar) by extension 'cmake'
[0.834s] Level 1:colcon.colcon_core.package_identification:_identify(src/monicar) by extension 'python'
[0.834s] Level 1:colcon.colcon_core.package_identification:_identify(src/monicar) by extensions ['python_setup_py']
[0.834s] Level 1:colcon.colcon_core.package_identification:_identify(src/monicar) by extension 'python_setup_py'
[0.834s] Level 1:colcon.colcon_core.package_identification:_identify(src/monicar/Doc) by extensions ['ignore', 'ignore_ament_install']
[0.834s] Level 1:colcon.colcon_core.package_identification:_identify(src/monicar/Doc) by extension 'ignore'
[0.834s] Level 1:colcon.colcon_core.package_identification:_identify(src/monicar/Doc) by extension 'ignore_ament_install'
[0.834s] Level 1:colcon.colcon_core.package_identification:_identify(src/monicar/Doc) by extensions ['colcon_pkg']
[0.834s] Level 1:colcon.colcon_core.package_identification:_identify(src/monicar/Doc) by extension 'colcon_pkg'
[0.834s] Level 1:colcon.colcon_core.package_identification:_identify(src/monicar/Doc) by extensions ['colcon_meta']
[0.835s] Level 1:colcon.colcon_core.package_identification:_identify(src/monicar/Doc) by extension 'colcon_meta'
[0.835s] Level 1:colcon.colcon_core.package_identification:_identify(src/monicar/Doc) by extensions ['ros']
[0.835s] Level 1:colcon.colcon_core.package_identification:_identify(src/monicar/Doc) by extension 'ros'
[0.835s] Level 1:colcon.colcon_core.package_identification:_identify(src/monicar/Doc) by extensions ['cmake', 'python']
[0.835s] Level 1:colcon.colcon_core.package_identification:_identify(src/monicar/Doc) by extension 'cmake'
[0.835s] Level 1:colcon.colcon_core.package_identification:_identify(src/monicar/Doc) by extension 'python'
[0.835s] Level 1:colcon.colcon_core.package_identification:_identify(src/monicar/Doc) by extensions ['python_setup_py']
[0.835s] Level 1:colcon.colcon_core.package_identification:_identify(src/monicar/Doc) by extension 'python_setup_py'
[0.835s] Level 1:colcon.colcon_core.package_identification:_identify(src/monicar/Images) by extensions ['ignore', 'ignore_ament_install']
[0.836s] Level 1:colcon.colcon_core.package_identification:_identify(src/monicar/Images) by extension 'ignore'
[0.836s] Level 1:colcon.colcon_core.package_identification:_identify(src/monicar/Images) by extension 'ignore_ament_install'
[0.836s] Level 1:colcon.colcon_core.package_identification:_identify(src/monicar/Images) by extensions ['colcon_pkg']
[0.836s] Level 1:colcon.colcon_core.package_identification:_identify(src/monicar/Images) by extension 'colcon_pkg'
[0.836s] Level 1:colcon.colcon_core.package_identification:_identify(src/monicar/Images) by extensions ['colcon_meta']
[0.836s] Level 1:colcon.colcon_core.package_identification:_identify(src/monicar/Images) by extension 'colcon_meta'
[0.836s] Level 1:colcon.colcon_core.package_identification:_identify(src/monicar/Images) by extensions ['ros']
[0.836s] Level 1:colcon.colcon_core.package_identification:_identify(src/monicar/Images) by extension 'ros'
[0.836s] Level 1:colcon.colcon_core.package_identification:_identify(src/monicar/Images) by extensions ['cmake', 'python']
[0.836s] Level 1:colcon.colcon_core.package_identification:_identify(src/monicar/Images) by extension 'cmake'
[0.836s] Level 1:colcon.colcon_core.package_identification:_identify(src/monicar/Images) by extension 'python'
[0.836s] Level 1:colcon.colcon_core.package_identification:_identify(src/monicar/Images) by extensions ['python_setup_py']
[0.837s] Level 1:colcon.colcon_core.package_identification:_identify(src/monicar/Images) by extension 'python_setup_py'
[0.837s] Level 1:colcon.colcon_core.package_identification:_identify(src/monicar/monicar_control) by extensions ['ignore', 'ignore_ament_install']
[0.837s] Level 1:colcon.colcon_core.package_identification:_identify(src/monicar/monicar_control) by extension 'ignore'
[0.837s] Level 1:colcon.colcon_core.package_identification:_identify(src/monicar/monicar_control) by extension 'ignore_ament_install'
[0.837s] Level 1:colcon.colcon_core.package_identification:_identify(src/monicar/monicar_control) by extensions ['colcon_pkg']
[0.837s] Level 1:colcon.colcon_core.package_identification:_identify(src/monicar/monicar_control) by extension 'colcon_pkg'
[0.837s] Level 1:colcon.colcon_core.package_identification:_identify(src/monicar/monicar_control) by extensions ['colcon_meta']
[0.837s] Level 1:colcon.colcon_core.package_identification:_identify(src/monicar/monicar_control) by extension 'colcon_meta'
[0.838s] Level 1:colcon.colcon_core.package_identification:_identify(src/monicar/monicar_control) by extensions ['ros']
[0.838s] Level 1:colcon.colcon_core.package_identification:_identify(src/monicar/monicar_control) by extension 'ros'
[0.843s] DEBUG:colcon.colcon_core.package_identification:Package 'src/monicar/monicar_control' with type 'ros.ament_python' and name 'monicar_control'
[0.844s] Level 1:colcon.colcon_core.package_identification:_identify(src/monicar/monicar_cv) by extensions ['ignore', 'ignore_ament_install']
[0.844s] Level 1:colcon.colcon_core.package_identification:_identify(src/monicar/monicar_cv) by extension 'ignore'
[0.844s] Level 1:colcon.colcon_core.package_identification:_identify(src/monicar/monicar_cv) by extension 'ignore_ament_install'
[0.844s] Level 1:colcon.colcon_core.package_identification:_identify(src/monicar/monicar_cv) by extensions ['colcon_pkg']
[0.844s] Level 1:colcon.colcon_core.package_identification:_identify(src/monicar/monicar_cv) by extension 'colcon_pkg'
[0.844s] Level 1:colcon.colcon_core.package_identification:_identify(src/monicar/monicar_cv) by extensions ['colcon_meta']
[0.844s] Level 1:colcon.colcon_core.package_identification:_identify(src/monicar/monicar_cv) by extension 'colcon_meta'
[0.844s] Level 1:colcon.colcon_core.package_identification:_identify(src/monicar/monicar_cv) by extensions ['ros']
[0.845s] Level 1:colcon.colcon_core.package_identification:_identify(src/monicar/monicar_cv) by extension 'ros'
[0.846s] DEBUG:colcon.colcon_core.package_identification:Package 'src/monicar/monicar_cv' with type 'ros.ament_python' and name 'monicar_cv'
[0.846s] Level 1:colcon.colcon_core.package_identification:_identify(src/monicar/monicar_teleop) by extensions ['ignore', 'ignore_ament_install']
[0.846s] Level 1:colcon.colcon_core.package_identification:_identify(src/monicar/monicar_teleop) by extension 'ignore'
[0.846s] Level 1:colcon.colcon_core.package_identification:_identify(src/monicar/monicar_teleop) by extension 'ignore_ament_install'
[0.846s] Level 1:colcon.colcon_core.package_identification:_identify(src/monicar/monicar_teleop) by extensions ['colcon_pkg']
[0.846s] Level 1:colcon.colcon_core.package_identification:_identify(src/monicar/monicar_teleop) by extension 'colcon_pkg'
[0.846s] Level 1:colcon.colcon_core.package_identification:_identify(src/monicar/monicar_teleop) by extensions ['colcon_meta']
[0.846s] Level 1:colcon.colcon_core.package_identification:_identify(src/monicar/monicar_teleop) by extension 'colcon_meta'
[0.847s] Level 1:colcon.colcon_core.package_identification:_identify(src/monicar/monicar_teleop) by extensions ['ros']
[0.847s] Level 1:colcon.colcon_core.package_identification:_identify(src/monicar/monicar_teleop) by extension 'ros'
[0.848s] DEBUG:colcon.colcon_core.package_identification:Package 'src/monicar/monicar_teleop' with type 'ros.ament_python' and name 'monicar_teleop'
[0.848s] Level 1:colcon.colcon_core.package_identification:_identify(src/monicar/script) by extensions ['ignore', 'ignore_ament_install']
[0.848s] Level 1:colcon.colcon_core.package_identification:_identify(src/monicar/script) by extension 'ignore'
[0.848s] Level 1:colcon.colcon_core.package_identification:_identify(src/monicar/script) by extension 'ignore_ament_install'
[0.848s] Level 1:colcon.colcon_core.package_identification:_identify(src/monicar/script) by extensions ['colcon_pkg']
[0.848s] Level 1:colcon.colcon_core.package_identification:_identify(src/monicar/script) by extension 'colcon_pkg'
[0.848s] Level 1:colcon.colcon_core.package_identification:_identify(src/monicar/script) by extensions ['colcon_meta']
[0.849s] Level 1:colcon.colcon_core.package_identification:_identify(src/monicar/script) by extension 'colcon_meta'
[0.849s] Level 1:colcon.colcon_core.package_identification:_identify(src/monicar/script) by extensions ['ros']
[0.849s] Level 1:colcon.colcon_core.package_identification:_identify(src/monicar/script) by extension 'ros'
[0.849s] Level 1:colcon.colcon_core.package_identification:_identify(src/monicar/script) by extensions ['cmake', 'python']
[0.849s] Level 1:colcon.colcon_core.package_identification:_identify(src/monicar/script) by extension 'cmake'
[0.849s] Level 1:colcon.colcon_core.package_identification:_identify(src/monicar/script) by extension 'python'
[0.849s] Level 1:colcon.colcon_core.package_identification:_identify(src/monicar/script) by extensions ['python_setup_py']
[0.849s] Level 1:colcon.colcon_core.package_identification:_identify(src/monicar/script) by extension 'python_setup_py'
[0.849s] Level 1:colcon.colcon_core.package_discovery:discover_packages(recursive) using defaults
[0.849s] Level 1:colcon.colcon_core.package_discovery:discover_packages(ignore) discover
[0.850s] Level 1:colcon.colcon_core.package_discovery:discover_packages(ignore) using defaults
[0.850s] Level 1:colcon.colcon_core.package_discovery:discover_packages(path) discover
[0.850s] Level 1:colcon.colcon_core.package_discovery:discover_packages(path) using defaults
[0.889s] Level 1:colcon.colcon_core.package_discovery:discover_packages(prefix_path) check parameters
[0.890s] Level 1:colcon.colcon_core.package_discovery:discover_packages(prefix_path) discover
[0.894s] DEBUG:colcon.colcon_installed_package_information.package_discovery:Found 3 installed packages in /home/ssafy/ros2_ws/install
[0.894s] DEBUG:colcon.colcon_installed_package_information.package_discovery:Found 0 installed packages in /home/ssafy/monicar_ws/install
[0.897s] DEBUG:colcon.colcon_installed_package_information.package_discovery:Found 332 installed packages in /opt/ros/galactic
[0.901s] Level 1:colcon.colcon_core.package_discovery:discover_packages(prefix_path) using defaults
[1.100s] Level 5:colcon.colcon_core.verb:set package 'monicar_control' build argument 'cmake_args' from command line to 'None'
[1.100s] Level 5:colcon.colcon_core.verb:set package 'monicar_control' build argument 'cmake_target' from command line to 'None'
[1.100s] Level 5:colcon.colcon_core.verb:set package 'monicar_control' build argument 'cmake_target_skip_unavailable' from command line to 'False'
[1.100s] Level 5:colcon.colcon_core.verb:set package 'monicar_control' build argument 'cmake_clean_cache' from command line to 'False'
[1.100s] Level 5:colcon.colcon_core.verb:set package 'monicar_control' build argument 'cmake_clean_first' from command line to 'False'
[1.100s] Level 5:colcon.colcon_core.verb:set package 'monicar_control' build argument 'cmake_force_configure' from command line to 'False'
[1.100s] Level 5:colcon.colcon_core.verb:set package 'monicar_control' build argument 'ament_cmake_args' from command line to 'None'
[1.100s] Level 5:colcon.colcon_core.verb:set package 'monicar_control' build argument 'catkin_cmake_args' from command line to 'None'
[1.100s] Level 5:colcon.colcon_core.verb:set package 'monicar_control' build argument 'catkin_skip_building_tests' from command line to 'False'
[1.101s] DEBUG:colcon.colcon_core.verb:Building package 'monicar_control' with the following arguments: {'ament_cmake_args': None, 'build_base': '/home/ssafy/ros2_ws/build/monicar_control', 'catkin_cmake_args': None, 'catkin_skip_building_tests': False, 'cmake_args': None, 'cmake_clean_cache': False, 'cmake_clean_first': False, 'cmake_force_configure': False, 'cmake_target': None, 'cmake_target_skip_unavailable': False, 'install_base': '/home/ssafy/ros2_ws/install/monicar_control', 'merge_install': False, 'path': '/home/ssafy/ros2_ws/src/monicar/monicar_control', 'symlink_install': True, 'test_result_base': None}
[1.101s] Level 5:colcon.colcon_core.verb:set package 'monicar_cv' build argument 'cmake_args' from command line to 'None'
[1.101s] Level 5:colcon.colcon_core.verb:set package 'monicar_cv' build argument 'cmake_target' from command line to 'None'
[1.101s] Level 5:colcon.colcon_core.verb:set package 'monicar_cv' build argument 'cmake_target_skip_unavailable' from command line to 'False'
[1.102s] Level 5:colcon.colcon_core.verb:set package 'monicar_cv' build argument 'cmake_clean_cache' from command line to 'False'
[1.102s] Level 5:colcon.colcon_core.verb:set package 'monicar_cv' build argument 'cmake_clean_first' from command line to 'False'
[1.102s] Level 5:colcon.colcon_core.verb:set package 'monicar_cv' build argument 'cmake_force_configure' from command line to 'False'
[1.102s] Level 5:colcon.colcon_core.verb:set package 'monicar_cv' build argument 'ament_cmake_args' from command line to 'None'
[1.102s] Level 5:colcon.colcon_core.verb:set package 'monicar_cv' build argument 'catkin_cmake_args' from command line to 'None'
[1.102s] Level 5:colcon.colcon_core.verb:set package 'monicar_cv' build argument 'catkin_skip_building_tests' from command line to 'False'
[1.102s] DEBUG:colcon.colcon_core.verb:Building package 'monicar_cv' with the following arguments: {'ament_cmake_args': None, 'build_base': '/home/ssafy/ros2_ws/build/monicar_cv', 'catkin_cmake_args': None, 'catkin_skip_building_tests': False, 'cmake_args': None, 'cmake_clean_cache': False, 'cmake_clean_first': False, 'cmake_force_configure': False, 'cmake_target': None, 'cmake_target_skip_unavailable': False, 'install_base': '/home/ssafy/ros2_ws/install/monicar_cv', 'merge_install': False, 'path': '/home/ssafy/ros2_ws/src/monicar/monicar_cv', 'symlink_install': True, 'test_result_base': None}
[1.103s] Level 5:colcon.colcon_core.verb:set package 'monicar_teleop' build argument 'cmake_args' from command line to 'None'
[1.103s] Level 5:colcon.colcon_core.verb:set package 'monicar_teleop' build argument 'cmake_target' from command line to 'None'
[1.103s] Level 5:colcon.colcon_core.verb:set package 'monicar_teleop' build argument 'cmake_target_skip_unavailable' from command line to 'False'
[1.103s] Level 5:colcon.colcon_core.verb:set package 'monicar_teleop' build argument 'cmake_clean_cache' from command line to 'False'
[1.103s] Level 5:colcon.colcon_core.verb:set package 'monicar_teleop' build argument 'cmake_clean_first' from command line to 'False'
[1.103s] Level 5:colcon.colcon_core.verb:set package 'monicar_teleop' build argument 'cmake_force_configure' from command line to 'False'
[1.103s] Level 5:colcon.colcon_core.verb:set package 'monicar_teleop' build argument 'ament_cmake_args' from command line to 'None'
[1.103s] Level 5:colcon.colcon_core.verb:set package 'monicar_teleop' build argument 'catkin_cmake_args' from command line to 'None'
[1.103s] Level 5:colcon.colcon_core.verb:set package 'monicar_teleop' build argument 'catkin_skip_building_tests' from command line to 'False'
[1.103s] DEBUG:colcon.colcon_core.verb:Building package 'monicar_teleop' with the following arguments: {'ament_cmake_args': None, 'build_base': '/home/ssafy/ros2_ws/build/monicar_teleop', 'catkin_cmake_args': None, 'catkin_skip_building_tests': False, 'cmake_args': None, 'cmake_clean_cache': False, 'cmake_clean_first': False, 'cmake_force_configure': False, 'cmake_target': None, 'cmake_target_skip_unavailable': False, 'install_base': '/home/ssafy/ros2_ws/install/monicar_teleop', 'merge_install': False, 'path': '/home/ssafy/ros2_ws/src/monicar/monicar_teleop', 'symlink_install': True, 'test_result_base': None}
[1.103s] INFO:colcon.colcon_core.executor:Executing jobs using 'parallel' executor
[1.107s] DEBUG:colcon.colcon_parallel_executor.executor.parallel:run_until_complete
[1.107s] INFO:colcon.colcon_ros.task.ament_python.build:Building ROS package in '/home/ssafy/ros2_ws/src/monicar/monicar_control' with build type 'ament_python'
[1.108s] Level 1:colcon.colcon_core.shell:create_environment_hook('monicar_control', 'ament_prefix_path')
[1.112s] INFO:colcon.colcon_core.plugin_system:Skipping extension 'colcon_core.shell.bat': Not used on non-Windows systems
[1.113s] INFO:colcon.colcon_core.shell:Creating environment hook '/home/ssafy/ros2_ws/install/monicar_control/share/monicar_control/hook/ament_prefix_path.ps1'
[1.115s] INFO:colcon.colcon_core.shell:Creating environment descriptor '/home/ssafy/ros2_ws/install/monicar_control/share/monicar_control/hook/ament_prefix_path.dsv'
[1.116s] INFO:colcon.colcon_core.shell:Creating environment hook '/home/ssafy/ros2_ws/install/monicar_control/share/monicar_control/hook/ament_prefix_path.sh'
[1.118s] INFO:colcon.colcon_core.shell:Skip shell extension 'powershell' for command environment: Not usable outside of PowerShell
[1.118s] DEBUG:colcon.colcon_core.shell:Skip shell extension 'dsv' for command environment
[1.137s] INFO:colcon.colcon_ros.task.ament_python.build:Building ROS package in '/home/ssafy/ros2_ws/src/monicar/monicar_cv' with build type 'ament_python'
[1.138s] Level 1:colcon.colcon_core.shell:create_environment_hook('monicar_cv', 'ament_prefix_path')
[1.139s] INFO:colcon.colcon_core.shell:Creating environment hook '/home/ssafy/ros2_ws/install/monicar_cv/share/monicar_cv/hook/ament_prefix_path.ps1'
[1.141s] INFO:colcon.colcon_core.shell:Creating environment descriptor '/home/ssafy/ros2_ws/install/monicar_cv/share/monicar_cv/hook/ament_prefix_path.dsv'
[1.141s] INFO:colcon.colcon_core.shell:Creating environment hook '/home/ssafy/ros2_ws/install/monicar_cv/share/monicar_cv/hook/ament_prefix_path.sh'
[1.142s] INFO:colcon.colcon_core.shell:Skip shell extension 'powershell' for command environment: Not usable outside of PowerShell
[1.143s] DEBUG:colcon.colcon_core.shell:Skip shell extension 'dsv' for command environment
[1.153s] INFO:colcon.colcon_ros.task.ament_python.build:Building ROS package in '/home/ssafy/ros2_ws/src/monicar/monicar_teleop' with build type 'ament_python'
[1.154s] Level 1:colcon.colcon_core.shell:create_environment_hook('monicar_teleop', 'ament_prefix_path')
[1.155s] INFO:colcon.colcon_core.shell:Creating environment hook '/home/ssafy/ros2_ws/install/monicar_teleop/share/monicar_teleop/hook/ament_prefix_path.ps1'
[1.156s] INFO:colcon.colcon_core.shell:Creating environment descriptor '/home/ssafy/ros2_ws/install/monicar_teleop/share/monicar_teleop/hook/ament_prefix_path.dsv'
[1.157s] INFO:colcon.colcon_core.shell:Creating environment hook '/home/ssafy/ros2_ws/install/monicar_teleop/share/monicar_teleop/hook/ament_prefix_path.sh'
[1.158s] INFO:colcon.colcon_core.shell:Skip shell extension 'powershell' for command environment: Not usable outside of PowerShell
[1.158s] DEBUG:colcon.colcon_core.shell:Skip shell extension 'dsv' for command environment
[1.708s] INFO:colcon.colcon_core.task.python.build:Building Python package in '/home/ssafy/ros2_ws/src/monicar/monicar_control'
[1.710s] INFO:colcon.colcon_core.shell:Skip shell extension 'powershell' for command environment: Not usable outside of PowerShell
[1.710s] DEBUG:colcon.colcon_core.shell:Skip shell extension 'dsv' for command environment
[2.286s] INFO:colcon.colcon_core.task.python.build:Building Python package in '/home/ssafy/ros2_ws/src/monicar/monicar_cv'
[2.288s] INFO:colcon.colcon_core.shell:Skip shell extension 'powershell' for command environment: Not usable outside of PowerShell
[2.289s] DEBUG:colcon.colcon_core.shell:Skip shell extension 'dsv' for command environment
[2.854s] INFO:colcon.colcon_core.task.python.build:Building Python package in '/home/ssafy/ros2_ws/src/monicar/monicar_teleop'
[2.855s] INFO:colcon.colcon_core.shell:Skip shell extension 'powershell' for command environment: Not usable outside of PowerShell
[2.856s] DEBUG:colcon.colcon_core.shell:Skip shell extension 'dsv' for command environment
[3.906s] DEBUG:colcon.colcon_core.event_handler.log_command:Invoking command in '/home/ssafy/ros2_ws/build/monicar_teleop': PYTHONPATH=/home/ssafy/ros2_ws/build/monicar_teleop/prefix_override:/usr/lib/python3/dist-packages/colcon_core/task/python/colcon_distutils_commands:/home/ssafy/ros2_ws/install/monicar_teleop/lib/python3.8/site-packages:${PYTHONPATH} /usr/bin/python3 -W ignore:setup.py install is deprecated setup.py develop --editable --build-directory /home/ssafy/ros2_ws/build/monicar_teleop/build --no-deps symlink_data
[3.936s] DEBUG:colcon.colcon_core.event_handler.log_command:Invoking command in '/home/ssafy/ros2_ws/build/monicar_cv': PYTHONPATH=/home/ssafy/ros2_ws/build/monicar_cv/prefix_override:/usr/lib/python3/dist-packages/colcon_core/task/python/colcon_distutils_commands:/home/ssafy/ros2_ws/install/monicar_cv/lib/python3.8/site-packages:${PYTHONPATH} /usr/bin/python3 -W ignore:setup.py install is deprecated setup.py develop --editable --build-directory /home/ssafy/ros2_ws/build/monicar_cv/build --no-deps symlink_data
[3.946s] DEBUG:colcon.colcon_core.event_handler.log_command:Invoking command in '/home/ssafy/ros2_ws/build/monicar_control': PYTHONPATH=/home/ssafy/ros2_ws/build/monicar_control/prefix_override:/usr/lib/python3/dist-packages/colcon_core/task/python/colcon_distutils_commands:/home/ssafy/ros2_ws/install/monicar_control/lib/python3.8/site-packages:${PYTHONPATH} /usr/bin/python3 -W ignore:setup.py install is deprecated setup.py develop --editable --build-directory /home/ssafy/ros2_ws/build/monicar_control/build --no-deps symlink_data
[5.141s] Level 1:colcon.colcon_core.shell:create_environment_hook('monicar_cv', 'pythonpath_develop')
[5.143s] INFO:colcon.colcon_core.shell:Creating environment hook '/home/ssafy/ros2_ws/build/monicar_cv/share/monicar_cv/hook/pythonpath_develop.ps1'
[5.144s] DEBUG:colcon.colcon_core.event_handler.log_command:Invoked command in '/home/ssafy/ros2_ws/build/monicar_cv' returned '0': PYTHONPATH=/home/ssafy/ros2_ws/build/monicar_cv/prefix_override:/usr/lib/python3/dist-packages/colcon_core/task/python/colcon_distutils_commands:/home/ssafy/ros2_ws/install/monicar_cv/lib/python3.8/site-packages:${PYTHONPATH} /usr/bin/python3 -W ignore:setup.py install is deprecated setup.py develop --editable --build-directory /home/ssafy/ros2_ws/build/monicar_cv/build --no-deps symlink_data
[5.147s] INFO:colcon.colcon_core.shell:Creating environment descriptor '/home/ssafy/ros2_ws/build/monicar_cv/share/monicar_cv/hook/pythonpath_develop.dsv'
[5.148s] INFO:colcon.colcon_core.shell:Creating environment hook '/home/ssafy/ros2_ws/build/monicar_cv/share/monicar_cv/hook/pythonpath_develop.sh'
[5.164s] Level 1:colcon.colcon_core.environment:checking '/home/ssafy/ros2_ws/install/monicar_cv' for CMake module files
[5.166s] Level 1:colcon.colcon_core.environment:checking '/home/ssafy/ros2_ws/install/monicar_cv' for CMake config files
[5.168s] Level 1:colcon.colcon_core.environment:checking '/home/ssafy/ros2_ws/install/monicar_cv/lib'
[5.169s] Level 1:colcon.colcon_core.environment:checking '/home/ssafy/ros2_ws/install/monicar_cv/bin'
[5.169s] Level 1:colcon.colcon_core.environment:checking '/home/ssafy/ros2_ws/install/monicar_cv/lib/pkgconfig/monicar_cv.pc'
[5.170s] Level 1:colcon.colcon_core.environment:checking '/home/ssafy/ros2_ws/install/monicar_cv/lib/python3.8/site-packages'
[5.170s] Level 1:colcon.colcon_core.shell:create_environment_hook('monicar_cv', 'pythonpath')
[5.171s] INFO:colcon.colcon_core.shell:Creating environment hook '/home/ssafy/ros2_ws/install/monicar_cv/share/monicar_cv/hook/pythonpath.ps1'
[5.172s] INFO:colcon.colcon_core.shell:Creating environment descriptor '/home/ssafy/ros2_ws/install/monicar_cv/share/monicar_cv/hook/pythonpath.dsv'
[5.173s] INFO:colcon.colcon_core.shell:Creating environment hook '/home/ssafy/ros2_ws/install/monicar_cv/share/monicar_cv/hook/pythonpath.sh'
[5.174s] Level 1:colcon.colcon_core.environment:checking '/home/ssafy/ros2_ws/install/monicar_cv/bin'
[5.174s] Level 1:colcon.colcon_core.environment:create_environment_scripts_only(monicar_cv)
[5.175s] INFO:colcon.colcon_core.shell:Creating package script '/home/ssafy/ros2_ws/install/monicar_cv/share/monicar_cv/package.ps1'
[5.178s] INFO:colcon.colcon_core.shell:Creating package descriptor '/home/ssafy/ros2_ws/install/monicar_cv/share/monicar_cv/package.dsv'
[5.180s] INFO:colcon.colcon_core.shell:Creating package script '/home/ssafy/ros2_ws/install/monicar_cv/share/monicar_cv/package.sh'
[5.181s] INFO:colcon.colcon_core.shell:Creating package script '/home/ssafy/ros2_ws/install/monicar_cv/share/monicar_cv/package.bash'
[5.183s] INFO:colcon.colcon_core.shell:Creating package script '/home/ssafy/ros2_ws/install/monicar_cv/share/monicar_cv/package.zsh'
[5.184s] Level 1:colcon.colcon_core.environment:create_file_with_runtime_dependencies(/home/ssafy/ros2_ws/install/monicar_cv/share/colcon-core/packages/monicar_cv)
[5.187s] Level 1:colcon.colcon_core.shell:create_environment_hook('monicar_control', 'pythonpath_develop')
[5.188s] INFO:colcon.colcon_core.shell:Creating environment hook '/home/ssafy/ros2_ws/build/monicar_control/share/monicar_control/hook/pythonpath_develop.ps1'
[5.190s] DEBUG:colcon.colcon_core.event_handler.log_command:Invoked command in '/home/ssafy/ros2_ws/build/monicar_control' returned '0': PYTHONPATH=/home/ssafy/ros2_ws/build/monicar_control/prefix_override:/usr/lib/python3/dist-packages/colcon_core/task/python/colcon_distutils_commands:/home/ssafy/ros2_ws/install/monicar_control/lib/python3.8/site-packages:${PYTHONPATH} /usr/bin/python3 -W ignore:setup.py install is deprecated setup.py develop --editable --build-directory /home/ssafy/ros2_ws/build/monicar_control/build --no-deps symlink_data
[5.190s] INFO:colcon.colcon_core.shell:Creating environment descriptor '/home/ssafy/ros2_ws/build/monicar_control/share/monicar_control/hook/pythonpath_develop.dsv'
[5.191s] INFO:colcon.colcon_core.shell:Creating environment hook '/home/ssafy/ros2_ws/build/monicar_control/share/monicar_control/hook/pythonpath_develop.sh'
[5.192s] Level 1:colcon.colcon_core.environment:checking '/home/ssafy/ros2_ws/install/monicar_control' for CMake module files
[5.193s] Level 1:colcon.colcon_core.environment:checking '/home/ssafy/ros2_ws/install/monicar_control' for CMake config files
[5.194s] Level 1:colcon.colcon_core.environment:checking '/home/ssafy/ros2_ws/install/monicar_control/lib'
[5.195s] Level 1:colcon.colcon_core.environment:checking '/home/ssafy/ros2_ws/install/monicar_control/bin'
[5.195s] Level 1:colcon.colcon_core.environment:checking '/home/ssafy/ros2_ws/install/monicar_control/lib/pkgconfig/monicar_control.pc'
[5.195s] Level 1:colcon.colcon_core.environment:checking '/home/ssafy/ros2_ws/install/monicar_control/lib/python3.8/site-packages'
[5.195s] Level 1:colcon.colcon_core.shell:create_environment_hook('monicar_control', 'pythonpath')
[5.196s] INFO:colcon.colcon_core.shell:Creating environment hook '/home/ssafy/ros2_ws/install/monicar_control/share/monicar_control/hook/pythonpath.ps1'
[5.196s] INFO:colcon.colcon_core.shell:Creating environment descriptor '/home/ssafy/ros2_ws/install/monicar_control/share/monicar_control/hook/pythonpath.dsv'
[5.197s] INFO:colcon.colcon_core.shell:Creating environment hook '/home/ssafy/ros2_ws/install/monicar_control/share/monicar_control/hook/pythonpath.sh'
[5.198s] Level 1:colcon.colcon_core.environment:checking '/home/ssafy/ros2_ws/install/monicar_control/bin'
[5.198s] Level 1:colcon.colcon_core.environment:create_environment_scripts_only(monicar_control)
[5.199s] INFO:colcon.colcon_core.shell:Creating package script '/home/ssafy/ros2_ws/install/monicar_control/share/monicar_control/package.ps1'
[5.200s] INFO:colcon.colcon_core.shell:Creating package descriptor '/home/ssafy/ros2_ws/install/monicar_control/share/monicar_control/package.dsv'
[5.201s] INFO:colcon.colcon_core.shell:Creating package script '/home/ssafy/ros2_ws/install/monicar_control/share/monicar_control/package.sh'
[5.202s] INFO:colcon.colcon_core.shell:Creating package script '/home/ssafy/ros2_ws/install/monicar_control/share/monicar_control/package.bash'
[5.202s] INFO:colcon.colcon_core.shell:Creating package script '/home/ssafy/ros2_ws/install/monicar_control/share/monicar_control/package.zsh'
[5.203s] Level 1:colcon.colcon_core.environment:create_file_with_runtime_dependencies(/home/ssafy/ros2_ws/install/monicar_control/share/colcon-core/packages/monicar_control)
[5.204s] Level 1:colcon.colcon_core.shell:create_environment_hook('monicar_teleop', 'pythonpath_develop')
[5.205s] INFO:colcon.colcon_core.shell:Creating environment hook '/home/ssafy/ros2_ws/build/monicar_teleop/share/monicar_teleop/hook/pythonpath_develop.ps1'
[5.206s] INFO:colcon.colcon_core.shell:Creating environment descriptor '/home/ssafy/ros2_ws/build/monicar_teleop/share/monicar_teleop/hook/pythonpath_develop.dsv'
[5.206s] DEBUG:colcon.colcon_core.event_handler.log_command:Invoked command in '/home/ssafy/ros2_ws/build/monicar_teleop' returned '0': PYTHONPATH=/home/ssafy/ros2_ws/build/monicar_teleop/prefix_override:/usr/lib/python3/dist-packages/colcon_core/task/python/colcon_distutils_commands:/home/ssafy/ros2_ws/install/monicar_teleop/lib/python3.8/site-packages:${PYTHONPATH} /usr/bin/python3 -W ignore:setup.py install is deprecated setup.py develop --editable --build-directory /home/ssafy/ros2_ws/build/monicar_teleop/build --no-deps symlink_data
[5.207s] INFO:colcon.colcon_core.shell:Creating environment hook '/home/ssafy/ros2_ws/build/monicar_teleop/share/monicar_teleop/hook/pythonpath_develop.sh'
[5.208s] Level 1:colcon.colcon_core.environment:checking '/home/ssafy/ros2_ws/install/monicar_teleop' for CMake module files
[5.209s] Level 1:colcon.colcon_core.environment:checking '/home/ssafy/ros2_ws/install/monicar_teleop' for CMake config files
[5.210s] Level 1:colcon.colcon_core.environment:checking '/home/ssafy/ros2_ws/install/monicar_teleop/lib'
[5.211s] Level 1:colcon.colcon_core.environment:checking '/home/ssafy/ros2_ws/install/monicar_teleop/bin'
[5.211s] Level 1:colcon.colcon_core.environment:checking '/home/ssafy/ros2_ws/install/monicar_teleop/lib/pkgconfig/monicar_teleop.pc'
[5.211s] Level 1:colcon.colcon_core.environment:checking '/home/ssafy/ros2_ws/install/monicar_teleop/lib/python3.8/site-packages'
[5.211s] Level 1:colcon.colcon_core.shell:create_environment_hook('monicar_teleop', 'pythonpath')
[5.212s] INFO:colcon.colcon_core.shell:Creating environment hook '/home/ssafy/ros2_ws/install/monicar_teleop/share/monicar_teleop/hook/pythonpath.ps1'
[5.212s] INFO:colcon.colcon_core.shell:Creating environment descriptor '/home/ssafy/ros2_ws/install/monicar_teleop/share/monicar_teleop/hook/pythonpath.dsv'
[5.213s] INFO:colcon.colcon_core.shell:Creating environment hook '/home/ssafy/ros2_ws/install/monicar_teleop/share/monicar_teleop/hook/pythonpath.sh'
[5.214s] Level 1:colcon.colcon_core.environment:checking '/home/ssafy/ros2_ws/install/monicar_teleop/bin'
[5.214s] Level 1:colcon.colcon_core.environment:create_environment_scripts_only(monicar_teleop)
[5.215s] INFO:colcon.colcon_core.shell:Creating package script '/home/ssafy/ros2_ws/install/monicar_teleop/share/monicar_teleop/package.ps1'
[5.216s] INFO:colcon.colcon_core.shell:Creating package descriptor '/home/ssafy/ros2_ws/install/monicar_teleop/share/monicar_teleop/package.dsv'
[5.216s] INFO:colcon.colcon_core.shell:Creating package script '/home/ssafy/ros2_ws/install/monicar_teleop/share/monicar_teleop/package.sh'
[5.217s] INFO:colcon.colcon_core.shell:Creating package script '/home/ssafy/ros2_ws/install/monicar_teleop/share/monicar_teleop/package.bash'
[5.218s] INFO:colcon.colcon_core.shell:Creating package script '/home/ssafy/ros2_ws/install/monicar_teleop/share/monicar_teleop/package.zsh'
[5.219s] Level 1:colcon.colcon_core.environment:create_file_with_runtime_dependencies(/home/ssafy/ros2_ws/install/monicar_teleop/share/colcon-core/packages/monicar_teleop)
[5.219s] DEBUG:colcon.colcon_parallel_executor.executor.parallel:closing loop
[5.220s] DEBUG:colcon.colcon_parallel_executor.executor.parallel:loop closed
[5.220s] DEBUG:colcon.colcon_parallel_executor.executor.parallel:run_until_complete finished with '0'
[5.220s] DEBUG:colcon.colcon_core.event_reactor:joining thread
[5.234s] INFO:colcon.colcon_core.plugin_system:Skipping extension 'colcon_notification.desktop_notification.terminal_notifier': Not used on non-Darwin systems
[5.234s] INFO:colcon.colcon_core.plugin_system:Skipping extension 'colcon_notification.desktop_notification.win32': Not used on non-Windows systems
[5.234s] INFO:colcon.colcon_notification.desktop_notification:Sending desktop notification using 'notify2'
[5.262s] DEBUG:colcon.colcon_core.event_reactor:joined thread
[5.264s] INFO:colcon.colcon_core.shell:Creating prefix script '/home/ssafy/ros2_ws/install/local_setup.ps1'
[5.266s] INFO:colcon.colcon_core.shell:Creating prefix util module '/home/ssafy/ros2_ws/install/_local_setup_util_ps1.py'
[5.268s] INFO:colcon.colcon_core.shell:Creating prefix chain script '/home/ssafy/ros2_ws/install/setup.ps1'
[5.271s] INFO:colcon.colcon_core.shell:Creating prefix script '/home/ssafy/ros2_ws/install/local_setup.sh'
[5.272s] INFO:colcon.colcon_core.shell:Creating prefix util module '/home/ssafy/ros2_ws/install/_local_setup_util_sh.py'
[5.272s] INFO:colcon.colcon_core.shell:Creating prefix chain script '/home/ssafy/ros2_ws/install/setup.sh'
[5.276s] INFO:colcon.colcon_core.shell:Creating prefix script '/home/ssafy/ros2_ws/install/local_setup.bash'
[5.277s] INFO:colcon.colcon_core.shell:Creating prefix chain script '/home/ssafy/ros2_ws/install/setup.bash'
[5.279s] INFO:colcon.colcon_core.shell:Creating prefix script '/home/ssafy/ros2_ws/install/local_setup.zsh'
[5.280s] INFO:colcon.colcon_core.shell:Creating prefix chain script '/home/ssafy/ros2_ws/install/setup.zsh'
