[1.664s] DEBUG:colcon:Command line arguments: ['/usr/bin/colcon', 'build', '--symlink-install']
[1.665s] DEBUG:colcon:Parsed command line arguments: Namespace(allow_overriding=[], ament_cmake_args=None, base_paths=['.'], build_base='build', catkin_cmake_args=None, catkin_skip_building_tests=False, cmake_args=None, cmake_clean_cache=False, cmake_clean_first=False, cmake_force_configure=False, cmake_target=None, cmake_target_skip_unavailable=False, continue_on_error=False, event_handlers=None, executor='parallel', ignore_user_meta=False, install_base='install', log_base=None, log_level=None, main=<bound method BuildVerb.main of <colcon_core.verb.build.BuildVerb object at 0xffff8f531bb0>>, merge_install=False, metas=['./colcon.meta'], mixin=None, mixin_files=None, mixin_verb=('build',), packages_above=None, packages_above_and_dependencies=None, packages_above_depth=None, packages_end=None, packages_ignore=None, packages_ignore_regex=None, packages_select=None, packages_select_build_failed=False, packages_select_by_dep=None, packages_select_regex=None, packages_select_test_failures=False, packages_skip=None, packages_skip_build_finished=False, packages_skip_by_dep=None, packages_skip_regex=None, packages_skip_test_passed=False, packages_skip_up_to=None, packages_start=None, packages_up_to=None, packages_up_to_regex=None, parallel_workers=6, paths=None, symlink_install=True, test_result_base=None, verb_extension=<colcon_core.verb.build.BuildVerb object at 0xffff8f531bb0>, verb_name='build', verb_parser=<colcon_mixin.mixin.mixin_argument.MixinArgumentDecorator object at 0xffff8f53f460>)
[2.626s] Level 1:colcon.colcon_core.package_discovery:discover_packages(colcon_meta) check parameters
[2.627s] Level 1:colcon.colcon_core.package_discovery:discover_packages(recursive) check parameters
[2.627s] Level 1:colcon.colcon_core.package_discovery:discover_packages(ignore) check parameters
[2.627s] Level 1:colcon.colcon_core.package_discovery:discover_packages(path) check parameters
[2.627s] Level 1:colcon.colcon_core.package_discovery:discover_packages(colcon_meta) discover
[2.627s] Level 1:colcon.colcon_core.package_discovery:discover_packages(recursive) discover
[2.628s] INFO:colcon.colcon_core.package_discovery:Crawling recursively for packages in '/home/ssafy/ros2_ws'
[2.628s] Level 1:colcon.colcon_core.package_identification:_identify(.) by extensions ['ignore', 'ignore_ament_install']
[2.628s] Level 1:colcon.colcon_core.package_identification:_identify(.) by extension 'ignore'
[2.628s] Level 1:colcon.colcon_core.package_identification:_identify(.) by extension 'ignore_ament_install'
[2.628s] Level 1:colcon.colcon_core.package_identification:_identify(.) by extensions ['colcon_pkg']
[2.628s] Level 1:colcon.colcon_core.package_identification:_identify(.) by extension 'colcon_pkg'
[2.629s] Level 1:colcon.colcon_core.package_identification:_identify(.) by extensions ['colcon_meta']
[2.629s] Level 1:colcon.colcon_core.package_identification:_identify(.) by extension 'colcon_meta'
[2.629s] Level 1:colcon.colcon_core.package_identification:_identify(.) by extensions ['ros']
[2.629s] Level 1:colcon.colcon_core.package_identification:_identify(.) by extension 'ros'
[2.660s] Level 1:colcon.colcon_core.package_identification:_identify(.) by extensions ['cmake', 'python']
[2.661s] Level 1:colcon.colcon_core.package_identification:_identify(.) by extension 'cmake'
[2.661s] Level 1:colcon.colcon_core.package_identification:_identify(.) by extension 'python'
[2.661s] Level 1:colcon.colcon_core.package_identification:_identify(.) by extensions ['python_setup_py']
[2.661s] Level 1:colcon.colcon_core.package_identification:_identify(.) by extension 'python_setup_py'
[2.661s] Level 1:colcon.colcon_core.package_identification:_identify(build) by extensions ['ignore', 'ignore_ament_install']
[2.662s] Level 1:colcon.colcon_core.package_identification:_identify(build) by extension 'ignore'
[2.662s] Level 1:colcon.colcon_core.package_identification:_identify(build) ignored
[2.662s] Level 1:colcon.colcon_core.package_identification:_identify(install) by extensions ['ignore', 'ignore_ament_install']
[2.662s] Level 1:colcon.colcon_core.package_identification:_identify(install) by extension 'ignore'
[2.662s] Level 1:colcon.colcon_core.package_identification:_identify(install) ignored
[2.663s] Level 1:colcon.colcon_core.package_identification:_identify(log) by extensions ['ignore', 'ignore_ament_install']
[2.663s] Level 1:colcon.colcon_core.package_identification:_identify(log) by extension 'ignore'
[2.663s] Level 1:colcon.colcon_core.package_identification:_identify(log) ignored
[2.663s] Level 1:colcon.colcon_core.package_identification:_identify(src) by extensions ['ignore', 'ignore_ament_install']
[2.663s] Level 1:colcon.colcon_core.package_identification:_identify(src) by extension 'ignore'
[2.663s] Level 1:colcon.colcon_core.package_identification:_identify(src) by extension 'ignore_ament_install'
[2.663s] Level 1:colcon.colcon_core.package_identification:_identify(src) by extensions ['colcon_pkg']
[2.663s] Level 1:colcon.colcon_core.package_identification:_identify(src) by extension 'colcon_pkg'
[2.664s] Level 1:colcon.colcon_core.package_identification:_identify(src) by extensions ['colcon_meta']
[2.664s] Level 1:colcon.colcon_core.package_identification:_identify(src) by extension 'colcon_meta'
[2.664s] Level 1:colcon.colcon_core.package_identification:_identify(src) by extensions ['ros']
[2.664s] Level 1:colcon.colcon_core.package_identification:_identify(src) by extension 'ros'
[2.664s] Level 1:colcon.colcon_core.package_identification:_identify(src) by extensions ['cmake', 'python']
[2.664s] Level 1:colcon.colcon_core.package_identification:_identify(src) by extension 'cmake'
[2.664s] Level 1:colcon.colcon_core.package_identification:_identify(src) by extension 'python'
[2.664s] Level 1:colcon.colcon_core.package_identification:_identify(src) by extensions ['python_setup_py']
[2.664s] Level 1:colcon.colcon_core.package_identification:_identify(src) by extension 'python_setup_py'
[2.665s] Level 1:colcon.colcon_core.package_identification:_identify(src/monicar) by extensions ['ignore', 'ignore_ament_install']
[2.665s] Level 1:colcon.colcon_core.package_identification:_identify(src/monicar) by extension 'ignore'
[2.665s] Level 1:colcon.colcon_core.package_identification:_identify(src/monicar) by extension 'ignore_ament_install'
[2.665s] Level 1:colcon.colcon_core.package_identification:_identify(src/monicar) by extensions ['colcon_pkg']
[2.665s] Level 1:colcon.colcon_core.package_identification:_identify(src/monicar) by extension 'colcon_pkg'
[2.665s] Level 1:colcon.colcon_core.package_identification:_identify(src/monicar) by extensions ['colcon_meta']
[2.665s] Level 1:colcon.colcon_core.package_identification:_identify(src/monicar) by extension 'colcon_meta'
[2.665s] Level 1:colcon.colcon_core.package_identification:_identify(src/monicar) by extensions ['ros']
[2.665s] Level 1:colcon.colcon_core.package_identification:_identify(src/monicar) by extension 'ros'
[2.666s] Level 1:colcon.colcon_core.package_identification:_identify(src/monicar) by extensions ['cmake', 'python']
[2.666s] Level 1:colcon.colcon_core.package_identification:_identify(src/monicar) by extension 'cmake'
[2.666s] Level 1:colcon.colcon_core.package_identification:_identify(src/monicar) by extension 'python'
[2.666s] Level 1:colcon.colcon_core.package_identification:_identify(src/monicar) by extensions ['python_setup_py']
[2.666s] Level 1:colcon.colcon_core.package_identification:_identify(src/monicar) by extension 'python_setup_py'
[2.666s] Level 1:colcon.colcon_core.package_identification:_identify(src/monicar/Doc) by extensions ['ignore', 'ignore_ament_install']
[2.666s] Level 1:colcon.colcon_core.package_identification:_identify(src/monicar/Doc) by extension 'ignore'
[2.666s] Level 1:colcon.colcon_core.package_identification:_identify(src/monicar/Doc) by extension 'ignore_ament_install'
[2.667s] Level 1:colcon.colcon_core.package_identification:_identify(src/monicar/Doc) by extensions ['colcon_pkg']
[2.667s] Level 1:colcon.colcon_core.package_identification:_identify(src/monicar/Doc) by extension 'colcon_pkg'
[2.667s] Level 1:colcon.colcon_core.package_identification:_identify(src/monicar/Doc) by extensions ['colcon_meta']
[2.667s] Level 1:colcon.colcon_core.package_identification:_identify(src/monicar/Doc) by extension 'colcon_meta'
[2.667s] Level 1:colcon.colcon_core.package_identification:_identify(src/monicar/Doc) by extensions ['ros']
[2.667s] Level 1:colcon.colcon_core.package_identification:_identify(src/monicar/Doc) by extension 'ros'
[2.667s] Level 1:colcon.colcon_core.package_identification:_identify(src/monicar/Doc) by extensions ['cmake', 'python']
[2.667s] Level 1:colcon.colcon_core.package_identification:_identify(src/monicar/Doc) by extension 'cmake'
[2.667s] Level 1:colcon.colcon_core.package_identification:_identify(src/monicar/Doc) by extension 'python'
[2.667s] Level 1:colcon.colcon_core.package_identification:_identify(src/monicar/Doc) by extensions ['python_setup_py']
[2.668s] Level 1:colcon.colcon_core.package_identification:_identify(src/monicar/Doc) by extension 'python_setup_py'
[2.668s] Level 1:colcon.colcon_core.package_identification:_identify(src/monicar/Images) by extensions ['ignore', 'ignore_ament_install']
[2.668s] Level 1:colcon.colcon_core.package_identification:_identify(src/monicar/Images) by extension 'ignore'
[2.668s] Level 1:colcon.colcon_core.package_identification:_identify(src/monicar/Images) by extension 'ignore_ament_install'
[2.668s] Level 1:colcon.colcon_core.package_identification:_identify(src/monicar/Images) by extensions ['colcon_pkg']
[2.668s] Level 1:colcon.colcon_core.package_identification:_identify(src/monicar/Images) by extension 'colcon_pkg'
[2.668s] Level 1:colcon.colcon_core.package_identification:_identify(src/monicar/Images) by extensions ['colcon_meta']
[2.668s] Level 1:colcon.colcon_core.package_identification:_identify(src/monicar/Images) by extension 'colcon_meta'
[2.669s] Level 1:colcon.colcon_core.package_identification:_identify(src/monicar/Images) by extensions ['ros']
[2.669s] Level 1:colcon.colcon_core.package_identification:_identify(src/monicar/Images) by extension 'ros'
[2.669s] Level 1:colcon.colcon_core.package_identification:_identify(src/monicar/Images) by extensions ['cmake', 'python']
[2.669s] Level 1:colcon.colcon_core.package_identification:_identify(src/monicar/Images) by extension 'cmake'
[2.669s] Level 1:colcon.colcon_core.package_identification:_identify(src/monicar/Images) by extension 'python'
[2.669s] Level 1:colcon.colcon_core.package_identification:_identify(src/monicar/Images) by extensions ['python_setup_py']
[2.669s] Level 1:colcon.colcon_core.package_identification:_identify(src/monicar/Images) by extension 'python_setup_py'
[2.669s] Level 1:colcon.colcon_core.package_identification:_identify(src/monicar/monicar_control) by extensions ['ignore', 'ignore_ament_install']
[2.669s] Level 1:colcon.colcon_core.package_identification:_identify(src/monicar/monicar_control) by extension 'ignore'
[2.670s] Level 1:colcon.colcon_core.package_identification:_identify(src/monicar/monicar_control) by extension 'ignore_ament_install'
[2.670s] Level 1:colcon.colcon_core.package_identification:_identify(src/monicar/monicar_control) by extensions ['colcon_pkg']
[2.670s] Level 1:colcon.colcon_core.package_identification:_identify(src/monicar/monicar_control) by extension 'colcon_pkg'
[2.670s] Level 1:colcon.colcon_core.package_identification:_identify(src/monicar/monicar_control) by extensions ['colcon_meta']
[2.670s] Level 1:colcon.colcon_core.package_identification:_identify(src/monicar/monicar_control) by extension 'colcon_meta'
[2.670s] Level 1:colcon.colcon_core.package_identification:_identify(src/monicar/monicar_control) by extensions ['ros']
[2.670s] Level 1:colcon.colcon_core.package_identification:_identify(src/monicar/monicar_control) by extension 'ros'
[2.816s] DEBUG:colcon.colcon_core.package_identification:Package 'src/monicar/monicar_control' with type 'ros.ament_python' and name 'monicar_control'
[2.816s] Level 1:colcon.colcon_core.package_identification:_identify(src/monicar/monicar_cv) by extensions ['ignore', 'ignore_ament_install']
[2.817s] Level 1:colcon.colcon_core.package_identification:_identify(src/monicar/monicar_cv) by extension 'ignore'
[2.817s] Level 1:colcon.colcon_core.package_identification:_identify(src/monicar/monicar_cv) by extension 'ignore_ament_install'
[2.817s] Level 1:colcon.colcon_core.package_identification:_identify(src/monicar/monicar_cv) by extensions ['colcon_pkg']
[2.817s] Level 1:colcon.colcon_core.package_identification:_identify(src/monicar/monicar_cv) by extension 'colcon_pkg'
[2.817s] Level 1:colcon.colcon_core.package_identification:_identify(src/monicar/monicar_cv) by extensions ['colcon_meta']
[2.817s] Level 1:colcon.colcon_core.package_identification:_identify(src/monicar/monicar_cv) by extension 'colcon_meta'
[2.817s] Level 1:colcon.colcon_core.package_identification:_identify(src/monicar/monicar_cv) by extensions ['ros']
[2.818s] Level 1:colcon.colcon_core.package_identification:_identify(src/monicar/monicar_cv) by extension 'ros'
[2.819s] DEBUG:colcon.colcon_core.package_identification:Package 'src/monicar/monicar_cv' with type 'ros.ament_python' and name 'monicar_cv'
[2.819s] Level 1:colcon.colcon_core.package_identification:_identify(src/monicar/monicar_teleop) by extensions ['ignore', 'ignore_ament_install']
[2.819s] Level 1:colcon.colcon_core.package_identification:_identify(src/monicar/monicar_teleop) by extension 'ignore'
[2.819s] Level 1:colcon.colcon_core.package_identification:_identify(src/monicar/monicar_teleop) by extension 'ignore_ament_install'
[2.819s] Level 1:colcon.colcon_core.package_identification:_identify(src/monicar/monicar_teleop) by extensions ['colcon_pkg']
[2.819s] Level 1:colcon.colcon_core.package_identification:_identify(src/monicar/monicar_teleop) by extension 'colcon_pkg'
[2.819s] Level 1:colcon.colcon_core.package_identification:_identify(src/monicar/monicar_teleop) by extensions ['colcon_meta']
[2.820s] Level 1:colcon.colcon_core.package_identification:_identify(src/monicar/monicar_teleop) by extension 'colcon_meta'
[2.820s] Level 1:colcon.colcon_core.package_identification:_identify(src/monicar/monicar_teleop) by extensions ['ros']
[2.820s] Level 1:colcon.colcon_core.package_identification:_identify(src/monicar/monicar_teleop) by extension 'ros'
[2.821s] DEBUG:colcon.colcon_core.package_identification:Package 'src/monicar/monicar_teleop' with type 'ros.ament_python' and name 'monicar_teleop'
[2.821s] Level 1:colcon.colcon_core.package_identification:_identify(src/monicar/script) by extensions ['ignore', 'ignore_ament_install']
[2.821s] Level 1:colcon.colcon_core.package_identification:_identify(src/monicar/script) by extension 'ignore'
[2.821s] Level 1:colcon.colcon_core.package_identification:_identify(src/monicar/script) by extension 'ignore_ament_install'
[2.821s] Level 1:colcon.colcon_core.package_identification:_identify(src/monicar/script) by extensions ['colcon_pkg']
[2.822s] Level 1:colcon.colcon_core.package_identification:_identify(src/monicar/script) by extension 'colcon_pkg'
[2.822s] Level 1:colcon.colcon_core.package_identification:_identify(src/monicar/script) by extensions ['colcon_meta']
[2.822s] Level 1:colcon.colcon_core.package_identification:_identify(src/monicar/script) by extension 'colcon_meta'
[2.822s] Level 1:colcon.colcon_core.package_identification:_identify(src/monicar/script) by extensions ['ros']
[2.822s] Level 1:colcon.colcon_core.package_identification:_identify(src/monicar/script) by extension 'ros'
[2.822s] Level 1:colcon.colcon_core.package_identification:_identify(src/monicar/script) by extensions ['cmake', 'python']
[2.822s] Level 1:colcon.colcon_core.package_identification:_identify(src/monicar/script) by extension 'cmake'
[2.822s] Level 1:colcon.colcon_core.package_identification:_identify(src/monicar/script) by extension 'python'
[2.822s] Level 1:colcon.colcon_core.package_identification:_identify(src/monicar/script) by extensions ['python_setup_py']
[2.822s] Level 1:colcon.colcon_core.package_identification:_identify(src/monicar/script) by extension 'python_setup_py'
[2.823s] Level 1:colcon.colcon_core.package_discovery:discover_packages(recursive) using defaults
[2.823s] Level 1:colcon.colcon_core.package_discovery:discover_packages(ignore) discover
[2.823s] Level 1:colcon.colcon_core.package_discovery:discover_packages(ignore) using defaults
[2.823s] Level 1:colcon.colcon_core.package_discovery:discover_packages(path) discover
[2.823s] Level 1:colcon.colcon_core.package_discovery:discover_packages(path) using defaults
[3.021s] Level 1:colcon.colcon_core.package_discovery:discover_packages(prefix_path) check parameters
[3.021s] Level 1:colcon.colcon_core.package_discovery:discover_packages(prefix_path) discover
[3.030s] DEBUG:colcon.colcon_installed_package_information.package_discovery:Found 268 installed packages in /opt/ros/galactic
[3.033s] Level 1:colcon.colcon_core.package_discovery:discover_packages(prefix_path) using defaults
[3.410s] Level 5:colcon.colcon_core.verb:set package 'monicar_control' build argument 'cmake_args' from command line to 'None'
[3.410s] Level 5:colcon.colcon_core.verb:set package 'monicar_control' build argument 'cmake_target' from command line to 'None'
[3.410s] Level 5:colcon.colcon_core.verb:set package 'monicar_control' build argument 'cmake_target_skip_unavailable' from command line to 'False'
[3.410s] Level 5:colcon.colcon_core.verb:set package 'monicar_control' build argument 'cmake_clean_cache' from command line to 'False'
[3.410s] Level 5:colcon.colcon_core.verb:set package 'monicar_control' build argument 'cmake_clean_first' from command line to 'False'
[3.410s] Level 5:colcon.colcon_core.verb:set package 'monicar_control' build argument 'cmake_force_configure' from command line to 'False'
[3.410s] Level 5:colcon.colcon_core.verb:set package 'monicar_control' build argument 'ament_cmake_args' from command line to 'None'
[3.410s] Level 5:colcon.colcon_core.verb:set package 'monicar_control' build argument 'catkin_cmake_args' from command line to 'None'
[3.411s] Level 5:colcon.colcon_core.verb:set package 'monicar_control' build argument 'catkin_skip_building_tests' from command line to 'False'
[3.411s] DEBUG:colcon.colcon_core.verb:Building package 'monicar_control' with the following arguments: {'ament_cmake_args': None, 'build_base': '/home/ssafy/ros2_ws/build/monicar_control', 'catkin_cmake_args': None, 'catkin_skip_building_tests': False, 'cmake_args': None, 'cmake_clean_cache': False, 'cmake_clean_first': False, 'cmake_force_configure': False, 'cmake_target': None, 'cmake_target_skip_unavailable': False, 'install_base': '/home/ssafy/ros2_ws/install/monicar_control', 'merge_install': False, 'path': '/home/ssafy/ros2_ws/src/monicar/monicar_control', 'symlink_install': True, 'test_result_base': None}
[3.411s] Level 5:colcon.colcon_core.verb:set package 'monicar_cv' build argument 'cmake_args' from command line to 'None'
[3.411s] Level 5:colcon.colcon_core.verb:set package 'monicar_cv' build argument 'cmake_target' from command line to 'None'
[3.412s] Level 5:colcon.colcon_core.verb:set package 'monicar_cv' build argument 'cmake_target_skip_unavailable' from command line to 'False'
[3.412s] Level 5:colcon.colcon_core.verb:set package 'monicar_cv' build argument 'cmake_clean_cache' from command line to 'False'
[3.412s] Level 5:colcon.colcon_core.verb:set package 'monicar_cv' build argument 'cmake_clean_first' from command line to 'False'
[3.412s] Level 5:colcon.colcon_core.verb:set package 'monicar_cv' build argument 'cmake_force_configure' from command line to 'False'
[3.412s] Level 5:colcon.colcon_core.verb:set package 'monicar_cv' build argument 'ament_cmake_args' from command line to 'None'
[3.412s] Level 5:colcon.colcon_core.verb:set package 'monicar_cv' build argument 'catkin_cmake_args' from command line to 'None'
[3.412s] Level 5:colcon.colcon_core.verb:set package 'monicar_cv' build argument 'catkin_skip_building_tests' from command line to 'False'
[3.412s] DEBUG:colcon.colcon_core.verb:Building package 'monicar_cv' with the following arguments: {'ament_cmake_args': None, 'build_base': '/home/ssafy/ros2_ws/build/monicar_cv', 'catkin_cmake_args': None, 'catkin_skip_building_tests': False, 'cmake_args': None, 'cmake_clean_cache': False, 'cmake_clean_first': False, 'cmake_force_configure': False, 'cmake_target': None, 'cmake_target_skip_unavailable': False, 'install_base': '/home/ssafy/ros2_ws/install/monicar_cv', 'merge_install': False, 'path': '/home/ssafy/ros2_ws/src/monicar/monicar_cv', 'symlink_install': True, 'test_result_base': None}
[3.413s] Level 5:colcon.colcon_core.verb:set package 'monicar_teleop' build argument 'cmake_args' from command line to 'None'
[3.413s] Level 5:colcon.colcon_core.verb:set package 'monicar_teleop' build argument 'cmake_target' from command line to 'None'
[3.413s] Level 5:colcon.colcon_core.verb:set package 'monicar_teleop' build argument 'cmake_target_skip_unavailable' from command line to 'False'
[3.413s] Level 5:colcon.colcon_core.verb:set package 'monicar_teleop' build argument 'cmake_clean_cache' from command line to 'False'
[3.413s] Level 5:colcon.colcon_core.verb:set package 'monicar_teleop' build argument 'cmake_clean_first' from command line to 'False'
[3.413s] Level 5:colcon.colcon_core.verb:set package 'monicar_teleop' build argument 'cmake_force_configure' from command line to 'False'
[3.413s] Level 5:colcon.colcon_core.verb:set package 'monicar_teleop' build argument 'ament_cmake_args' from command line to 'None'
[3.413s] Level 5:colcon.colcon_core.verb:set package 'monicar_teleop' build argument 'catkin_cmake_args' from command line to 'None'
[3.413s] Level 5:colcon.colcon_core.verb:set package 'monicar_teleop' build argument 'catkin_skip_building_tests' from command line to 'False'
[3.413s] DEBUG:colcon.colcon_core.verb:Building package 'monicar_teleop' with the following arguments: {'ament_cmake_args': None, 'build_base': '/home/ssafy/ros2_ws/build/monicar_teleop', 'catkin_cmake_args': None, 'catkin_skip_building_tests': False, 'cmake_args': None, 'cmake_clean_cache': False, 'cmake_clean_first': False, 'cmake_force_configure': False, 'cmake_target': None, 'cmake_target_skip_unavailable': False, 'install_base': '/home/ssafy/ros2_ws/install/monicar_teleop', 'merge_install': False, 'path': '/home/ssafy/ros2_ws/src/monicar/monicar_teleop', 'symlink_install': True, 'test_result_base': None}
[3.413s] INFO:colcon.colcon_core.executor:Executing jobs using 'parallel' executor
[3.417s] DEBUG:colcon.colcon_parallel_executor.executor.parallel:run_until_complete
[3.418s] INFO:colcon.colcon_ros.task.ament_python.build:Building ROS package in '/home/ssafy/ros2_ws/src/monicar/monicar_control' with build type 'ament_python'
[3.418s] Level 1:colcon.colcon_core.shell:create_environment_hook('monicar_control', 'ament_prefix_path')
[3.568s] INFO:colcon.colcon_core.plugin_system:Skipping extension 'colcon_core.shell.bat': Not used on non-Windows systems
[3.568s] INFO:colcon.colcon_core.shell:Creating environment hook '/home/ssafy/ros2_ws/install/monicar_control/share/monicar_control/hook/ament_prefix_path.ps1'
[3.571s] INFO:colcon.colcon_core.shell:Creating environment descriptor '/home/ssafy/ros2_ws/install/monicar_control/share/monicar_control/hook/ament_prefix_path.dsv'
[3.573s] INFO:colcon.colcon_core.shell:Creating environment hook '/home/ssafy/ros2_ws/install/monicar_control/share/monicar_control/hook/ament_prefix_path.sh'
[3.574s] INFO:colcon.colcon_core.shell:Skip shell extension 'powershell' for command environment: Not usable outside of PowerShell
[3.575s] DEBUG:colcon.colcon_core.shell:Skip shell extension 'dsv' for command environment
[3.584s] INFO:colcon.colcon_ros.task.ament_python.build:Building ROS package in '/home/ssafy/ros2_ws/src/monicar/monicar_cv' with build type 'ament_python'
[3.584s] Level 1:colcon.colcon_core.shell:create_environment_hook('monicar_cv', 'ament_prefix_path')
[3.585s] INFO:colcon.colcon_core.shell:Creating environment hook '/home/ssafy/ros2_ws/install/monicar_cv/share/monicar_cv/hook/ament_prefix_path.ps1'
[3.587s] INFO:colcon.colcon_core.shell:Creating environment descriptor '/home/ssafy/ros2_ws/install/monicar_cv/share/monicar_cv/hook/ament_prefix_path.dsv'
[3.588s] INFO:colcon.colcon_core.shell:Creating environment hook '/home/ssafy/ros2_ws/install/monicar_cv/share/monicar_cv/hook/ament_prefix_path.sh'
[3.589s] INFO:colcon.colcon_core.shell:Skip shell extension 'powershell' for command environment: Not usable outside of PowerShell
[3.589s] DEBUG:colcon.colcon_core.shell:Skip shell extension 'dsv' for command environment
[3.597s] INFO:colcon.colcon_ros.task.ament_python.build:Building ROS package in '/home/ssafy/ros2_ws/src/monicar/monicar_teleop' with build type 'ament_python'
[3.598s] Level 1:colcon.colcon_core.shell:create_environment_hook('monicar_teleop', 'ament_prefix_path')
[3.598s] INFO:colcon.colcon_core.shell:Creating environment hook '/home/ssafy/ros2_ws/install/monicar_teleop/share/monicar_teleop/hook/ament_prefix_path.ps1'
[3.600s] INFO:colcon.colcon_core.shell:Creating environment descriptor '/home/ssafy/ros2_ws/install/monicar_teleop/share/monicar_teleop/hook/ament_prefix_path.dsv'
[3.601s] INFO:colcon.colcon_core.shell:Creating environment hook '/home/ssafy/ros2_ws/install/monicar_teleop/share/monicar_teleop/hook/ament_prefix_path.sh'
[3.602s] INFO:colcon.colcon_core.shell:Skip shell extension 'powershell' for command environment: Not usable outside of PowerShell
[3.602s] DEBUG:colcon.colcon_core.shell:Skip shell extension 'dsv' for command environment
[4.361s] INFO:colcon.colcon_core.task.python.build:Building Python package in '/home/ssafy/ros2_ws/src/monicar/monicar_control'
[4.363s] INFO:colcon.colcon_core.shell:Skip shell extension 'powershell' for command environment: Not usable outside of PowerShell
[4.363s] DEBUG:colcon.colcon_core.shell:Skip shell extension 'dsv' for command environment
[4.886s] INFO:colcon.colcon_core.task.python.build:Building Python package in '/home/ssafy/ros2_ws/src/monicar/monicar_cv'
[4.888s] INFO:colcon.colcon_core.shell:Skip shell extension 'powershell' for command environment: Not usable outside of PowerShell
[4.888s] DEBUG:colcon.colcon_core.shell:Skip shell extension 'dsv' for command environment
[5.429s] INFO:colcon.colcon_core.task.python.build:Building Python package in '/home/ssafy/ros2_ws/src/monicar/monicar_teleop'
[5.430s] INFO:colcon.colcon_core.shell:Skip shell extension 'powershell' for command environment: Not usable outside of PowerShell
[5.430s] DEBUG:colcon.colcon_core.shell:Skip shell extension 'dsv' for command environment
[7.728s] DEBUG:colcon.colcon_core.event_handler.log_command:Invoking command in '/home/ssafy/ros2_ws/build/monicar_cv': PYTHONPATH=/home/ssafy/ros2_ws/build/monicar_cv/prefix_override:/usr/lib/python3/dist-packages/colcon_core/task/python/colcon_distutils_commands:/home/ssafy/ros2_ws/install/monicar_cv/lib/python3.8/site-packages:${PYTHONPATH} /usr/bin/python3 -W ignore:setup.py install is deprecated setup.py develop --editable --build-directory /home/ssafy/ros2_ws/build/monicar_cv/build --no-deps symlink_data
[8.033s] DEBUG:colcon.colcon_core.event_handler.log_command:Invoking command in '/home/ssafy/ros2_ws/build/monicar_control': PYTHONPATH=/home/ssafy/ros2_ws/build/monicar_control/prefix_override:/usr/lib/python3/dist-packages/colcon_core/task/python/colcon_distutils_commands:/home/ssafy/ros2_ws/install/monicar_control/lib/python3.8/site-packages:${PYTHONPATH} /usr/bin/python3 -W ignore:setup.py install is deprecated setup.py develop --editable --build-directory /home/ssafy/ros2_ws/build/monicar_control/build --no-deps symlink_data
[8.040s] DEBUG:colcon.colcon_core.event_handler.log_command:Invoking command in '/home/ssafy/ros2_ws/build/monicar_teleop': PYTHONPATH=/home/ssafy/ros2_ws/build/monicar_teleop/prefix_override:/usr/lib/python3/dist-packages/colcon_core/task/python/colcon_distutils_commands:/home/ssafy/ros2_ws/install/monicar_teleop/lib/python3.8/site-packages:${PYTHONPATH} /usr/bin/python3 -W ignore:setup.py install is deprecated setup.py develop --editable --build-directory /home/ssafy/ros2_ws/build/monicar_teleop/build --no-deps symlink_data
[9.524s] Level 1:colcon.colcon_core.shell:create_environment_hook('monicar_control', 'pythonpath_develop')
[9.527s] INFO:colcon.colcon_core.shell:Creating environment hook '/home/ssafy/ros2_ws/build/monicar_control/share/monicar_control/hook/pythonpath_develop.ps1'
[9.529s] DEBUG:colcon.colcon_core.event_handler.log_command:Invoked command in '/home/ssafy/ros2_ws/build/monicar_control' returned '0': PYTHONPATH=/home/ssafy/ros2_ws/build/monicar_control/prefix_override:/usr/lib/python3/dist-packages/colcon_core/task/python/colcon_distutils_commands:/home/ssafy/ros2_ws/install/monicar_control/lib/python3.8/site-packages:${PYTHONPATH} /usr/bin/python3 -W ignore:setup.py install is deprecated setup.py develop --editable --build-directory /home/ssafy/ros2_ws/build/monicar_control/build --no-deps symlink_data
[9.531s] INFO:colcon.colcon_core.shell:Creating environment descriptor '/home/ssafy/ros2_ws/build/monicar_control/share/monicar_control/hook/pythonpath_develop.dsv'
[9.532s] INFO:colcon.colcon_core.shell:Creating environment hook '/home/ssafy/ros2_ws/build/monicar_control/share/monicar_control/hook/pythonpath_develop.sh'
[9.689s] Level 1:colcon.colcon_core.environment:checking '/home/ssafy/ros2_ws/install/monicar_control' for CMake module files
[9.691s] Level 1:colcon.colcon_core.environment:checking '/home/ssafy/ros2_ws/install/monicar_control' for CMake config files
[9.693s] Level 1:colcon.colcon_core.environment:checking '/home/ssafy/ros2_ws/install/monicar_control/lib'
[9.693s] Level 1:colcon.colcon_core.environment:checking '/home/ssafy/ros2_ws/install/monicar_control/bin'
[9.693s] Level 1:colcon.colcon_core.environment:checking '/home/ssafy/ros2_ws/install/monicar_control/lib/pkgconfig/monicar_control.pc'
[9.694s] Level 1:colcon.colcon_core.environment:checking '/home/ssafy/ros2_ws/install/monicar_control/lib/python3.8/site-packages'
[9.694s] Level 1:colcon.colcon_core.shell:create_environment_hook('monicar_control', 'pythonpath')
[9.695s] INFO:colcon.colcon_core.shell:Creating environment hook '/home/ssafy/ros2_ws/install/monicar_control/share/monicar_control/hook/pythonpath.ps1'
[9.696s] INFO:colcon.colcon_core.shell:Creating environment descriptor '/home/ssafy/ros2_ws/install/monicar_control/share/monicar_control/hook/pythonpath.dsv'
[9.696s] INFO:colcon.colcon_core.shell:Creating environment hook '/home/ssafy/ros2_ws/install/monicar_control/share/monicar_control/hook/pythonpath.sh'
[9.697s] Level 1:colcon.colcon_core.environment:checking '/home/ssafy/ros2_ws/install/monicar_control/bin'
[9.698s] Level 1:colcon.colcon_core.environment:create_environment_scripts_only(monicar_control)
[9.698s] INFO:colcon.colcon_core.shell:Creating package script '/home/ssafy/ros2_ws/install/monicar_control/share/monicar_control/package.ps1'
[9.703s] INFO:colcon.colcon_core.shell:Creating package descriptor '/home/ssafy/ros2_ws/install/monicar_control/share/monicar_control/package.dsv'
[9.705s] INFO:colcon.colcon_core.shell:Creating package script '/home/ssafy/ros2_ws/install/monicar_control/share/monicar_control/package.sh'
[9.706s] INFO:colcon.colcon_core.shell:Creating package script '/home/ssafy/ros2_ws/install/monicar_control/share/monicar_control/package.bash'
[9.709s] INFO:colcon.colcon_core.shell:Creating package script '/home/ssafy/ros2_ws/install/monicar_control/share/monicar_control/package.zsh'
[9.711s] Level 1:colcon.colcon_core.environment:create_file_with_runtime_dependencies(/home/ssafy/ros2_ws/install/monicar_control/share/colcon-core/packages/monicar_control)
[9.715s] Level 1:colcon.colcon_core.shell:create_environment_hook('monicar_teleop', 'pythonpath_develop')
[9.716s] INFO:colcon.colcon_core.shell:Creating environment hook '/home/ssafy/ros2_ws/build/monicar_teleop/share/monicar_teleop/hook/pythonpath_develop.ps1'
[9.717s] DEBUG:colcon.colcon_core.event_handler.log_command:Invoked command in '/home/ssafy/ros2_ws/build/monicar_teleop' returned '0': PYTHONPATH=/home/ssafy/ros2_ws/build/monicar_teleop/prefix_override:/usr/lib/python3/dist-packages/colcon_core/task/python/colcon_distutils_commands:/home/ssafy/ros2_ws/install/monicar_teleop/lib/python3.8/site-packages:${PYTHONPATH} /usr/bin/python3 -W ignore:setup.py install is deprecated setup.py develop --editable --build-directory /home/ssafy/ros2_ws/build/monicar_teleop/build --no-deps symlink_data
[9.718s] INFO:colcon.colcon_core.shell:Creating environment descriptor '/home/ssafy/ros2_ws/build/monicar_teleop/share/monicar_teleop/hook/pythonpath_develop.dsv'
[9.719s] INFO:colcon.colcon_core.shell:Creating environment hook '/home/ssafy/ros2_ws/build/monicar_teleop/share/monicar_teleop/hook/pythonpath_develop.sh'
[9.720s] Level 1:colcon.colcon_core.environment:checking '/home/ssafy/ros2_ws/install/monicar_teleop' for CMake module files
[9.721s] Level 1:colcon.colcon_core.environment:checking '/home/ssafy/ros2_ws/install/monicar_teleop' for CMake config files
[9.723s] Level 1:colcon.colcon_core.environment:checking '/home/ssafy/ros2_ws/install/monicar_teleop/lib'
[9.723s] Level 1:colcon.colcon_core.environment:checking '/home/ssafy/ros2_ws/install/monicar_teleop/bin'
[9.723s] Level 1:colcon.colcon_core.environment:checking '/home/ssafy/ros2_ws/install/monicar_teleop/lib/pkgconfig/monicar_teleop.pc'
[9.724s] Level 1:colcon.colcon_core.environment:checking '/home/ssafy/ros2_ws/install/monicar_teleop/lib/python3.8/site-packages'
[9.724s] Level 1:colcon.colcon_core.shell:create_environment_hook('monicar_teleop', 'pythonpath')
[9.724s] INFO:colcon.colcon_core.shell:Creating environment hook '/home/ssafy/ros2_ws/install/monicar_teleop/share/monicar_teleop/hook/pythonpath.ps1'
[9.725s] INFO:colcon.colcon_core.shell:Creating environment descriptor '/home/ssafy/ros2_ws/install/monicar_teleop/share/monicar_teleop/hook/pythonpath.dsv'
[9.726s] INFO:colcon.colcon_core.shell:Creating environment hook '/home/ssafy/ros2_ws/install/monicar_teleop/share/monicar_teleop/hook/pythonpath.sh'
[9.727s] Level 1:colcon.colcon_core.environment:checking '/home/ssafy/ros2_ws/install/monicar_teleop/bin'
[9.727s] Level 1:colcon.colcon_core.environment:create_environment_scripts_only(monicar_teleop)
[9.727s] INFO:colcon.colcon_core.shell:Creating package script '/home/ssafy/ros2_ws/install/monicar_teleop/share/monicar_teleop/package.ps1'
[9.729s] INFO:colcon.colcon_core.shell:Creating package descriptor '/home/ssafy/ros2_ws/install/monicar_teleop/share/monicar_teleop/package.dsv'
[9.729s] INFO:colcon.colcon_core.shell:Creating package script '/home/ssafy/ros2_ws/install/monicar_teleop/share/monicar_teleop/package.sh'
[9.730s] INFO:colcon.colcon_core.shell:Creating package script '/home/ssafy/ros2_ws/install/monicar_teleop/share/monicar_teleop/package.bash'
[9.731s] INFO:colcon.colcon_core.shell:Creating package script '/home/ssafy/ros2_ws/install/monicar_teleop/share/monicar_teleop/package.zsh'
[9.731s] Level 1:colcon.colcon_core.environment:create_file_with_runtime_dependencies(/home/ssafy/ros2_ws/install/monicar_teleop/share/colcon-core/packages/monicar_teleop)
[9.732s] Level 1:colcon.colcon_core.shell:create_environment_hook('monicar_cv', 'pythonpath_develop')
[9.733s] INFO:colcon.colcon_core.shell:Creating environment hook '/home/ssafy/ros2_ws/build/monicar_cv/share/monicar_cv/hook/pythonpath_develop.ps1'
[9.875s] INFO:colcon.colcon_core.shell:Creating environment descriptor '/home/ssafy/ros2_ws/build/monicar_cv/share/monicar_cv/hook/pythonpath_develop.dsv'
[9.876s] DEBUG:colcon.colcon_core.event_handler.log_command:Invoked command in '/home/ssafy/ros2_ws/build/monicar_cv' returned '0': PYTHONPATH=/home/ssafy/ros2_ws/build/monicar_cv/prefix_override:/usr/lib/python3/dist-packages/colcon_core/task/python/colcon_distutils_commands:/home/ssafy/ros2_ws/install/monicar_cv/lib/python3.8/site-packages:${PYTHONPATH} /usr/bin/python3 -W ignore:setup.py install is deprecated setup.py develop --editable --build-directory /home/ssafy/ros2_ws/build/monicar_cv/build --no-deps symlink_data
[9.876s] INFO:colcon.colcon_core.shell:Creating environment hook '/home/ssafy/ros2_ws/build/monicar_cv/share/monicar_cv/hook/pythonpath_develop.sh'
[9.877s] Level 1:colcon.colcon_core.environment:checking '/home/ssafy/ros2_ws/install/monicar_cv' for CMake module files
[9.878s] Level 1:colcon.colcon_core.environment:checking '/home/ssafy/ros2_ws/install/monicar_cv' for CMake config files
[9.880s] Level 1:colcon.colcon_core.environment:checking '/home/ssafy/ros2_ws/install/monicar_cv/lib'
[9.880s] Level 1:colcon.colcon_core.environment:checking '/home/ssafy/ros2_ws/install/monicar_cv/bin'
[9.880s] Level 1:colcon.colcon_core.environment:checking '/home/ssafy/ros2_ws/install/monicar_cv/lib/pkgconfig/monicar_cv.pc'
[9.880s] Level 1:colcon.colcon_core.environment:checking '/home/ssafy/ros2_ws/install/monicar_cv/lib/python3.8/site-packages'
[9.880s] Level 1:colcon.colcon_core.shell:create_environment_hook('monicar_cv', 'pythonpath')
[9.881s] INFO:colcon.colcon_core.shell:Creating environment hook '/home/ssafy/ros2_ws/install/monicar_cv/share/monicar_cv/hook/pythonpath.ps1'
[9.882s] INFO:colcon.colcon_core.shell:Creating environment descriptor '/home/ssafy/ros2_ws/install/monicar_cv/share/monicar_cv/hook/pythonpath.dsv'
[9.882s] INFO:colcon.colcon_core.shell:Creating environment hook '/home/ssafy/ros2_ws/install/monicar_cv/share/monicar_cv/hook/pythonpath.sh'
[9.883s] Level 1:colcon.colcon_core.environment:checking '/home/ssafy/ros2_ws/install/monicar_cv/bin'
[9.883s] Level 1:colcon.colcon_core.environment:create_environment_scripts_only(monicar_cv)
[9.884s] INFO:colcon.colcon_core.shell:Creating package script '/home/ssafy/ros2_ws/install/monicar_cv/share/monicar_cv/package.ps1'
[9.885s] INFO:colcon.colcon_core.shell:Creating package descriptor '/home/ssafy/ros2_ws/install/monicar_cv/share/monicar_cv/package.dsv'
[9.886s] INFO:colcon.colcon_core.shell:Creating package script '/home/ssafy/ros2_ws/install/monicar_cv/share/monicar_cv/package.sh'
[9.886s] INFO:colcon.colcon_core.shell:Creating package script '/home/ssafy/ros2_ws/install/monicar_cv/share/monicar_cv/package.bash'
[9.887s] INFO:colcon.colcon_core.shell:Creating package script '/home/ssafy/ros2_ws/install/monicar_cv/share/monicar_cv/package.zsh'
[9.888s] Level 1:colcon.colcon_core.environment:create_file_with_runtime_dependencies(/home/ssafy/ros2_ws/install/monicar_cv/share/colcon-core/packages/monicar_cv)
[9.888s] DEBUG:colcon.colcon_parallel_executor.executor.parallel:closing loop
[9.889s] DEBUG:colcon.colcon_parallel_executor.executor.parallel:loop closed
[9.889s] DEBUG:colcon.colcon_parallel_executor.executor.parallel:run_until_complete finished with '0'
[9.890s] DEBUG:colcon.colcon_core.event_reactor:joining thread
[10.047s] INFO:colcon.colcon_core.plugin_system:Skipping extension 'colcon_notification.desktop_notification.terminal_notifier': Not used on non-Darwin systems
[10.048s] INFO:colcon.colcon_core.plugin_system:Skipping extension 'colcon_notification.desktop_notification.win32': Not used on non-Windows systems
[10.048s] INFO:colcon.colcon_notification.desktop_notification:Sending desktop notification using 'notify2'
[10.114s] DEBUG:colcon.colcon_core.event_reactor:joined thread
[10.115s] INFO:colcon.colcon_core.shell:Creating prefix script '/home/ssafy/ros2_ws/install/local_setup.ps1'
[10.235s] INFO:colcon.colcon_core.shell:Creating prefix util module '/home/ssafy/ros2_ws/install/_local_setup_util_ps1.py'
[10.239s] INFO:colcon.colcon_core.shell:Creating prefix chain script '/home/ssafy/ros2_ws/install/setup.ps1'
[10.242s] INFO:colcon.colcon_core.shell:Creating prefix script '/home/ssafy/ros2_ws/install/local_setup.sh'
[10.244s] INFO:colcon.colcon_core.shell:Creating prefix util module '/home/ssafy/ros2_ws/install/_local_setup_util_sh.py'
[10.245s] INFO:colcon.colcon_core.shell:Creating prefix chain script '/home/ssafy/ros2_ws/install/setup.sh'
[10.247s] INFO:colcon.colcon_core.shell:Creating prefix script '/home/ssafy/ros2_ws/install/local_setup.bash'
[10.249s] INFO:colcon.colcon_core.shell:Creating prefix chain script '/home/ssafy/ros2_ws/install/setup.bash'
[10.251s] INFO:colcon.colcon_core.shell:Creating prefix script '/home/ssafy/ros2_ws/install/local_setup.zsh'
[10.252s] INFO:colcon.colcon_core.shell:Creating prefix chain script '/home/ssafy/ros2_ws/install/setup.zsh'
