[1.856s] DEBUG:colcon:Command line arguments: ['/usr/bin/colcon', 'build', '--symlink-install']
[1.856s] DEBUG:colcon:Parsed command line arguments: Namespace(allow_overriding=[], ament_cmake_args=None, base_paths=['.'], build_base='build', catkin_cmake_args=None, catkin_skip_building_tests=False, cmake_args=None, cmake_clean_cache=False, cmake_clean_first=False, cmake_force_configure=False, cmake_target=None, cmake_target_skip_unavailable=False, continue_on_error=False, event_handlers=None, executor='parallel', ignore_user_meta=False, install_base='install', log_base=None, log_level=None, main=<bound method BuildVerb.main of <colcon_core.verb.build.BuildVerb object at 0xffff922d3ee0>>, merge_install=False, metas=['./colcon.meta'], mixin=None, mixin_files=None, mixin_verb=('build',), packages_above=None, packages_above_and_dependencies=None, packages_above_depth=None, packages_end=None, packages_ignore=None, packages_ignore_regex=None, packages_select=None, packages_select_build_failed=False, packages_select_by_dep=None, packages_select_regex=None, packages_select_test_failures=False, packages_skip=None, packages_skip_build_finished=False, packages_skip_by_dep=None, packages_skip_regex=None, packages_skip_test_passed=False, packages_skip_up_to=None, packages_start=None, packages_up_to=None, packages_up_to_regex=None, parallel_workers=6, paths=None, symlink_install=True, test_result_base=None, verb_extension=<colcon_core.verb.build.BuildVerb object at 0xffff922d3ee0>, verb_name='build', verb_parser=<colcon_mixin.mixin.mixin_argument.MixinArgumentDecorator object at 0xffff922de760>)
[2.539s] Level 1:colcon.colcon_core.package_discovery:discover_packages(colcon_meta) check parameters
[2.540s] Level 1:colcon.colcon_core.package_discovery:discover_packages(recursive) check parameters
[2.540s] Level 1:colcon.colcon_core.package_discovery:discover_packages(ignore) check parameters
[2.540s] Level 1:colcon.colcon_core.package_discovery:discover_packages(path) check parameters
[2.540s] Level 1:colcon.colcon_core.package_discovery:discover_packages(colcon_meta) discover
[2.540s] Level 1:colcon.colcon_core.package_discovery:discover_packages(recursive) discover
[2.540s] INFO:colcon.colcon_core.package_discovery:Crawling recursively for packages in '/home/ssafy/ros2_ws'
[2.541s] Level 1:colcon.colcon_core.package_identification:_identify(.) by extensions ['ignore', 'ignore_ament_install']
[2.541s] Level 1:colcon.colcon_core.package_identification:_identify(.) by extension 'ignore'
[2.541s] Level 1:colcon.colcon_core.package_identification:_identify(.) by extension 'ignore_ament_install'
[2.541s] Level 1:colcon.colcon_core.package_identification:_identify(.) by extensions ['colcon_pkg']
[2.541s] Level 1:colcon.colcon_core.package_identification:_identify(.) by extension 'colcon_pkg'
[2.541s] Level 1:colcon.colcon_core.package_identification:_identify(.) by extensions ['colcon_meta']
[2.541s] Level 1:colcon.colcon_core.package_identification:_identify(.) by extension 'colcon_meta'
[2.542s] Level 1:colcon.colcon_core.package_identification:_identify(.) by extensions ['ros']
[2.542s] Level 1:colcon.colcon_core.package_identification:_identify(.) by extension 'ros'
[2.573s] Level 1:colcon.colcon_core.package_identification:_identify(.) by extensions ['cmake', 'python']
[2.573s] Level 1:colcon.colcon_core.package_identification:_identify(.) by extension 'cmake'
[2.573s] Level 1:colcon.colcon_core.package_identification:_identify(.) by extension 'python'
[2.573s] Level 1:colcon.colcon_core.package_identification:_identify(.) by extensions ['python_setup_py']
[2.573s] Level 1:colcon.colcon_core.package_identification:_identify(.) by extension 'python_setup_py'
[2.574s] Level 1:colcon.colcon_core.package_identification:_identify(build) by extensions ['ignore', 'ignore_ament_install']
[2.574s] Level 1:colcon.colcon_core.package_identification:_identify(build) by extension 'ignore'
[2.574s] Level 1:colcon.colcon_core.package_identification:_identify(build) ignored
[2.575s] Level 1:colcon.colcon_core.package_identification:_identify(install) by extensions ['ignore', 'ignore_ament_install']
[2.575s] Level 1:colcon.colcon_core.package_identification:_identify(install) by extension 'ignore'
[2.575s] Level 1:colcon.colcon_core.package_identification:_identify(install) ignored
[2.575s] Level 1:colcon.colcon_core.package_identification:_identify(log) by extensions ['ignore', 'ignore_ament_install']
[2.575s] Level 1:colcon.colcon_core.package_identification:_identify(log) by extension 'ignore'
[2.575s] Level 1:colcon.colcon_core.package_identification:_identify(log) ignored
[2.576s] Level 1:colcon.colcon_core.package_identification:_identify(src) by extensions ['ignore', 'ignore_ament_install']
[2.576s] Level 1:colcon.colcon_core.package_identification:_identify(src) by extension 'ignore'
[2.576s] Level 1:colcon.colcon_core.package_identification:_identify(src) by extension 'ignore_ament_install'
[2.576s] Level 1:colcon.colcon_core.package_identification:_identify(src) by extensions ['colcon_pkg']
[2.576s] Level 1:colcon.colcon_core.package_identification:_identify(src) by extension 'colcon_pkg'
[2.576s] Level 1:colcon.colcon_core.package_identification:_identify(src) by extensions ['colcon_meta']
[2.576s] Level 1:colcon.colcon_core.package_identification:_identify(src) by extension 'colcon_meta'
[2.576s] Level 1:colcon.colcon_core.package_identification:_identify(src) by extensions ['ros']
[2.576s] Level 1:colcon.colcon_core.package_identification:_identify(src) by extension 'ros'
[2.577s] Level 1:colcon.colcon_core.package_identification:_identify(src) by extensions ['cmake', 'python']
[2.577s] Level 1:colcon.colcon_core.package_identification:_identify(src) by extension 'cmake'
[2.577s] Level 1:colcon.colcon_core.package_identification:_identify(src) by extension 'python'
[2.577s] Level 1:colcon.colcon_core.package_identification:_identify(src) by extensions ['python_setup_py']
[2.577s] Level 1:colcon.colcon_core.package_identification:_identify(src) by extension 'python_setup_py'
[2.577s] Level 1:colcon.colcon_core.package_identification:_identify(src/monicar) by extensions ['ignore', 'ignore_ament_install']
[2.577s] Level 1:colcon.colcon_core.package_identification:_identify(src/monicar) by extension 'ignore'
[2.577s] Level 1:colcon.colcon_core.package_identification:_identify(src/monicar) by extension 'ignore_ament_install'
[2.578s] Level 1:colcon.colcon_core.package_identification:_identify(src/monicar) by extensions ['colcon_pkg']
[2.578s] Level 1:colcon.colcon_core.package_identification:_identify(src/monicar) by extension 'colcon_pkg'
[2.578s] Level 1:colcon.colcon_core.package_identification:_identify(src/monicar) by extensions ['colcon_meta']
[2.578s] Level 1:colcon.colcon_core.package_identification:_identify(src/monicar) by extension 'colcon_meta'
[2.578s] Level 1:colcon.colcon_core.package_identification:_identify(src/monicar) by extensions ['ros']
[2.578s] Level 1:colcon.colcon_core.package_identification:_identify(src/monicar) by extension 'ros'
[2.578s] Level 1:colcon.colcon_core.package_identification:_identify(src/monicar) by extensions ['cmake', 'python']
[2.578s] Level 1:colcon.colcon_core.package_identification:_identify(src/monicar) by extension 'cmake'
[2.578s] Level 1:colcon.colcon_core.package_identification:_identify(src/monicar) by extension 'python'
[2.578s] Level 1:colcon.colcon_core.package_identification:_identify(src/monicar) by extensions ['python_setup_py']
[2.578s] Level 1:colcon.colcon_core.package_identification:_identify(src/monicar) by extension 'python_setup_py'
[2.717s] Level 1:colcon.colcon_core.package_identification:_identify(src/monicar/Doc) by extensions ['ignore', 'ignore_ament_install']
[2.717s] Level 1:colcon.colcon_core.package_identification:_identify(src/monicar/Doc) by extension 'ignore'
[2.717s] Level 1:colcon.colcon_core.package_identification:_identify(src/monicar/Doc) by extension 'ignore_ament_install'
[2.717s] Level 1:colcon.colcon_core.package_identification:_identify(src/monicar/Doc) by extensions ['colcon_pkg']
[2.718s] Level 1:colcon.colcon_core.package_identification:_identify(src/monicar/Doc) by extension 'colcon_pkg'
[2.718s] Level 1:colcon.colcon_core.package_identification:_identify(src/monicar/Doc) by extensions ['colcon_meta']
[2.718s] Level 1:colcon.colcon_core.package_identification:_identify(src/monicar/Doc) by extension 'colcon_meta'
[2.718s] Level 1:colcon.colcon_core.package_identification:_identify(src/monicar/Doc) by extensions ['ros']
[2.718s] Level 1:colcon.colcon_core.package_identification:_identify(src/monicar/Doc) by extension 'ros'
[2.718s] Level 1:colcon.colcon_core.package_identification:_identify(src/monicar/Doc) by extensions ['cmake', 'python']
[2.718s] Level 1:colcon.colcon_core.package_identification:_identify(src/monicar/Doc) by extension 'cmake'
[2.718s] Level 1:colcon.colcon_core.package_identification:_identify(src/monicar/Doc) by extension 'python'
[2.718s] Level 1:colcon.colcon_core.package_identification:_identify(src/monicar/Doc) by extensions ['python_setup_py']
[2.718s] Level 1:colcon.colcon_core.package_identification:_identify(src/monicar/Doc) by extension 'python_setup_py'
[2.719s] Level 1:colcon.colcon_core.package_identification:_identify(src/monicar/Images) by extensions ['ignore', 'ignore_ament_install']
[2.719s] Level 1:colcon.colcon_core.package_identification:_identify(src/monicar/Images) by extension 'ignore'
[2.719s] Level 1:colcon.colcon_core.package_identification:_identify(src/monicar/Images) by extension 'ignore_ament_install'
[2.719s] Level 1:colcon.colcon_core.package_identification:_identify(src/monicar/Images) by extensions ['colcon_pkg']
[2.720s] Level 1:colcon.colcon_core.package_identification:_identify(src/monicar/Images) by extension 'colcon_pkg'
[2.720s] Level 1:colcon.colcon_core.package_identification:_identify(src/monicar/Images) by extensions ['colcon_meta']
[2.720s] Level 1:colcon.colcon_core.package_identification:_identify(src/monicar/Images) by extension 'colcon_meta'
[2.720s] Level 1:colcon.colcon_core.package_identification:_identify(src/monicar/Images) by extensions ['ros']
[2.720s] Level 1:colcon.colcon_core.package_identification:_identify(src/monicar/Images) by extension 'ros'
[2.720s] Level 1:colcon.colcon_core.package_identification:_identify(src/monicar/Images) by extensions ['cmake', 'python']
[2.720s] Level 1:colcon.colcon_core.package_identification:_identify(src/monicar/Images) by extension 'cmake'
[2.720s] Level 1:colcon.colcon_core.package_identification:_identify(src/monicar/Images) by extension 'python'
[2.720s] Level 1:colcon.colcon_core.package_identification:_identify(src/monicar/Images) by extensions ['python_setup_py']
[2.720s] Level 1:colcon.colcon_core.package_identification:_identify(src/monicar/Images) by extension 'python_setup_py'
[2.721s] Level 1:colcon.colcon_core.package_identification:_identify(src/monicar/monicar_control) by extensions ['ignore', 'ignore_ament_install']
[2.721s] Level 1:colcon.colcon_core.package_identification:_identify(src/monicar/monicar_control) by extension 'ignore'
[2.721s] Level 1:colcon.colcon_core.package_identification:_identify(src/monicar/monicar_control) by extension 'ignore_ament_install'
[2.721s] Level 1:colcon.colcon_core.package_identification:_identify(src/monicar/monicar_control) by extensions ['colcon_pkg']
[2.721s] Level 1:colcon.colcon_core.package_identification:_identify(src/monicar/monicar_control) by extension 'colcon_pkg'
[2.721s] Level 1:colcon.colcon_core.package_identification:_identify(src/monicar/monicar_control) by extensions ['colcon_meta']
[2.721s] Level 1:colcon.colcon_core.package_identification:_identify(src/monicar/monicar_control) by extension 'colcon_meta'
[2.721s] Level 1:colcon.colcon_core.package_identification:_identify(src/monicar/monicar_control) by extensions ['ros']
[2.721s] Level 1:colcon.colcon_core.package_identification:_identify(src/monicar/monicar_control) by extension 'ros'
[2.729s] DEBUG:colcon.colcon_core.package_identification:Package 'src/monicar/monicar_control' with type 'ros.ament_python' and name 'monicar_control'
[2.730s] Level 1:colcon.colcon_core.package_identification:_identify(src/monicar/monicar_cv) by extensions ['ignore', 'ignore_ament_install']
[2.730s] Level 1:colcon.colcon_core.package_identification:_identify(src/monicar/monicar_cv) by extension 'ignore'
[2.730s] Level 1:colcon.colcon_core.package_identification:_identify(src/monicar/monicar_cv) by extension 'ignore_ament_install'
[2.730s] Level 1:colcon.colcon_core.package_identification:_identify(src/monicar/monicar_cv) by extensions ['colcon_pkg']
[2.730s] Level 1:colcon.colcon_core.package_identification:_identify(src/monicar/monicar_cv) by extension 'colcon_pkg'
[2.730s] Level 1:colcon.colcon_core.package_identification:_identify(src/monicar/monicar_cv) by extensions ['colcon_meta']
[2.730s] Level 1:colcon.colcon_core.package_identification:_identify(src/monicar/monicar_cv) by extension 'colcon_meta'
[2.731s] Level 1:colcon.colcon_core.package_identification:_identify(src/monicar/monicar_cv) by extensions ['ros']
[2.731s] Level 1:colcon.colcon_core.package_identification:_identify(src/monicar/monicar_cv) by extension 'ros'
[2.732s] DEBUG:colcon.colcon_core.package_identification:Package 'src/monicar/monicar_cv' with type 'ros.ament_python' and name 'monicar_cv'
[2.733s] Level 1:colcon.colcon_core.package_identification:_identify(src/monicar/monicar_teleop) by extensions ['ignore', 'ignore_ament_install']
[2.733s] Level 1:colcon.colcon_core.package_identification:_identify(src/monicar/monicar_teleop) by extension 'ignore'
[2.733s] Level 1:colcon.colcon_core.package_identification:_identify(src/monicar/monicar_teleop) by extension 'ignore_ament_install'
[2.733s] Level 1:colcon.colcon_core.package_identification:_identify(src/monicar/monicar_teleop) by extensions ['colcon_pkg']
[2.733s] Level 1:colcon.colcon_core.package_identification:_identify(src/monicar/monicar_teleop) by extension 'colcon_pkg'
[2.733s] Level 1:colcon.colcon_core.package_identification:_identify(src/monicar/monicar_teleop) by extensions ['colcon_meta']
[2.733s] Level 1:colcon.colcon_core.package_identification:_identify(src/monicar/monicar_teleop) by extension 'colcon_meta'
[2.733s] Level 1:colcon.colcon_core.package_identification:_identify(src/monicar/monicar_teleop) by extensions ['ros']
[2.733s] Level 1:colcon.colcon_core.package_identification:_identify(src/monicar/monicar_teleop) by extension 'ros'
[2.735s] DEBUG:colcon.colcon_core.package_identification:Package 'src/monicar/monicar_teleop' with type 'ros.ament_python' and name 'monicar_teleop'
[2.735s] Level 1:colcon.colcon_core.package_identification:_identify(src/monicar/script) by extensions ['ignore', 'ignore_ament_install']
[2.736s] Level 1:colcon.colcon_core.package_identification:_identify(src/monicar/script) by extension 'ignore'
[2.736s] Level 1:colcon.colcon_core.package_identification:_identify(src/monicar/script) by extension 'ignore_ament_install'
[2.736s] Level 1:colcon.colcon_core.package_identification:_identify(src/monicar/script) by extensions ['colcon_pkg']
[2.736s] Level 1:colcon.colcon_core.package_identification:_identify(src/monicar/script) by extension 'colcon_pkg'
[2.736s] Level 1:colcon.colcon_core.package_identification:_identify(src/monicar/script) by extensions ['colcon_meta']
[2.736s] Level 1:colcon.colcon_core.package_identification:_identify(src/monicar/script) by extension 'colcon_meta'
[2.736s] Level 1:colcon.colcon_core.package_identification:_identify(src/monicar/script) by extensions ['ros']
[2.736s] Level 1:colcon.colcon_core.package_identification:_identify(src/monicar/script) by extension 'ros'
[2.737s] Level 1:colcon.colcon_core.package_identification:_identify(src/monicar/script) by extensions ['cmake', 'python']
[2.737s] Level 1:colcon.colcon_core.package_identification:_identify(src/monicar/script) by extension 'cmake'
[2.737s] Level 1:colcon.colcon_core.package_identification:_identify(src/monicar/script) by extension 'python'
[2.737s] Level 1:colcon.colcon_core.package_identification:_identify(src/monicar/script) by extensions ['python_setup_py']
[2.737s] Level 1:colcon.colcon_core.package_identification:_identify(src/monicar/script) by extension 'python_setup_py'
[2.737s] Level 1:colcon.colcon_core.package_discovery:discover_packages(recursive) using defaults
[2.737s] Level 1:colcon.colcon_core.package_discovery:discover_packages(ignore) discover
[2.737s] Level 1:colcon.colcon_core.package_discovery:discover_packages(ignore) using defaults
[2.737s] Level 1:colcon.colcon_core.package_discovery:discover_packages(path) discover
[2.737s] Level 1:colcon.colcon_core.package_discovery:discover_packages(path) using defaults
[2.797s] Level 1:colcon.colcon_core.package_discovery:discover_packages(prefix_path) check parameters
[2.798s] Level 1:colcon.colcon_core.package_discovery:discover_packages(prefix_path) discover
[2.805s] DEBUG:colcon.colcon_installed_package_information.package_discovery:Found 3 installed packages in /home/ssafy/ros2_ws/install
[2.807s] DEBUG:colcon.colcon_installed_package_information.package_discovery:Found 269 installed packages in /opt/ros/galactic
[2.810s] Level 1:colcon.colcon_core.package_discovery:discover_packages(prefix_path) using defaults
[3.165s] Level 5:colcon.colcon_core.verb:set package 'monicar_control' build argument 'cmake_args' from command line to 'None'
[3.166s] Level 5:colcon.colcon_core.verb:set package 'monicar_control' build argument 'cmake_target' from command line to 'None'
[3.166s] Level 5:colcon.colcon_core.verb:set package 'monicar_control' build argument 'cmake_target_skip_unavailable' from command line to 'False'
[3.166s] Level 5:colcon.colcon_core.verb:set package 'monicar_control' build argument 'cmake_clean_cache' from command line to 'False'
[3.166s] Level 5:colcon.colcon_core.verb:set package 'monicar_control' build argument 'cmake_clean_first' from command line to 'False'
[3.166s] Level 5:colcon.colcon_core.verb:set package 'monicar_control' build argument 'cmake_force_configure' from command line to 'False'
[3.166s] Level 5:colcon.colcon_core.verb:set package 'monicar_control' build argument 'ament_cmake_args' from command line to 'None'
[3.166s] Level 5:colcon.colcon_core.verb:set package 'monicar_control' build argument 'catkin_cmake_args' from command line to 'None'
[3.166s] Level 5:colcon.colcon_core.verb:set package 'monicar_control' build argument 'catkin_skip_building_tests' from command line to 'False'
[3.166s] DEBUG:colcon.colcon_core.verb:Building package 'monicar_control' with the following arguments: {'ament_cmake_args': None, 'build_base': '/home/ssafy/ros2_ws/build/monicar_control', 'catkin_cmake_args': None, 'catkin_skip_building_tests': False, 'cmake_args': None, 'cmake_clean_cache': False, 'cmake_clean_first': False, 'cmake_force_configure': False, 'cmake_target': None, 'cmake_target_skip_unavailable': False, 'install_base': '/home/ssafy/ros2_ws/install/monicar_control', 'merge_install': False, 'path': '/home/ssafy/ros2_ws/src/monicar/monicar_control', 'symlink_install': True, 'test_result_base': None}
[3.167s] Level 5:colcon.colcon_core.verb:set package 'monicar_cv' build argument 'cmake_args' from command line to 'None'
[3.167s] Level 5:colcon.colcon_core.verb:set package 'monicar_cv' build argument 'cmake_target' from command line to 'None'
[3.167s] Level 5:colcon.colcon_core.verb:set package 'monicar_cv' build argument 'cmake_target_skip_unavailable' from command line to 'False'
[3.167s] Level 5:colcon.colcon_core.verb:set package 'monicar_cv' build argument 'cmake_clean_cache' from command line to 'False'
[3.167s] Level 5:colcon.colcon_core.verb:set package 'monicar_cv' build argument 'cmake_clean_first' from command line to 'False'
[3.167s] Level 5:colcon.colcon_core.verb:set package 'monicar_cv' build argument 'cmake_force_configure' from command line to 'False'
[3.167s] Level 5:colcon.colcon_core.verb:set package 'monicar_cv' build argument 'ament_cmake_args' from command line to 'None'
[3.167s] Level 5:colcon.colcon_core.verb:set package 'monicar_cv' build argument 'catkin_cmake_args' from command line to 'None'
[3.167s] Level 5:colcon.colcon_core.verb:set package 'monicar_cv' build argument 'catkin_skip_building_tests' from command line to 'False'
[3.168s] DEBUG:colcon.colcon_core.verb:Building package 'monicar_cv' with the following arguments: {'ament_cmake_args': None, 'build_base': '/home/ssafy/ros2_ws/build/monicar_cv', 'catkin_cmake_args': None, 'catkin_skip_building_tests': False, 'cmake_args': None, 'cmake_clean_cache': False, 'cmake_clean_first': False, 'cmake_force_configure': False, 'cmake_target': None, 'cmake_target_skip_unavailable': False, 'install_base': '/home/ssafy/ros2_ws/install/monicar_cv', 'merge_install': False, 'path': '/home/ssafy/ros2_ws/src/monicar/monicar_cv', 'symlink_install': True, 'test_result_base': None}
[3.168s] Level 5:colcon.colcon_core.verb:set package 'monicar_teleop' build argument 'cmake_args' from command line to 'None'
[3.168s] Level 5:colcon.colcon_core.verb:set package 'monicar_teleop' build argument 'cmake_target' from command line to 'None'
[3.168s] Level 5:colcon.colcon_core.verb:set package 'monicar_teleop' build argument 'cmake_target_skip_unavailable' from command line to 'False'
[3.168s] Level 5:colcon.colcon_core.verb:set package 'monicar_teleop' build argument 'cmake_clean_cache' from command line to 'False'
[3.168s] Level 5:colcon.colcon_core.verb:set package 'monicar_teleop' build argument 'cmake_clean_first' from command line to 'False'
[3.169s] Level 5:colcon.colcon_core.verb:set package 'monicar_teleop' build argument 'cmake_force_configure' from command line to 'False'
[3.169s] Level 5:colcon.colcon_core.verb:set package 'monicar_teleop' build argument 'ament_cmake_args' from command line to 'None'
[3.169s] Level 5:colcon.colcon_core.verb:set package 'monicar_teleop' build argument 'catkin_cmake_args' from command line to 'None'
[3.169s] Level 5:colcon.colcon_core.verb:set package 'monicar_teleop' build argument 'catkin_skip_building_tests' from command line to 'False'
[3.169s] DEBUG:colcon.colcon_core.verb:Building package 'monicar_teleop' with the following arguments: {'ament_cmake_args': None, 'build_base': '/home/ssafy/ros2_ws/build/monicar_teleop', 'catkin_cmake_args': None, 'catkin_skip_building_tests': False, 'cmake_args': None, 'cmake_clean_cache': False, 'cmake_clean_first': False, 'cmake_force_configure': False, 'cmake_target': None, 'cmake_target_skip_unavailable': False, 'install_base': '/home/ssafy/ros2_ws/install/monicar_teleop', 'merge_install': False, 'path': '/home/ssafy/ros2_ws/src/monicar/monicar_teleop', 'symlink_install': True, 'test_result_base': None}
[3.169s] INFO:colcon.colcon_core.executor:Executing jobs using 'parallel' executor
[3.172s] DEBUG:colcon.colcon_parallel_executor.executor.parallel:run_until_complete
[3.173s] INFO:colcon.colcon_ros.task.ament_python.build:Building ROS package in '/home/ssafy/ros2_ws/src/monicar/monicar_control' with build type 'ament_python'
[3.173s] Level 1:colcon.colcon_core.shell:create_environment_hook('monicar_control', 'ament_prefix_path')
[3.328s] INFO:colcon.colcon_core.plugin_system:Skipping extension 'colcon_core.shell.bat': Not used on non-Windows systems
[3.328s] INFO:colcon.colcon_core.shell:Creating environment hook '/home/ssafy/ros2_ws/install/monicar_control/share/monicar_control/hook/ament_prefix_path.ps1'
[3.331s] INFO:colcon.colcon_core.shell:Creating environment descriptor '/home/ssafy/ros2_ws/install/monicar_control/share/monicar_control/hook/ament_prefix_path.dsv'
[3.335s] INFO:colcon.colcon_core.shell:Creating environment hook '/home/ssafy/ros2_ws/install/monicar_control/share/monicar_control/hook/ament_prefix_path.sh'
[3.338s] INFO:colcon.colcon_core.shell:Skip shell extension 'powershell' for command environment: Not usable outside of PowerShell
[3.338s] DEBUG:colcon.colcon_core.shell:Skip shell extension 'dsv' for command environment
[3.349s] INFO:colcon.colcon_ros.task.ament_python.build:Building ROS package in '/home/ssafy/ros2_ws/src/monicar/monicar_cv' with build type 'ament_python'
[3.350s] Level 1:colcon.colcon_core.shell:create_environment_hook('monicar_cv', 'ament_prefix_path')
[3.351s] INFO:colcon.colcon_core.shell:Creating environment hook '/home/ssafy/ros2_ws/install/monicar_cv/share/monicar_cv/hook/ament_prefix_path.ps1'
[3.353s] INFO:colcon.colcon_core.shell:Creating environment descriptor '/home/ssafy/ros2_ws/install/monicar_cv/share/monicar_cv/hook/ament_prefix_path.dsv'
[3.354s] INFO:colcon.colcon_core.shell:Creating environment hook '/home/ssafy/ros2_ws/install/monicar_cv/share/monicar_cv/hook/ament_prefix_path.sh'
[3.355s] INFO:colcon.colcon_core.shell:Skip shell extension 'powershell' for command environment: Not usable outside of PowerShell
[3.355s] DEBUG:colcon.colcon_core.shell:Skip shell extension 'dsv' for command environment
[3.365s] INFO:colcon.colcon_ros.task.ament_python.build:Building ROS package in '/home/ssafy/ros2_ws/src/monicar/monicar_teleop' with build type 'ament_python'
[3.365s] Level 1:colcon.colcon_core.shell:create_environment_hook('monicar_teleop', 'ament_prefix_path')
[3.366s] INFO:colcon.colcon_core.shell:Creating environment hook '/home/ssafy/ros2_ws/install/monicar_teleop/share/monicar_teleop/hook/ament_prefix_path.ps1'
[3.368s] INFO:colcon.colcon_core.shell:Creating environment descriptor '/home/ssafy/ros2_ws/install/monicar_teleop/share/monicar_teleop/hook/ament_prefix_path.dsv'
[3.368s] INFO:colcon.colcon_core.shell:Creating environment hook '/home/ssafy/ros2_ws/install/monicar_teleop/share/monicar_teleop/hook/ament_prefix_path.sh'
[3.370s] INFO:colcon.colcon_core.shell:Skip shell extension 'powershell' for command environment: Not usable outside of PowerShell
[3.370s] DEBUG:colcon.colcon_core.shell:Skip shell extension 'dsv' for command environment
[4.200s] INFO:colcon.colcon_core.task.python.build:Building Python package in '/home/ssafy/ros2_ws/src/monicar/monicar_control'
[4.201s] INFO:colcon.colcon_core.shell:Skip shell extension 'powershell' for command environment: Not usable outside of PowerShell
[4.201s] DEBUG:colcon.colcon_core.shell:Skip shell extension 'dsv' for command environment
[5.045s] INFO:colcon.colcon_core.task.python.build:Building Python package in '/home/ssafy/ros2_ws/src/monicar/monicar_cv'
[5.047s] INFO:colcon.colcon_core.shell:Skip shell extension 'powershell' for command environment: Not usable outside of PowerShell
[5.047s] DEBUG:colcon.colcon_core.shell:Skip shell extension 'dsv' for command environment
[5.881s] INFO:colcon.colcon_core.task.python.build:Building Python package in '/home/ssafy/ros2_ws/src/monicar/monicar_teleop'
[5.883s] INFO:colcon.colcon_core.shell:Skip shell extension 'powershell' for command environment: Not usable outside of PowerShell
[5.884s] DEBUG:colcon.colcon_core.shell:Skip shell extension 'dsv' for command environment
[8.531s] DEBUG:colcon.colcon_core.event_handler.log_command:Invoking command in '/home/ssafy/ros2_ws/build/monicar_cv': PYTHONPATH=/home/ssafy/ros2_ws/build/monicar_cv/prefix_override:/usr/lib/python3/dist-packages/colcon_core/task/python/colcon_distutils_commands:/home/ssafy/ros2_ws/install/monicar_cv/lib/python3.8/site-packages:${PYTHONPATH} /usr/bin/python3 -W ignore:setup.py install is deprecated setup.py develop --editable --build-directory /home/ssafy/ros2_ws/build/monicar_cv/build --no-deps symlink_data
[8.550s] DEBUG:colcon.colcon_core.event_handler.log_command:Invoking command in '/home/ssafy/ros2_ws/build/monicar_control': PYTHONPATH=/home/ssafy/ros2_ws/build/monicar_control/prefix_override:/usr/lib/python3/dist-packages/colcon_core/task/python/colcon_distutils_commands:/home/ssafy/ros2_ws/install/monicar_control/lib/python3.8/site-packages:${PYTHONPATH} /usr/bin/python3 -W ignore:setup.py install is deprecated setup.py develop --editable --build-directory /home/ssafy/ros2_ws/build/monicar_control/build --no-deps symlink_data
[8.700s] DEBUG:colcon.colcon_core.event_handler.log_command:Invoking command in '/home/ssafy/ros2_ws/build/monicar_teleop': PYTHONPATH=/home/ssafy/ros2_ws/build/monicar_teleop/prefix_override:/usr/lib/python3/dist-packages/colcon_core/task/python/colcon_distutils_commands:/home/ssafy/ros2_ws/install/monicar_teleop/lib/python3.8/site-packages:${PYTHONPATH} /usr/bin/python3 -W ignore:setup.py install is deprecated setup.py develop --editable --build-directory /home/ssafy/ros2_ws/build/monicar_teleop/build --no-deps symlink_data
[10.467s] Level 1:colcon.colcon_core.shell:create_environment_hook('monicar_teleop', 'pythonpath_develop')
[10.469s] INFO:colcon.colcon_core.shell:Creating environment hook '/home/ssafy/ros2_ws/build/monicar_teleop/share/monicar_teleop/hook/pythonpath_develop.ps1'
[10.471s] DEBUG:colcon.colcon_core.event_handler.log_command:Invoked command in '/home/ssafy/ros2_ws/build/monicar_teleop' returned '0': PYTHONPATH=/home/ssafy/ros2_ws/build/monicar_teleop/prefix_override:/usr/lib/python3/dist-packages/colcon_core/task/python/colcon_distutils_commands:/home/ssafy/ros2_ws/install/monicar_teleop/lib/python3.8/site-packages:${PYTHONPATH} /usr/bin/python3 -W ignore:setup.py install is deprecated setup.py develop --editable --build-directory /home/ssafy/ros2_ws/build/monicar_teleop/build --no-deps symlink_data
[10.473s] INFO:colcon.colcon_core.shell:Creating environment descriptor '/home/ssafy/ros2_ws/build/monicar_teleop/share/monicar_teleop/hook/pythonpath_develop.dsv'
[10.475s] INFO:colcon.colcon_core.shell:Creating environment hook '/home/ssafy/ros2_ws/build/monicar_teleop/share/monicar_teleop/hook/pythonpath_develop.sh'
[10.629s] Level 1:colcon.colcon_core.environment:checking '/home/ssafy/ros2_ws/install/monicar_teleop' for CMake module files
[10.630s] Level 1:colcon.colcon_core.environment:checking '/home/ssafy/ros2_ws/install/monicar_teleop' for CMake config files
[10.632s] Level 1:colcon.colcon_core.environment:checking '/home/ssafy/ros2_ws/install/monicar_teleop/lib'
[10.633s] Level 1:colcon.colcon_core.environment:checking '/home/ssafy/ros2_ws/install/monicar_teleop/bin'
[10.633s] Level 1:colcon.colcon_core.environment:checking '/home/ssafy/ros2_ws/install/monicar_teleop/lib/pkgconfig/monicar_teleop.pc'
[10.634s] Level 1:colcon.colcon_core.environment:checking '/home/ssafy/ros2_ws/install/monicar_teleop/lib/python3.8/site-packages'
[10.634s] Level 1:colcon.colcon_core.shell:create_environment_hook('monicar_teleop', 'pythonpath')
[10.634s] INFO:colcon.colcon_core.shell:Creating environment hook '/home/ssafy/ros2_ws/install/monicar_teleop/share/monicar_teleop/hook/pythonpath.ps1'
[10.636s] INFO:colcon.colcon_core.shell:Creating environment descriptor '/home/ssafy/ros2_ws/install/monicar_teleop/share/monicar_teleop/hook/pythonpath.dsv'
[10.636s] INFO:colcon.colcon_core.shell:Creating environment hook '/home/ssafy/ros2_ws/install/monicar_teleop/share/monicar_teleop/hook/pythonpath.sh'
[10.638s] Level 1:colcon.colcon_core.environment:checking '/home/ssafy/ros2_ws/install/monicar_teleop/bin'
[10.638s] Level 1:colcon.colcon_core.environment:create_environment_scripts_only(monicar_teleop)
[10.639s] INFO:colcon.colcon_core.shell:Creating package script '/home/ssafy/ros2_ws/install/monicar_teleop/share/monicar_teleop/package.ps1'
[10.642s] INFO:colcon.colcon_core.shell:Creating package descriptor '/home/ssafy/ros2_ws/install/monicar_teleop/share/monicar_teleop/package.dsv'
[10.644s] INFO:colcon.colcon_core.shell:Creating package script '/home/ssafy/ros2_ws/install/monicar_teleop/share/monicar_teleop/package.sh'
[10.646s] INFO:colcon.colcon_core.shell:Creating package script '/home/ssafy/ros2_ws/install/monicar_teleop/share/monicar_teleop/package.bash'
[10.649s] INFO:colcon.colcon_core.shell:Creating package script '/home/ssafy/ros2_ws/install/monicar_teleop/share/monicar_teleop/package.zsh'
[10.651s] Level 1:colcon.colcon_core.environment:create_file_with_runtime_dependencies(/home/ssafy/ros2_ws/install/monicar_teleop/share/colcon-core/packages/monicar_teleop)
[10.655s] Level 1:colcon.colcon_core.shell:create_environment_hook('monicar_control', 'pythonpath_develop')
[10.656s] INFO:colcon.colcon_core.shell:Creating environment hook '/home/ssafy/ros2_ws/build/monicar_control/share/monicar_control/hook/pythonpath_develop.ps1'
[10.657s] DEBUG:colcon.colcon_core.event_handler.log_command:Invoked command in '/home/ssafy/ros2_ws/build/monicar_control' returned '0': PYTHONPATH=/home/ssafy/ros2_ws/build/monicar_control/prefix_override:/usr/lib/python3/dist-packages/colcon_core/task/python/colcon_distutils_commands:/home/ssafy/ros2_ws/install/monicar_control/lib/python3.8/site-packages:${PYTHONPATH} /usr/bin/python3 -W ignore:setup.py install is deprecated setup.py develop --editable --build-directory /home/ssafy/ros2_ws/build/monicar_control/build --no-deps symlink_data
[10.658s] INFO:colcon.colcon_core.shell:Creating environment descriptor '/home/ssafy/ros2_ws/build/monicar_control/share/monicar_control/hook/pythonpath_develop.dsv'
[10.658s] INFO:colcon.colcon_core.shell:Creating environment hook '/home/ssafy/ros2_ws/build/monicar_control/share/monicar_control/hook/pythonpath_develop.sh'
[10.660s] Level 1:colcon.colcon_core.environment:checking '/home/ssafy/ros2_ws/install/monicar_control' for CMake module files
[10.661s] Level 1:colcon.colcon_core.environment:checking '/home/ssafy/ros2_ws/install/monicar_control' for CMake config files
[10.662s] Level 1:colcon.colcon_core.environment:checking '/home/ssafy/ros2_ws/install/monicar_control/lib'
[10.662s] Level 1:colcon.colcon_core.environment:checking '/home/ssafy/ros2_ws/install/monicar_control/bin'
[10.663s] Level 1:colcon.colcon_core.environment:checking '/home/ssafy/ros2_ws/install/monicar_control/lib/pkgconfig/monicar_control.pc'
[10.663s] Level 1:colcon.colcon_core.environment:checking '/home/ssafy/ros2_ws/install/monicar_control/lib/python3.8/site-packages'
[10.663s] Level 1:colcon.colcon_core.shell:create_environment_hook('monicar_control', 'pythonpath')
[10.664s] INFO:colcon.colcon_core.shell:Creating environment hook '/home/ssafy/ros2_ws/install/monicar_control/share/monicar_control/hook/pythonpath.ps1'
[10.665s] INFO:colcon.colcon_core.shell:Creating environment descriptor '/home/ssafy/ros2_ws/install/monicar_control/share/monicar_control/hook/pythonpath.dsv'
[10.665s] INFO:colcon.colcon_core.shell:Creating environment hook '/home/ssafy/ros2_ws/install/monicar_control/share/monicar_control/hook/pythonpath.sh'
[10.666s] Level 1:colcon.colcon_core.environment:checking '/home/ssafy/ros2_ws/install/monicar_control/bin'
[10.666s] Level 1:colcon.colcon_core.environment:create_environment_scripts_only(monicar_control)
[10.667s] INFO:colcon.colcon_core.shell:Creating package script '/home/ssafy/ros2_ws/install/monicar_control/share/monicar_control/package.ps1'
[10.668s] INFO:colcon.colcon_core.shell:Creating package descriptor '/home/ssafy/ros2_ws/install/monicar_control/share/monicar_control/package.dsv'
[10.669s] INFO:colcon.colcon_core.shell:Creating package script '/home/ssafy/ros2_ws/install/monicar_control/share/monicar_control/package.sh'
[10.670s] INFO:colcon.colcon_core.shell:Creating package script '/home/ssafy/ros2_ws/install/monicar_control/share/monicar_control/package.bash'
[10.671s] INFO:colcon.colcon_core.shell:Creating package script '/home/ssafy/ros2_ws/install/monicar_control/share/monicar_control/package.zsh'
[10.671s] Level 1:colcon.colcon_core.environment:create_file_with_runtime_dependencies(/home/ssafy/ros2_ws/install/monicar_control/share/colcon-core/packages/monicar_control)
[10.673s] Level 1:colcon.colcon_core.shell:create_environment_hook('monicar_cv', 'pythonpath_develop')
[10.673s] INFO:colcon.colcon_core.shell:Creating environment hook '/home/ssafy/ros2_ws/build/monicar_cv/share/monicar_cv/hook/pythonpath_develop.ps1'
[10.675s] INFO:colcon.colcon_core.shell:Creating environment descriptor '/home/ssafy/ros2_ws/build/monicar_cv/share/monicar_cv/hook/pythonpath_develop.dsv'
[10.675s] DEBUG:colcon.colcon_core.event_handler.log_command:Invoked command in '/home/ssafy/ros2_ws/build/monicar_cv' returned '0': PYTHONPATH=/home/ssafy/ros2_ws/build/monicar_cv/prefix_override:/usr/lib/python3/dist-packages/colcon_core/task/python/colcon_distutils_commands:/home/ssafy/ros2_ws/install/monicar_cv/lib/python3.8/site-packages:${PYTHONPATH} /usr/bin/python3 -W ignore:setup.py install is deprecated setup.py develop --editable --build-directory /home/ssafy/ros2_ws/build/monicar_cv/build --no-deps symlink_data
[10.676s] INFO:colcon.colcon_core.shell:Creating environment hook '/home/ssafy/ros2_ws/build/monicar_cv/share/monicar_cv/hook/pythonpath_develop.sh'
[10.677s] Level 1:colcon.colcon_core.environment:checking '/home/ssafy/ros2_ws/install/monicar_cv' for CMake module files
[10.678s] Level 1:colcon.colcon_core.environment:checking '/home/ssafy/ros2_ws/install/monicar_cv' for CMake config files
[10.680s] Level 1:colcon.colcon_core.environment:checking '/home/ssafy/ros2_ws/install/monicar_cv/lib'
[10.680s] Level 1:colcon.colcon_core.environment:checking '/home/ssafy/ros2_ws/install/monicar_cv/bin'
[10.680s] Level 1:colcon.colcon_core.environment:checking '/home/ssafy/ros2_ws/install/monicar_cv/lib/pkgconfig/monicar_cv.pc'
[10.680s] Level 1:colcon.colcon_core.environment:checking '/home/ssafy/ros2_ws/install/monicar_cv/lib/python3.8/site-packages'
[10.681s] Level 1:colcon.colcon_core.shell:create_environment_hook('monicar_cv', 'pythonpath')
[10.681s] INFO:colcon.colcon_core.shell:Creating environment hook '/home/ssafy/ros2_ws/install/monicar_cv/share/monicar_cv/hook/pythonpath.ps1'
[10.682s] INFO:colcon.colcon_core.shell:Creating environment descriptor '/home/ssafy/ros2_ws/install/monicar_cv/share/monicar_cv/hook/pythonpath.dsv'
[10.682s] INFO:colcon.colcon_core.shell:Creating environment hook '/home/ssafy/ros2_ws/install/monicar_cv/share/monicar_cv/hook/pythonpath.sh'
[10.683s] Level 1:colcon.colcon_core.environment:checking '/home/ssafy/ros2_ws/install/monicar_cv/bin'
[10.684s] Level 1:colcon.colcon_core.environment:create_environment_scripts_only(monicar_cv)
[10.684s] INFO:colcon.colcon_core.shell:Creating package script '/home/ssafy/ros2_ws/install/monicar_cv/share/monicar_cv/package.ps1'
[10.685s] INFO:colcon.colcon_core.shell:Creating package descriptor '/home/ssafy/ros2_ws/install/monicar_cv/share/monicar_cv/package.dsv'
[10.686s] INFO:colcon.colcon_core.shell:Creating package script '/home/ssafy/ros2_ws/install/monicar_cv/share/monicar_cv/package.sh'
[10.687s] INFO:colcon.colcon_core.shell:Creating package script '/home/ssafy/ros2_ws/install/monicar_cv/share/monicar_cv/package.bash'
[10.688s] INFO:colcon.colcon_core.shell:Creating package script '/home/ssafy/ros2_ws/install/monicar_cv/share/monicar_cv/package.zsh'
[10.688s] Level 1:colcon.colcon_core.environment:create_file_with_runtime_dependencies(/home/ssafy/ros2_ws/install/monicar_cv/share/colcon-core/packages/monicar_cv)
[10.689s] DEBUG:colcon.colcon_parallel_executor.executor.parallel:closing loop
[10.690s] DEBUG:colcon.colcon_parallel_executor.executor.parallel:loop closed
[10.690s] DEBUG:colcon.colcon_parallel_executor.executor.parallel:run_until_complete finished with '0'
[10.691s] DEBUG:colcon.colcon_core.event_reactor:joining thread
[10.707s] INFO:colcon.colcon_core.plugin_system:Skipping extension 'colcon_notification.desktop_notification.terminal_notifier': Not used on non-Darwin systems
[10.708s] INFO:colcon.colcon_core.plugin_system:Skipping extension 'colcon_notification.desktop_notification.win32': Not used on non-Windows systems
[10.708s] INFO:colcon.colcon_notification.desktop_notification:Sending desktop notification using 'notify2'
[10.773s] DEBUG:colcon.colcon_core.event_reactor:joined thread
[10.776s] INFO:colcon.colcon_core.shell:Creating prefix script '/home/ssafy/ros2_ws/install/local_setup.ps1'
[10.934s] INFO:colcon.colcon_core.shell:Creating prefix util module '/home/ssafy/ros2_ws/install/_local_setup_util_ps1.py'
[10.940s] INFO:colcon.colcon_core.shell:Creating prefix chain script '/home/ssafy/ros2_ws/install/setup.ps1'
[10.942s] INFO:colcon.colcon_core.shell:Creating prefix script '/home/ssafy/ros2_ws/install/local_setup.sh'
[10.944s] INFO:colcon.colcon_core.shell:Creating prefix util module '/home/ssafy/ros2_ws/install/_local_setup_util_sh.py'
[10.945s] INFO:colcon.colcon_core.shell:Creating prefix chain script '/home/ssafy/ros2_ws/install/setup.sh'
[10.951s] INFO:colcon.colcon_core.shell:Creating prefix script '/home/ssafy/ros2_ws/install/local_setup.bash'
[10.953s] INFO:colcon.colcon_core.shell:Creating prefix chain script '/home/ssafy/ros2_ws/install/setup.bash'
[10.955s] INFO:colcon.colcon_core.shell:Creating prefix script '/home/ssafy/ros2_ws/install/local_setup.zsh'
[10.957s] INFO:colcon.colcon_core.shell:Creating prefix chain script '/home/ssafy/ros2_ws/install/setup.zsh'
