[4.442s] Invoking command in '/home/ssafy/ros2_ws/build/monicar_teleop': PYTHONPATH=/home/ssafy/ros2_ws/build/monicar_teleop/prefix_override:/usr/lib/python3/dist-packages/colcon_core/task/python/colcon_distutils_commands:/home/ssafy/ros2_ws/install/monicar_teleop/lib/python3.8/site-packages:${PYTHONPATH} /usr/bin/python3 -W ignore:setup.py install is deprecated setup.py develop --editable --build-directory /home/ssafy/ros2_ws/build/monicar_teleop/build --no-deps symlink_data
[4.985s] running develop
[5.294s] running egg_info
[5.294s] creating monicar_teleop.egg-info
[5.294s] writing monicar_teleop.egg-info/PKG-INFO
[5.295s] writing dependency_links to monicar_teleop.egg-info/dependency_links.txt
[5.295s] writing entry points to monicar_teleop.egg-info/entry_points.txt
[5.295s] writing requirements to monicar_teleop.egg-info/requires.txt
[5.296s] writing top-level names to monicar_teleop.egg-info/top_level.txt
[5.410s] writing manifest file 'monicar_teleop.egg-info/SOURCES.txt'
[5.473s] reading manifest file 'monicar_teleop.egg-info/SOURCES.txt'
[5.474s] writing manifest file 'monicar_teleop.egg-info/SOURCES.txt'
[5.552s] running build_ext
[5.788s] Creating /home/ssafy/ros2_ws/install/monicar_teleop/lib/python3.8/site-packages/site.py
[5.792s] Creating /home/ssafy/ros2_ws/install/monicar_teleop/lib/python3.8/site-packages/monicar-teleop.egg-link (link to .)
[5.794s] Installing teleop_joy script to /home/ssafy/ros2_ws/install/monicar_teleop/lib/monicar_teleop
[5.795s] Installing teleop_keyboard script to /home/ssafy/ros2_ws/install/monicar_teleop/lib/monicar_teleop
[5.798s] 
[5.798s] Installed /home/ssafy/ros2_ws/build/monicar_teleop
[5.799s] running symlink_data
[5.800s] creating /home/ssafy/ros2_ws/install/monicar_teleop/share/ament_index
[5.800s] creating /home/ssafy/ros2_ws/install/monicar_teleop/share/ament_index/resource_index
[5.800s] creating /home/ssafy/ros2_ws/install/monicar_teleop/share/ament_index/resource_index/packages
[5.801s] symbolically linking /home/ssafy/ros2_ws/build/monicar_teleop/resource/monicar_teleop -> /home/ssafy/ros2_ws/install/monicar_teleop/share/ament_index/resource_index/packages
[5.801s] symbolically linking /home/ssafy/ros2_ws/build/monicar_teleop/package.xml -> /home/ssafy/ros2_ws/install/monicar_teleop/share/monicar_teleop
[5.801s] creating /home/ssafy/ros2_ws/install/monicar_teleop/share/monicar_teleop/launch
[5.802s] symbolically linking /home/ssafy/ros2_ws/build/monicar_teleop/launch/teleop_keyboard.launch.py -> /home/ssafy/ros2_ws/install/monicar_teleop/share/monicar_teleop/launch
[5.802s] symbolically linking /home/ssafy/ros2_ws/build/monicar_teleop/launch/teleop_joy.launch.py -> /home/ssafy/ros2_ws/install/monicar_teleop/share/monicar_teleop/launch
[5.803s] creating /home/ssafy/ros2_ws/install/monicar_teleop/share/monicar_teleop/param
[5.803s] symbolically linking /home/ssafy/ros2_ws/build/monicar_teleop/param/teleop_keyboard.param.yaml -> /home/ssafy/ros2_ws/install/monicar_teleop/share/monicar_teleop/param
[5.803s] symbolically linking /home/ssafy/ros2_ws/build/monicar_teleop/param/teleop_joy.param.yaml -> /home/ssafy/ros2_ws/install/monicar_teleop/share/monicar_teleop/param
[6.119s] Invoked command in '/home/ssafy/ros2_ws/build/monicar_teleop' returned '0': PYTHONPATH=/home/ssafy/ros2_ws/build/monicar_teleop/prefix_override:/usr/lib/python3/dist-packages/colcon_core/task/python/colcon_distutils_commands:/home/ssafy/ros2_ws/install/monicar_teleop/lib/python3.8/site-packages:${PYTHONPATH} /usr/bin/python3 -W ignore:setup.py install is deprecated setup.py develop --editable --build-directory /home/ssafy/ros2_ws/build/monicar_teleop/build --no-deps symlink_data
