running develop
running egg_info
creating monicar_cv.egg-info
writing monicar_cv.egg-info/PKG-INFO
writing dependency_links to monicar_cv.egg-info/dependency_links.txt
writing entry points to monicar_cv.egg-info/entry_points.txt
writing requirements to monicar_cv.egg-info/requires.txt
writing top-level names to monicar_cv.egg-info/top_level.txt
writing manifest file 'monicar_cv.egg-info/SOURCES.txt'
reading manifest file 'monicar_cv.egg-info/SOURCES.txt'
writing manifest file 'monicar_cv.egg-info/SOURCES.txt'
running build_ext
Creating /home/ssafy/ros2_ws/install/monicar_cv/lib/python3.8/site-packages/site.py
Creating /home/ssafy/ros2_ws/install/monicar_cv/lib/python3.8/site-packages/monicar-cv.egg-link (link to .)
Installing csi_pub script to /home/ssafy/ros2_ws/install/monicar_cv/lib/monicar_cv
Installing find_ball script to /home/ssafy/ros2_ws/install/monicar_cv/lib/monicar_cv
Installing usbcam_pub script to /home/ssafy/ros2_ws/install/monicar_cv/lib/monicar_cv

Installed /home/ssafy/ros2_ws/build/monicar_cv
running symlink_data
creating /home/ssafy/ros2_ws/install/monicar_cv/share/ament_index
creating /home/ssafy/ros2_ws/install/monicar_cv/share/ament_index/resource_index
creating /home/ssafy/ros2_ws/install/monicar_cv/share/ament_index/resource_index/packages
symbolically linking /home/ssafy/ros2_ws/build/monicar_cv/resource/monicar_cv -> /home/ssafy/ros2_ws/install/monicar_cv/share/ament_index/resource_index/packages
symbolically linking /home/ssafy/ros2_ws/build/monicar_cv/package.xml -> /home/ssafy/ros2_ws/install/monicar_cv/share/monicar_cv
creating /home/ssafy/ros2_ws/install/monicar_cv/share/monicar_cv/launch
symbolically linking /home/ssafy/ros2_ws/build/monicar_cv/launch/blob_detect.launch.py -> /home/ssafy/ros2_ws/install/monicar_cv/share/monicar_cv/launch
symbolically linking /home/ssafy/ros2_ws/build/monicar_cv/launch/usbcam.launch.py -> /home/ssafy/ros2_ws/install/monicar_cv/share/monicar_cv/launch
symbolically linking /home/ssafy/ros2_ws/build/monicar_cv/launch/csivideo.launch.py -> /home/ssafy/ros2_ws/install/monicar_cv/share/monicar_cv/launch
symbolically linking /home/ssafy/ros2_ws/build/monicar_cv/launch/csicam.launch.py -> /home/ssafy/ros2_ws/install/monicar_cv/share/monicar_cv/launch
symbolically linking /home/ssafy/ros2_ws/build/monicar_cv/launch/usbvideo.launch.py -> /home/ssafy/ros2_ws/install/monicar_cv/share/monicar_cv/launch
creating /home/ssafy/ros2_ws/install/monicar_cv/share/monicar_cv/param
symbolically linking /home/ssafy/ros2_ws/build/monicar_cv/param/cvparam.yaml -> /home/ssafy/ros2_ws/install/monicar_cv/share/monicar_cv/param
