[2.838s] Invoking command in '/home/ssafy/ros2_ws/build/monicar_control': PYTHONPATH=/home/ssafy/ros2_ws/build/monicar_control/prefix_override:/usr/lib/python3/dist-packages/colcon_core/task/python/colcon_distutils_commands:/home/ssafy/ros2_ws/install/monicar_control/lib/python3.8/site-packages:${PYTHONPATH} /usr/bin/python3 -W ignore:setup.py install is deprecated setup.py develop --editable --build-directory /home/ssafy/ros2_ws/build/monicar_control/build --no-deps symlink_data
[3.392s] running develop
[3.742s] running egg_info
[3.742s] writing monicar_control.egg-info/PKG-INFO
[3.743s] writing dependency_links to monicar_control.egg-info/dependency_links.txt
[3.744s] writing entry points to monicar_control.egg-info/entry_points.txt
[3.744s] writing requirements to monicar_control.egg-info/requires.txt
[3.744s] writing top-level names to monicar_control.egg-info/top_level.txt
[3.811s] reading manifest file 'monicar_control.egg-info/SOURCES.txt'
[3.813s] writing manifest file 'monicar_control.egg-info/SOURCES.txt'
[3.891s] running build_ext
[3.891s] Creating /home/ssafy/ros2_ws/install/monicar_control/lib/python3.8/site-packages/monicar-control.egg-link (link to .)
[3.894s] Installing blob_chase script to /home/ssafy/ros2_ws/install/monicar_control/lib/monicar_control
[3.894s] Installing chase_object_yolo script to /home/ssafy/ros2_ws/install/monicar_control/lib/monicar_control
[3.895s] Installing chase_the_ball script to /home/ssafy/ros2_ws/install/monicar_control/lib/monicar_control
[3.895s] Installing chase_traffic_yolo script to /home/ssafy/ros2_ws/install/monicar_control/lib/monicar_control
[3.896s] Installing joy_control script to /home/ssafy/ros2_ws/install/monicar_control/lib/monicar_control
[3.896s] Installing motor_control script to /home/ssafy/ros2_ws/install/monicar_control/lib/monicar_control
[3.896s] 
[3.896s] Installed /home/ssafy/ros2_ws/build/monicar_control
[3.896s] running symlink_data
[4.082s] Invoked command in '/home/ssafy/ros2_ws/build/monicar_control' returned '0': PYTHONPATH=/home/ssafy/ros2_ws/build/monicar_control/prefix_override:/usr/lib/python3/dist-packages/colcon_core/task/python/colcon_distutils_commands:/home/ssafy/ros2_ws/install/monicar_control/lib/python3.8/site-packages:${PYTHONPATH} /usr/bin/python3 -W ignore:setup.py install is deprecated setup.py develop --editable --build-directory /home/ssafy/ros2_ws/build/monicar_control/build --no-deps symlink_data
