[2.803s] Invoking command in '/home/ssafy/ros2_ws/build/monicar_control': PYTHONPATH=/home/ssafy/ros2_ws/build/monicar_control/prefix_override:/usr/lib/python3/dist-packages/colcon_core/task/python/colcon_distutils_commands:/home/ssafy/ros2_ws/install/monicar_control/lib/python3.8/site-packages:${PYTHONPATH} /usr/bin/python3 -W ignore:setup.py install is deprecated setup.py develop --editable --build-directory /home/ssafy/ros2_ws/build/monicar_control/build --no-deps symlink_data
[3.378s] running develop
[3.730s] running egg_info
[3.731s] writing monicar_control.egg-info/PKG-INFO
[3.732s] writing dependency_links to monicar_control.egg-info/dependency_links.txt
[3.733s] writing entry points to monicar_control.egg-info/entry_points.txt
[3.733s] writing requirements to monicar_control.egg-info/requires.txt
[3.733s] writing top-level names to monicar_control.egg-info/top_level.txt
[3.800s] reading manifest file 'monicar_control.egg-info/SOURCES.txt'
[3.803s] writing manifest file 'monicar_control.egg-info/SOURCES.txt'
[3.881s] running build_ext
[3.882s] Creating /home/ssafy/ros2_ws/install/monicar_control/lib/python3.8/site-packages/monicar-control.egg-link (link to .)
[3.884s] Installing blob_chase script to /home/ssafy/ros2_ws/install/monicar_control/lib/monicar_control
[3.885s] Installing chase_object_yolo script to /home/ssafy/ros2_ws/install/monicar_control/lib/monicar_control
[3.885s] Installing chase_the_ball script to /home/ssafy/ros2_ws/install/monicar_control/lib/monicar_control
[3.886s] Installing chase_traffic_yolo script to /home/ssafy/ros2_ws/install/monicar_control/lib/monicar_control
[3.886s] Installing joy_control script to /home/ssafy/ros2_ws/install/monicar_control/lib/monicar_control
[3.887s] Installing motor_control script to /home/ssafy/ros2_ws/install/monicar_control/lib/monicar_control
[3.887s] 
[3.887s] Installed /home/ssafy/ros2_ws/build/monicar_control
[3.887s] running symlink_data
[3.888s] symbolically linking /home/ssafy/ros2_ws/build/monicar_control/resource/monicar_control -> /home/ssafy/ros2_ws/install/monicar_control/share/ament_index/resource_index/packages
[3.888s] symbolically linking /home/ssafy/ros2_ws/build/monicar_control/package.xml -> /home/ssafy/ros2_ws/install/monicar_control/share/monicar_control
[3.889s] symbolically linking /home/ssafy/ros2_ws/build/monicar_control/launch/blob_all.launch.py -> /home/ssafy/ros2_ws/install/monicar_control/share/monicar_control/launch
[3.889s] symbolically linking /home/ssafy/ros2_ws/build/monicar_control/launch/motor.launch.py -> /home/ssafy/ros2_ws/install/monicar_control/share/monicar_control/launch
[3.889s] symbolically linking /home/ssafy/ros2_ws/build/monicar_control/launch/traffic_all.launch.py -> /home/ssafy/ros2_ws/install/monicar_control/share/monicar_control/launch
[3.890s] symbolically linking /home/ssafy/ros2_ws/build/monicar_control/launch/yolo_chase.launch.py -> /home/ssafy/ros2_ws/install/monicar_control/share/monicar_control/launch
[3.890s] symbolically linking /home/ssafy/ros2_ws/build/monicar_control/launch/chase_the_ball.launch.py -> /home/ssafy/ros2_ws/install/monicar_control/share/monicar_control/launch
[3.890s] symbolically linking /home/ssafy/ros2_ws/build/monicar_control/launch/yolo_traffic.launch.py -> /home/ssafy/ros2_ws/install/monicar_control/share/monicar_control/launch
[3.890s] symbolically linking /home/ssafy/ros2_ws/build/monicar_control/launch/blob_chase.launch.py -> /home/ssafy/ros2_ws/install/monicar_control/share/monicar_control/launch
[3.890s] symbolically linking /home/ssafy/ros2_ws/build/monicar_control/launch/yolo_all.launch.py -> /home/ssafy/ros2_ws/install/monicar_control/share/monicar_control/launch
[3.890s] symbolically linking /home/ssafy/ros2_ws/build/monicar_control/param/motor.298n2Wheel.yaml -> /home/ssafy/ros2_ws/install/monicar_control/share/monicar_control/param
[3.891s] symbolically linking /home/ssafy/ros2_ws/build/monicar_control/param/motor.nuriBldc.yaml -> /home/ssafy/ros2_ws/install/monicar_control/share/monicar_control/param
[3.891s] symbolically linking /home/ssafy/ros2_ws/build/monicar_control/param/motor.jetracer.yaml -> /home/ssafy/ros2_ws/install/monicar_control/share/monicar_control/param
[3.891s] symbolically linking /home/ssafy/ros2_ws/build/monicar_control/param/motor.jetbot.yaml -> /home/ssafy/ros2_ws/install/monicar_control/share/monicar_control/param
[3.891s] symbolically linking /home/ssafy/ros2_ws/build/monicar_control/param/motor.yaml -> /home/ssafy/ros2_ws/install/monicar_control/share/monicar_control/param
[3.891s] symbolically linking /home/ssafy/ros2_ws/build/monicar_control/param/motor.pca9685Steer.yaml -> /home/ssafy/ros2_ws/install/monicar_control/share/monicar_control/param
[3.891s] symbolically linking /home/ssafy/ros2_ws/build/monicar_control/param/motor.motorhatSteer.yaml -> /home/ssafy/ros2_ws/install/monicar_control/share/monicar_control/param
[3.891s] symbolically linking /home/ssafy/ros2_ws/build/monicar_control/param/motor.motorhat2wheel.yaml -> /home/ssafy/ros2_ws/install/monicar_control/share/monicar_control/param
[4.068s] Invoked command in '/home/ssafy/ros2_ws/build/monicar_control' returned '0': PYTHONPATH=/home/ssafy/ros2_ws/build/monicar_control/prefix_override:/usr/lib/python3/dist-packages/colcon_core/task/python/colcon_distutils_commands:/home/ssafy/ros2_ws/install/monicar_control/lib/python3.8/site-packages:${PYTHONPATH} /usr/bin/python3 -W ignore:setup.py install is deprecated setup.py develop --editable --build-directory /home/ssafy/ros2_ws/build/monicar_control/build --no-deps symlink_data
