running develop
running egg_info
writing monicar_teleop.egg-info/PKG-INFO
writing dependency_links to monicar_teleop.egg-info/dependency_links.txt
writing entry points to monicar_teleop.egg-info/entry_points.txt
writing requirements to monicar_teleop.egg-info/requires.txt
writing top-level names to monicar_teleop.egg-info/top_level.txt
reading manifest file 'monicar_teleop.egg-info/SOURCES.txt'
writing manifest file 'monicar_teleop.egg-info/SOURCES.txt'
running build_ext
Creating /home/ssafy/ros2_ws/install/monicar_teleop/lib/python3.8/site-packages/monicar-teleop.egg-link (link to .)
Installing teleop_joy script to /home/ssafy/ros2_ws/install/monicar_teleop/lib/monicar_teleop
Installing teleop_keyboard script to /home/ssafy/ros2_ws/install/monicar_teleop/lib/monicar_teleop

Installed /home/ssafy/ros2_ws/build/monicar_teleop
running symlink_data
symbolically linking /home/ssafy/ros2_ws/build/monicar_teleop/resource/monicar_teleop -> /home/ssafy/ros2_ws/install/monicar_teleop/share/ament_index/resource_index/packages
symbolically linking /home/ssafy/ros2_ws/build/monicar_teleop/package.xml -> /home/ssafy/ros2_ws/install/monicar_teleop/share/monicar_teleop
symbolically linking /home/ssafy/ros2_ws/build/monicar_teleop/launch/teleop_keyboard.launch.py -> /home/ssafy/ros2_ws/install/monicar_teleop/share/monicar_teleop/launch
symbolically linking /home/ssafy/ros2_ws/build/monicar_teleop/launch/teleop_joy.launch.py -> /home/ssafy/ros2_ws/install/monicar_teleop/share/monicar_teleop/launch
symbolically linking /home/ssafy/ros2_ws/build/monicar_teleop/param/teleop_keyboard.param.yaml -> /home/ssafy/ros2_ws/install/monicar_teleop/share/monicar_teleop/param
symbolically linking /home/ssafy/ros2_ws/build/monicar_teleop/param/teleop_joy.param.yaml -> /home/ssafy/ros2_ws/install/monicar_teleop/share/monicar_teleop/param
