[1.897s] DEBUG:colcon:Command line arguments: ['/usr/bin/colcon', 'build', '--symlink-install']
[1.898s] DEBUG:colcon:Parsed command line arguments: Namespace(allow_overriding=[], ament_cmake_args=None, base_paths=['.'], build_base='build', catkin_cmake_args=None, catkin_skip_building_tests=False, cmake_args=None, cmake_clean_cache=False, cmake_clean_first=False, cmake_force_configure=False, cmake_target=None, cmake_target_skip_unavailable=False, continue_on_error=False, event_handlers=None, executor='parallel', ignore_user_meta=False, install_base='install', log_base=None, log_level=None, main=<bound method BuildVerb.main of <colcon_core.verb.build.BuildVerb object at 0xffffb3ecdfd0>>, merge_install=False, metas=['./colcon.meta'], mixin=None, mixin_files=None, mixin_verb=('build',), packages_above=None, packages_above_and_dependencies=None, packages_above_depth=None, packages_end=None, packages_ignore=None, packages_ignore_regex=None, packages_select=None, packages_select_build_failed=False, packages_select_by_dep=None, packages_select_regex=None, packages_select_test_failures=False, packages_skip=None, packages_skip_build_finished=False, packages_skip_by_dep=None, packages_skip_regex=None, packages_skip_test_passed=False, packages_skip_up_to=None, packages_start=None, packages_up_to=None, packages_up_to_regex=None, parallel_workers=6, paths=None, symlink_install=True, test_result_base=None, verb_extension=<colcon_core.verb.build.BuildVerb object at 0xffffb3ecdfd0>, verb_name='build', verb_parser=<colcon_mixin.mixin.mixin_argument.MixinArgumentDecorator object at 0xffffb3ed9880>)
[2.565s] Level 1:colcon.colcon_core.package_discovery:discover_packages(colcon_meta) check parameters
[2.566s] Level 1:colcon.colcon_core.package_discovery:discover_packages(recursive) check parameters
[2.568s] Level 1:colcon.colcon_core.package_discovery:discover_packages(ignore) check parameters
[2.568s] Level 1:colcon.colcon_core.package_discovery:discover_packages(path) check parameters
[2.568s] Level 1:colcon.colcon_core.package_discovery:discover_packages(colcon_meta) discover
[2.568s] Level 1:colcon.colcon_core.package_discovery:discover_packages(recursive) discover
[2.569s] INFO:colcon.colcon_core.package_discovery:Crawling recursively for packages in '/home/ssafy/ros2_ws'
[2.569s] Level 1:colcon.colcon_core.package_identification:_identify(.) by extensions ['ignore', 'ignore_ament_install']
[2.569s] Level 1:colcon.colcon_core.package_identification:_identify(.) by extension 'ignore'
[2.569s] Level 1:colcon.colcon_core.package_identification:_identify(.) by extension 'ignore_ament_install'
[2.569s] Level 1:colcon.colcon_core.package_identification:_identify(.) by extensions ['colcon_pkg']
[2.569s] Level 1:colcon.colcon_core.package_identification:_identify(.) by extension 'colcon_pkg'
[2.570s] Level 1:colcon.colcon_core.package_identification:_identify(.) by extensions ['colcon_meta']
[2.570s] Level 1:colcon.colcon_core.package_identification:_identify(.) by extension 'colcon_meta'
[2.570s] Level 1:colcon.colcon_core.package_identification:_identify(.) by extensions ['ros']
[2.570s] Level 1:colcon.colcon_core.package_identification:_identify(.) by extension 'ros'
[2.606s] Level 1:colcon.colcon_core.package_identification:_identify(.) by extensions ['cmake', 'python']
[2.606s] Level 1:colcon.colcon_core.package_identification:_identify(.) by extension 'cmake'
[2.606s] Level 1:colcon.colcon_core.package_identification:_identify(.) by extension 'python'
[2.606s] Level 1:colcon.colcon_core.package_identification:_identify(.) by extensions ['python_setup_py']
[2.606s] Level 1:colcon.colcon_core.package_identification:_identify(.) by extension 'python_setup_py'
[2.607s] Level 1:colcon.colcon_core.package_identification:_identify(build) by extensions ['ignore', 'ignore_ament_install']
[2.607s] Level 1:colcon.colcon_core.package_identification:_identify(build) by extension 'ignore'
[2.607s] Level 1:colcon.colcon_core.package_identification:_identify(build) ignored
[2.608s] Level 1:colcon.colcon_core.package_identification:_identify(install) by extensions ['ignore', 'ignore_ament_install']
[2.608s] Level 1:colcon.colcon_core.package_identification:_identify(install) by extension 'ignore'
[2.608s] Level 1:colcon.colcon_core.package_identification:_identify(install) ignored
[2.608s] Level 1:colcon.colcon_core.package_identification:_identify(log) by extensions ['ignore', 'ignore_ament_install']
[2.608s] Level 1:colcon.colcon_core.package_identification:_identify(log) by extension 'ignore'
[2.608s] Level 1:colcon.colcon_core.package_identification:_identify(log) ignored
[2.609s] Level 1:colcon.colcon_core.package_identification:_identify(src) by extensions ['ignore', 'ignore_ament_install']
[2.609s] Level 1:colcon.colcon_core.package_identification:_identify(src) by extension 'ignore'
[2.609s] Level 1:colcon.colcon_core.package_identification:_identify(src) by extension 'ignore_ament_install'
[2.609s] Level 1:colcon.colcon_core.package_identification:_identify(src) by extensions ['colcon_pkg']
[2.609s] Level 1:colcon.colcon_core.package_identification:_identify(src) by extension 'colcon_pkg'
[2.609s] Level 1:colcon.colcon_core.package_identification:_identify(src) by extensions ['colcon_meta']
[2.609s] Level 1:colcon.colcon_core.package_identification:_identify(src) by extension 'colcon_meta'
[2.609s] Level 1:colcon.colcon_core.package_identification:_identify(src) by extensions ['ros']
[2.609s] Level 1:colcon.colcon_core.package_identification:_identify(src) by extension 'ros'
[2.610s] Level 1:colcon.colcon_core.package_identification:_identify(src) by extensions ['cmake', 'python']
[2.610s] Level 1:colcon.colcon_core.package_identification:_identify(src) by extension 'cmake'
[2.610s] Level 1:colcon.colcon_core.package_identification:_identify(src) by extension 'python'
[2.610s] Level 1:colcon.colcon_core.package_identification:_identify(src) by extensions ['python_setup_py']
[2.610s] Level 1:colcon.colcon_core.package_identification:_identify(src) by extension 'python_setup_py'
[2.610s] Level 1:colcon.colcon_core.package_identification:_identify(src/monicar) by extensions ['ignore', 'ignore_ament_install']
[2.610s] Level 1:colcon.colcon_core.package_identification:_identify(src/monicar) by extension 'ignore'
[2.610s] Level 1:colcon.colcon_core.package_identification:_identify(src/monicar) by extension 'ignore_ament_install'
[2.611s] Level 1:colcon.colcon_core.package_identification:_identify(src/monicar) by extensions ['colcon_pkg']
[2.611s] Level 1:colcon.colcon_core.package_identification:_identify(src/monicar) by extension 'colcon_pkg'
[2.611s] Level 1:colcon.colcon_core.package_identification:_identify(src/monicar) by extensions ['colcon_meta']
[2.611s] Level 1:colcon.colcon_core.package_identification:_identify(src/monicar) by extension 'colcon_meta'
[2.611s] Level 1:colcon.colcon_core.package_identification:_identify(src/monicar) by extensions ['ros']
[2.611s] Level 1:colcon.colcon_core.package_identification:_identify(src/monicar) by extension 'ros'
[2.611s] Level 1:colcon.colcon_core.package_identification:_identify(src/monicar) by extensions ['cmake', 'python']
[2.611s] Level 1:colcon.colcon_core.package_identification:_identify(src/monicar) by extension 'cmake'
[2.611s] Level 1:colcon.colcon_core.package_identification:_identify(src/monicar) by extension 'python'
[2.611s] Level 1:colcon.colcon_core.package_identification:_identify(src/monicar) by extensions ['python_setup_py']
[2.611s] Level 1:colcon.colcon_core.package_identification:_identify(src/monicar) by extension 'python_setup_py'
[2.752s] Level 1:colcon.colcon_core.package_identification:_identify(src/monicar/Doc) by extensions ['ignore', 'ignore_ament_install']
[2.752s] Level 1:colcon.colcon_core.package_identification:_identify(src/monicar/Doc) by extension 'ignore'
[2.752s] Level 1:colcon.colcon_core.package_identification:_identify(src/monicar/Doc) by extension 'ignore_ament_install'
[2.752s] Level 1:colcon.colcon_core.package_identification:_identify(src/monicar/Doc) by extensions ['colcon_pkg']
[2.753s] Level 1:colcon.colcon_core.package_identification:_identify(src/monicar/Doc) by extension 'colcon_pkg'
[2.753s] Level 1:colcon.colcon_core.package_identification:_identify(src/monicar/Doc) by extensions ['colcon_meta']
[2.753s] Level 1:colcon.colcon_core.package_identification:_identify(src/monicar/Doc) by extension 'colcon_meta'
[2.753s] Level 1:colcon.colcon_core.package_identification:_identify(src/monicar/Doc) by extensions ['ros']
[2.753s] Level 1:colcon.colcon_core.package_identification:_identify(src/monicar/Doc) by extension 'ros'
[2.753s] Level 1:colcon.colcon_core.package_identification:_identify(src/monicar/Doc) by extensions ['cmake', 'python']
[2.753s] Level 1:colcon.colcon_core.package_identification:_identify(src/monicar/Doc) by extension 'cmake'
[2.753s] Level 1:colcon.colcon_core.package_identification:_identify(src/monicar/Doc) by extension 'python'
[2.753s] Level 1:colcon.colcon_core.package_identification:_identify(src/monicar/Doc) by extensions ['python_setup_py']
[2.753s] Level 1:colcon.colcon_core.package_identification:_identify(src/monicar/Doc) by extension 'python_setup_py'
[2.754s] Level 1:colcon.colcon_core.package_identification:_identify(src/monicar/Images) by extensions ['ignore', 'ignore_ament_install']
[2.754s] Level 1:colcon.colcon_core.package_identification:_identify(src/monicar/Images) by extension 'ignore'
[2.754s] Level 1:colcon.colcon_core.package_identification:_identify(src/monicar/Images) by extension 'ignore_ament_install'
[2.754s] Level 1:colcon.colcon_core.package_identification:_identify(src/monicar/Images) by extensions ['colcon_pkg']
[2.754s] Level 1:colcon.colcon_core.package_identification:_identify(src/monicar/Images) by extension 'colcon_pkg'
[2.755s] Level 1:colcon.colcon_core.package_identification:_identify(src/monicar/Images) by extensions ['colcon_meta']
[2.755s] Level 1:colcon.colcon_core.package_identification:_identify(src/monicar/Images) by extension 'colcon_meta'
[2.755s] Level 1:colcon.colcon_core.package_identification:_identify(src/monicar/Images) by extensions ['ros']
[2.755s] Level 1:colcon.colcon_core.package_identification:_identify(src/monicar/Images) by extension 'ros'
[2.755s] Level 1:colcon.colcon_core.package_identification:_identify(src/monicar/Images) by extensions ['cmake', 'python']
[2.755s] Level 1:colcon.colcon_core.package_identification:_identify(src/monicar/Images) by extension 'cmake'
[2.755s] Level 1:colcon.colcon_core.package_identification:_identify(src/monicar/Images) by extension 'python'
[2.755s] Level 1:colcon.colcon_core.package_identification:_identify(src/monicar/Images) by extensions ['python_setup_py']
[2.755s] Level 1:colcon.colcon_core.package_identification:_identify(src/monicar/Images) by extension 'python_setup_py'
[2.756s] Level 1:colcon.colcon_core.package_identification:_identify(src/monicar/monicar_control) by extensions ['ignore', 'ignore_ament_install']
[2.756s] Level 1:colcon.colcon_core.package_identification:_identify(src/monicar/monicar_control) by extension 'ignore'
[2.756s] Level 1:colcon.colcon_core.package_identification:_identify(src/monicar/monicar_control) by extension 'ignore_ament_install'
[2.756s] Level 1:colcon.colcon_core.package_identification:_identify(src/monicar/monicar_control) by extensions ['colcon_pkg']
[2.756s] Level 1:colcon.colcon_core.package_identification:_identify(src/monicar/monicar_control) by extension 'colcon_pkg'
[2.756s] Level 1:colcon.colcon_core.package_identification:_identify(src/monicar/monicar_control) by extensions ['colcon_meta']
[2.756s] Level 1:colcon.colcon_core.package_identification:_identify(src/monicar/monicar_control) by extension 'colcon_meta'
[2.756s] Level 1:colcon.colcon_core.package_identification:_identify(src/monicar/monicar_control) by extensions ['ros']
[2.756s] Level 1:colcon.colcon_core.package_identification:_identify(src/monicar/monicar_control) by extension 'ros'
[2.764s] DEBUG:colcon.colcon_core.package_identification:Package 'src/monicar/monicar_control' with type 'ros.ament_python' and name 'monicar_control'
[2.765s] Level 1:colcon.colcon_core.package_identification:_identify(src/monicar/monicar_cv) by extensions ['ignore', 'ignore_ament_install']
[2.765s] Level 1:colcon.colcon_core.package_identification:_identify(src/monicar/monicar_cv) by extension 'ignore'
[2.765s] Level 1:colcon.colcon_core.package_identification:_identify(src/monicar/monicar_cv) by extension 'ignore_ament_install'
[2.765s] Level 1:colcon.colcon_core.package_identification:_identify(src/monicar/monicar_cv) by extensions ['colcon_pkg']
[2.765s] Level 1:colcon.colcon_core.package_identification:_identify(src/monicar/monicar_cv) by extension 'colcon_pkg'
[2.765s] Level 1:colcon.colcon_core.package_identification:_identify(src/monicar/monicar_cv) by extensions ['colcon_meta']
[2.766s] Level 1:colcon.colcon_core.package_identification:_identify(src/monicar/monicar_cv) by extension 'colcon_meta'
[2.766s] Level 1:colcon.colcon_core.package_identification:_identify(src/monicar/monicar_cv) by extensions ['ros']
[2.766s] Level 1:colcon.colcon_core.package_identification:_identify(src/monicar/monicar_cv) by extension 'ros'
[2.767s] DEBUG:colcon.colcon_core.package_identification:Package 'src/monicar/monicar_cv' with type 'ros.ament_python' and name 'monicar_cv'
[2.767s] Level 1:colcon.colcon_core.package_identification:_identify(src/monicar/monicar_teleop) by extensions ['ignore', 'ignore_ament_install']
[2.768s] Level 1:colcon.colcon_core.package_identification:_identify(src/monicar/monicar_teleop) by extension 'ignore'
[2.768s] Level 1:colcon.colcon_core.package_identification:_identify(src/monicar/monicar_teleop) by extension 'ignore_ament_install'
[2.768s] Level 1:colcon.colcon_core.package_identification:_identify(src/monicar/monicar_teleop) by extensions ['colcon_pkg']
[2.768s] Level 1:colcon.colcon_core.package_identification:_identify(src/monicar/monicar_teleop) by extension 'colcon_pkg'
[2.768s] Level 1:colcon.colcon_core.package_identification:_identify(src/monicar/monicar_teleop) by extensions ['colcon_meta']
[2.768s] Level 1:colcon.colcon_core.package_identification:_identify(src/monicar/monicar_teleop) by extension 'colcon_meta'
[2.768s] Level 1:colcon.colcon_core.package_identification:_identify(src/monicar/monicar_teleop) by extensions ['ros']
[2.768s] Level 1:colcon.colcon_core.package_identification:_identify(src/monicar/monicar_teleop) by extension 'ros'
[2.770s] DEBUG:colcon.colcon_core.package_identification:Package 'src/monicar/monicar_teleop' with type 'ros.ament_python' and name 'monicar_teleop'
[2.770s] Level 1:colcon.colcon_core.package_identification:_identify(src/monicar/script) by extensions ['ignore', 'ignore_ament_install']
[2.770s] Level 1:colcon.colcon_core.package_identification:_identify(src/monicar/script) by extension 'ignore'
[2.771s] Level 1:colcon.colcon_core.package_identification:_identify(src/monicar/script) by extension 'ignore_ament_install'
[2.771s] Level 1:colcon.colcon_core.package_identification:_identify(src/monicar/script) by extensions ['colcon_pkg']
[2.771s] Level 1:colcon.colcon_core.package_identification:_identify(src/monicar/script) by extension 'colcon_pkg'
[2.771s] Level 1:colcon.colcon_core.package_identification:_identify(src/monicar/script) by extensions ['colcon_meta']
[2.771s] Level 1:colcon.colcon_core.package_identification:_identify(src/monicar/script) by extension 'colcon_meta'
[2.771s] Level 1:colcon.colcon_core.package_identification:_identify(src/monicar/script) by extensions ['ros']
[2.771s] Level 1:colcon.colcon_core.package_identification:_identify(src/monicar/script) by extension 'ros'
[2.771s] Level 1:colcon.colcon_core.package_identification:_identify(src/monicar/script) by extensions ['cmake', 'python']
[2.771s] Level 1:colcon.colcon_core.package_identification:_identify(src/monicar/script) by extension 'cmake'
[2.772s] Level 1:colcon.colcon_core.package_identification:_identify(src/monicar/script) by extension 'python'
[2.772s] Level 1:colcon.colcon_core.package_identification:_identify(src/monicar/script) by extensions ['python_setup_py']
[2.772s] Level 1:colcon.colcon_core.package_identification:_identify(src/monicar/script) by extension 'python_setup_py'
[2.772s] Level 1:colcon.colcon_core.package_discovery:discover_packages(recursive) using defaults
[2.772s] Level 1:colcon.colcon_core.package_discovery:discover_packages(ignore) discover
[2.772s] Level 1:colcon.colcon_core.package_discovery:discover_packages(ignore) using defaults
[2.772s] Level 1:colcon.colcon_core.package_discovery:discover_packages(path) discover
[2.772s] Level 1:colcon.colcon_core.package_discovery:discover_packages(path) using defaults
[2.840s] Level 1:colcon.colcon_core.package_discovery:discover_packages(prefix_path) check parameters
[2.840s] Level 1:colcon.colcon_core.package_discovery:discover_packages(prefix_path) discover
[2.848s] DEBUG:colcon.colcon_installed_package_information.package_discovery:Found 3 installed packages in /home/ssafy/ros2_ws/install
[2.849s] DEBUG:colcon.colcon_installed_package_information.package_discovery:Found 0 installed packages in /home/ssafy/monicar_ws/install
[2.852s] DEBUG:colcon.colcon_installed_package_information.package_discovery:Found 332 installed packages in /opt/ros/galactic
[2.855s] Level 1:colcon.colcon_core.package_discovery:discover_packages(prefix_path) using defaults
[3.257s] Level 5:colcon.colcon_core.verb:set package 'monicar_control' build argument 'cmake_args' from command line to 'None'
[3.257s] Level 5:colcon.colcon_core.verb:set package 'monicar_control' build argument 'cmake_target' from command line to 'None'
[3.258s] Level 5:colcon.colcon_core.verb:set package 'monicar_control' build argument 'cmake_target_skip_unavailable' from command line to 'False'
[3.258s] Level 5:colcon.colcon_core.verb:set package 'monicar_control' build argument 'cmake_clean_cache' from command line to 'False'
[3.258s] Level 5:colcon.colcon_core.verb:set package 'monicar_control' build argument 'cmake_clean_first' from command line to 'False'
[3.258s] Level 5:colcon.colcon_core.verb:set package 'monicar_control' build argument 'cmake_force_configure' from command line to 'False'
[3.258s] Level 5:colcon.colcon_core.verb:set package 'monicar_control' build argument 'ament_cmake_args' from command line to 'None'
[3.258s] Level 5:colcon.colcon_core.verb:set package 'monicar_control' build argument 'catkin_cmake_args' from command line to 'None'
[3.258s] Level 5:colcon.colcon_core.verb:set package 'monicar_control' build argument 'catkin_skip_building_tests' from command line to 'False'
[3.258s] DEBUG:colcon.colcon_core.verb:Building package 'monicar_control' with the following arguments: {'ament_cmake_args': None, 'build_base': '/home/ssafy/ros2_ws/build/monicar_control', 'catkin_cmake_args': None, 'catkin_skip_building_tests': False, 'cmake_args': None, 'cmake_clean_cache': False, 'cmake_clean_first': False, 'cmake_force_configure': False, 'cmake_target': None, 'cmake_target_skip_unavailable': False, 'install_base': '/home/ssafy/ros2_ws/install/monicar_control', 'merge_install': False, 'path': '/home/ssafy/ros2_ws/src/monicar/monicar_control', 'symlink_install': True, 'test_result_base': None}
[3.259s] Level 5:colcon.colcon_core.verb:set package 'monicar_cv' build argument 'cmake_args' from command line to 'None'
[3.259s] Level 5:colcon.colcon_core.verb:set package 'monicar_cv' build argument 'cmake_target' from command line to 'None'
[3.259s] Level 5:colcon.colcon_core.verb:set package 'monicar_cv' build argument 'cmake_target_skip_unavailable' from command line to 'False'
[3.259s] Level 5:colcon.colcon_core.verb:set package 'monicar_cv' build argument 'cmake_clean_cache' from command line to 'False'
[3.259s] Level 5:colcon.colcon_core.verb:set package 'monicar_cv' build argument 'cmake_clean_first' from command line to 'False'
[3.259s] Level 5:colcon.colcon_core.verb:set package 'monicar_cv' build argument 'cmake_force_configure' from command line to 'False'
[3.259s] Level 5:colcon.colcon_core.verb:set package 'monicar_cv' build argument 'ament_cmake_args' from command line to 'None'
[3.259s] Level 5:colcon.colcon_core.verb:set package 'monicar_cv' build argument 'catkin_cmake_args' from command line to 'None'
[3.259s] Level 5:colcon.colcon_core.verb:set package 'monicar_cv' build argument 'catkin_skip_building_tests' from command line to 'False'
[3.259s] DEBUG:colcon.colcon_core.verb:Building package 'monicar_cv' with the following arguments: {'ament_cmake_args': None, 'build_base': '/home/ssafy/ros2_ws/build/monicar_cv', 'catkin_cmake_args': None, 'catkin_skip_building_tests': False, 'cmake_args': None, 'cmake_clean_cache': False, 'cmake_clean_first': False, 'cmake_force_configure': False, 'cmake_target': None, 'cmake_target_skip_unavailable': False, 'install_base': '/home/ssafy/ros2_ws/install/monicar_cv', 'merge_install': False, 'path': '/home/ssafy/ros2_ws/src/monicar/monicar_cv', 'symlink_install': True, 'test_result_base': None}
[3.260s] Level 5:colcon.colcon_core.verb:set package 'monicar_teleop' build argument 'cmake_args' from command line to 'None'
[3.260s] Level 5:colcon.colcon_core.verb:set package 'monicar_teleop' build argument 'cmake_target' from command line to 'None'
[3.260s] Level 5:colcon.colcon_core.verb:set package 'monicar_teleop' build argument 'cmake_target_skip_unavailable' from command line to 'False'
[3.260s] Level 5:colcon.colcon_core.verb:set package 'monicar_teleop' build argument 'cmake_clean_cache' from command line to 'False'
[3.260s] Level 5:colcon.colcon_core.verb:set package 'monicar_teleop' build argument 'cmake_clean_first' from command line to 'False'
[3.260s] Level 5:colcon.colcon_core.verb:set package 'monicar_teleop' build argument 'cmake_force_configure' from command line to 'False'
[3.260s] Level 5:colcon.colcon_core.verb:set package 'monicar_teleop' build argument 'ament_cmake_args' from command line to 'None'
[3.260s] Level 5:colcon.colcon_core.verb:set package 'monicar_teleop' build argument 'catkin_cmake_args' from command line to 'None'
[3.260s] Level 5:colcon.colcon_core.verb:set package 'monicar_teleop' build argument 'catkin_skip_building_tests' from command line to 'False'
[3.261s] DEBUG:colcon.colcon_core.verb:Building package 'monicar_teleop' with the following arguments: {'ament_cmake_args': None, 'build_base': '/home/ssafy/ros2_ws/build/monicar_teleop', 'catkin_cmake_args': None, 'catkin_skip_building_tests': False, 'cmake_args': None, 'cmake_clean_cache': False, 'cmake_clean_first': False, 'cmake_force_configure': False, 'cmake_target': None, 'cmake_target_skip_unavailable': False, 'install_base': '/home/ssafy/ros2_ws/install/monicar_teleop', 'merge_install': False, 'path': '/home/ssafy/ros2_ws/src/monicar/monicar_teleop', 'symlink_install': True, 'test_result_base': None}
[3.261s] INFO:colcon.colcon_core.executor:Executing jobs using 'parallel' executor
[3.264s] DEBUG:colcon.colcon_parallel_executor.executor.parallel:run_until_complete
[3.265s] INFO:colcon.colcon_ros.task.ament_python.build:Building ROS package in '/home/ssafy/ros2_ws/src/monicar/monicar_control' with build type 'ament_python'
[3.265s] Level 1:colcon.colcon_core.shell:create_environment_hook('monicar_control', 'ament_prefix_path')
[3.415s] INFO:colcon.colcon_core.plugin_system:Skipping extension 'colcon_core.shell.bat': Not used on non-Windows systems
[3.415s] INFO:colcon.colcon_core.shell:Creating environment hook '/home/ssafy/ros2_ws/install/monicar_control/share/monicar_control/hook/ament_prefix_path.ps1'
[3.418s] INFO:colcon.colcon_core.shell:Creating environment descriptor '/home/ssafy/ros2_ws/install/monicar_control/share/monicar_control/hook/ament_prefix_path.dsv'
[3.422s] INFO:colcon.colcon_core.shell:Creating environment hook '/home/ssafy/ros2_ws/install/monicar_control/share/monicar_control/hook/ament_prefix_path.sh'
[3.424s] INFO:colcon.colcon_core.shell:Skip shell extension 'powershell' for command environment: Not usable outside of PowerShell
[3.424s] DEBUG:colcon.colcon_core.shell:Skip shell extension 'dsv' for command environment
[3.436s] INFO:colcon.colcon_ros.task.ament_python.build:Building ROS package in '/home/ssafy/ros2_ws/src/monicar/monicar_cv' with build type 'ament_python'
[3.437s] Level 1:colcon.colcon_core.shell:create_environment_hook('monicar_cv', 'ament_prefix_path')
[3.438s] INFO:colcon.colcon_core.shell:Creating environment hook '/home/ssafy/ros2_ws/install/monicar_cv/share/monicar_cv/hook/ament_prefix_path.ps1'
[3.439s] INFO:colcon.colcon_core.shell:Creating environment descriptor '/home/ssafy/ros2_ws/install/monicar_cv/share/monicar_cv/hook/ament_prefix_path.dsv'
[3.440s] INFO:colcon.colcon_core.shell:Creating environment hook '/home/ssafy/ros2_ws/install/monicar_cv/share/monicar_cv/hook/ament_prefix_path.sh'
[3.441s] INFO:colcon.colcon_core.shell:Skip shell extension 'powershell' for command environment: Not usable outside of PowerShell
[3.442s] DEBUG:colcon.colcon_core.shell:Skip shell extension 'dsv' for command environment
[3.451s] INFO:colcon.colcon_ros.task.ament_python.build:Building ROS package in '/home/ssafy/ros2_ws/src/monicar/monicar_teleop' with build type 'ament_python'
[3.452s] Level 1:colcon.colcon_core.shell:create_environment_hook('monicar_teleop', 'ament_prefix_path')
[3.453s] INFO:colcon.colcon_core.shell:Creating environment hook '/home/ssafy/ros2_ws/install/monicar_teleop/share/monicar_teleop/hook/ament_prefix_path.ps1'
[3.455s] INFO:colcon.colcon_core.shell:Creating environment descriptor '/home/ssafy/ros2_ws/install/monicar_teleop/share/monicar_teleop/hook/ament_prefix_path.dsv'
[3.455s] INFO:colcon.colcon_core.shell:Creating environment hook '/home/ssafy/ros2_ws/install/monicar_teleop/share/monicar_teleop/hook/ament_prefix_path.sh'
[3.456s] INFO:colcon.colcon_core.shell:Skip shell extension 'powershell' for command environment: Not usable outside of PowerShell
[3.457s] DEBUG:colcon.colcon_core.shell:Skip shell extension 'dsv' for command environment
[4.297s] INFO:colcon.colcon_core.task.python.build:Building Python package in '/home/ssafy/ros2_ws/src/monicar/monicar_control'
[4.299s] INFO:colcon.colcon_core.shell:Skip shell extension 'powershell' for command environment: Not usable outside of PowerShell
[4.299s] DEBUG:colcon.colcon_core.shell:Skip shell extension 'dsv' for command environment
[5.145s] INFO:colcon.colcon_core.task.python.build:Building Python package in '/home/ssafy/ros2_ws/src/monicar/monicar_cv'
[5.148s] INFO:colcon.colcon_core.shell:Skip shell extension 'powershell' for command environment: Not usable outside of PowerShell
[5.148s] DEBUG:colcon.colcon_core.shell:Skip shell extension 'dsv' for command environment
[5.992s] INFO:colcon.colcon_core.task.python.build:Building Python package in '/home/ssafy/ros2_ws/src/monicar/monicar_teleop'
[5.995s] INFO:colcon.colcon_core.shell:Skip shell extension 'powershell' for command environment: Not usable outside of PowerShell
[5.995s] DEBUG:colcon.colcon_core.shell:Skip shell extension 'dsv' for command environment
[8.627s] DEBUG:colcon.colcon_core.event_handler.log_command:Invoking command in '/home/ssafy/ros2_ws/build/monicar_cv': PYTHONPATH=/home/ssafy/ros2_ws/build/monicar_cv/prefix_override:/usr/lib/python3/dist-packages/colcon_core/task/python/colcon_distutils_commands:/home/ssafy/ros2_ws/install/monicar_cv/lib/python3.8/site-packages:${PYTHONPATH} /usr/bin/python3 -W ignore:setup.py install is deprecated setup.py develop --editable --build-directory /home/ssafy/ros2_ws/build/monicar_cv/build --no-deps symlink_data
[8.660s] DEBUG:colcon.colcon_core.event_handler.log_command:Invoking command in '/home/ssafy/ros2_ws/build/monicar_control': PYTHONPATH=/home/ssafy/ros2_ws/build/monicar_control/prefix_override:/usr/lib/python3/dist-packages/colcon_core/task/python/colcon_distutils_commands:/home/ssafy/ros2_ws/install/monicar_control/lib/python3.8/site-packages:${PYTHONPATH} /usr/bin/python3 -W ignore:setup.py install is deprecated setup.py develop --editable --build-directory /home/ssafy/ros2_ws/build/monicar_control/build --no-deps symlink_data
[8.673s] DEBUG:colcon.colcon_core.event_handler.log_command:Invoking command in '/home/ssafy/ros2_ws/build/monicar_teleop': PYTHONPATH=/home/ssafy/ros2_ws/build/monicar_teleop/prefix_override:/usr/lib/python3/dist-packages/colcon_core/task/python/colcon_distutils_commands:/home/ssafy/ros2_ws/install/monicar_teleop/lib/python3.8/site-packages:${PYTHONPATH} /usr/bin/python3 -W ignore:setup.py install is deprecated setup.py develop --editable --build-directory /home/ssafy/ros2_ws/build/monicar_teleop/build --no-deps symlink_data
[10.587s] Level 1:colcon.colcon_core.shell:create_environment_hook('monicar_control', 'pythonpath_develop')
[10.589s] INFO:colcon.colcon_core.shell:Creating environment hook '/home/ssafy/ros2_ws/build/monicar_control/share/monicar_control/hook/pythonpath_develop.ps1'
[10.590s] DEBUG:colcon.colcon_core.event_handler.log_command:Invoked command in '/home/ssafy/ros2_ws/build/monicar_control' returned '0': PYTHONPATH=/home/ssafy/ros2_ws/build/monicar_control/prefix_override:/usr/lib/python3/dist-packages/colcon_core/task/python/colcon_distutils_commands:/home/ssafy/ros2_ws/install/monicar_control/lib/python3.8/site-packages:${PYTHONPATH} /usr/bin/python3 -W ignore:setup.py install is deprecated setup.py develop --editable --build-directory /home/ssafy/ros2_ws/build/monicar_control/build --no-deps symlink_data
[10.592s] INFO:colcon.colcon_core.shell:Creating environment descriptor '/home/ssafy/ros2_ws/build/monicar_control/share/monicar_control/hook/pythonpath_develop.dsv'
[10.594s] INFO:colcon.colcon_core.shell:Creating environment hook '/home/ssafy/ros2_ws/build/monicar_control/share/monicar_control/hook/pythonpath_develop.sh'
[10.751s] Level 1:colcon.colcon_core.environment:checking '/home/ssafy/ros2_ws/install/monicar_control' for CMake module files
[10.753s] Level 1:colcon.colcon_core.environment:checking '/home/ssafy/ros2_ws/install/monicar_control' for CMake config files
[10.756s] Level 1:colcon.colcon_core.environment:checking '/home/ssafy/ros2_ws/install/monicar_control/lib'
[10.756s] Level 1:colcon.colcon_core.environment:checking '/home/ssafy/ros2_ws/install/monicar_control/bin'
[10.756s] Level 1:colcon.colcon_core.environment:checking '/home/ssafy/ros2_ws/install/monicar_control/lib/pkgconfig/monicar_control.pc'
[10.757s] Level 1:colcon.colcon_core.environment:checking '/home/ssafy/ros2_ws/install/monicar_control/lib/python3.8/site-packages'
[10.757s] Level 1:colcon.colcon_core.shell:create_environment_hook('monicar_control', 'pythonpath')
[10.758s] INFO:colcon.colcon_core.shell:Creating environment hook '/home/ssafy/ros2_ws/install/monicar_control/share/monicar_control/hook/pythonpath.ps1'
[10.760s] INFO:colcon.colcon_core.shell:Creating environment descriptor '/home/ssafy/ros2_ws/install/monicar_control/share/monicar_control/hook/pythonpath.dsv'
[10.761s] INFO:colcon.colcon_core.shell:Creating environment hook '/home/ssafy/ros2_ws/install/monicar_control/share/monicar_control/hook/pythonpath.sh'
[10.763s] Level 1:colcon.colcon_core.environment:checking '/home/ssafy/ros2_ws/install/monicar_control/bin'
[10.763s] Level 1:colcon.colcon_core.environment:create_environment_scripts_only(monicar_control)
[10.764s] INFO:colcon.colcon_core.shell:Creating package script '/home/ssafy/ros2_ws/install/monicar_control/share/monicar_control/package.ps1'
[10.768s] INFO:colcon.colcon_core.shell:Creating package descriptor '/home/ssafy/ros2_ws/install/monicar_control/share/monicar_control/package.dsv'
[10.770s] INFO:colcon.colcon_core.shell:Creating package script '/home/ssafy/ros2_ws/install/monicar_control/share/monicar_control/package.sh'
[10.773s] INFO:colcon.colcon_core.shell:Creating package script '/home/ssafy/ros2_ws/install/monicar_control/share/monicar_control/package.bash'
[10.775s] INFO:colcon.colcon_core.shell:Creating package script '/home/ssafy/ros2_ws/install/monicar_control/share/monicar_control/package.zsh'
[10.778s] Level 1:colcon.colcon_core.environment:create_file_with_runtime_dependencies(/home/ssafy/ros2_ws/install/monicar_control/share/colcon-core/packages/monicar_control)
[10.782s] Level 1:colcon.colcon_core.shell:create_environment_hook('monicar_teleop', 'pythonpath_develop')
[10.783s] INFO:colcon.colcon_core.shell:Creating environment hook '/home/ssafy/ros2_ws/build/monicar_teleop/share/monicar_teleop/hook/pythonpath_develop.ps1'
[10.784s] DEBUG:colcon.colcon_core.event_handler.log_command:Invoked command in '/home/ssafy/ros2_ws/build/monicar_teleop' returned '0': PYTHONPATH=/home/ssafy/ros2_ws/build/monicar_teleop/prefix_override:/usr/lib/python3/dist-packages/colcon_core/task/python/colcon_distutils_commands:/home/ssafy/ros2_ws/install/monicar_teleop/lib/python3.8/site-packages:${PYTHONPATH} /usr/bin/python3 -W ignore:setup.py install is deprecated setup.py develop --editable --build-directory /home/ssafy/ros2_ws/build/monicar_teleop/build --no-deps symlink_data
[10.785s] INFO:colcon.colcon_core.shell:Creating environment descriptor '/home/ssafy/ros2_ws/build/monicar_teleop/share/monicar_teleop/hook/pythonpath_develop.dsv'
[10.786s] INFO:colcon.colcon_core.shell:Creating environment hook '/home/ssafy/ros2_ws/build/monicar_teleop/share/monicar_teleop/hook/pythonpath_develop.sh'
[10.787s] Level 1:colcon.colcon_core.environment:checking '/home/ssafy/ros2_ws/install/monicar_teleop' for CMake module files
[10.789s] Level 1:colcon.colcon_core.environment:checking '/home/ssafy/ros2_ws/install/monicar_teleop' for CMake config files
[10.791s] Level 1:colcon.colcon_core.environment:checking '/home/ssafy/ros2_ws/install/monicar_teleop/lib'
[10.792s] Level 1:colcon.colcon_core.environment:checking '/home/ssafy/ros2_ws/install/monicar_teleop/bin'
[10.792s] Level 1:colcon.colcon_core.environment:checking '/home/ssafy/ros2_ws/install/monicar_teleop/lib/pkgconfig/monicar_teleop.pc'
[10.792s] Level 1:colcon.colcon_core.environment:checking '/home/ssafy/ros2_ws/install/monicar_teleop/lib/python3.8/site-packages'
[10.793s] Level 1:colcon.colcon_core.shell:create_environment_hook('monicar_teleop', 'pythonpath')
[10.793s] INFO:colcon.colcon_core.shell:Creating environment hook '/home/ssafy/ros2_ws/install/monicar_teleop/share/monicar_teleop/hook/pythonpath.ps1'
[10.794s] INFO:colcon.colcon_core.shell:Creating environment descriptor '/home/ssafy/ros2_ws/install/monicar_teleop/share/monicar_teleop/hook/pythonpath.dsv'
[10.795s] INFO:colcon.colcon_core.shell:Creating environment hook '/home/ssafy/ros2_ws/install/monicar_teleop/share/monicar_teleop/hook/pythonpath.sh'
[10.796s] Level 1:colcon.colcon_core.environment:checking '/home/ssafy/ros2_ws/install/monicar_teleop/bin'
[10.796s] Level 1:colcon.colcon_core.environment:create_environment_scripts_only(monicar_teleop)
[10.797s] INFO:colcon.colcon_core.shell:Creating package script '/home/ssafy/ros2_ws/install/monicar_teleop/share/monicar_teleop/package.ps1'
[10.799s] INFO:colcon.colcon_core.shell:Creating package descriptor '/home/ssafy/ros2_ws/install/monicar_teleop/share/monicar_teleop/package.dsv'
[10.800s] INFO:colcon.colcon_core.shell:Creating package script '/home/ssafy/ros2_ws/install/monicar_teleop/share/monicar_teleop/package.sh'
[10.800s] INFO:colcon.colcon_core.shell:Creating package script '/home/ssafy/ros2_ws/install/monicar_teleop/share/monicar_teleop/package.bash'
[10.801s] INFO:colcon.colcon_core.shell:Creating package script '/home/ssafy/ros2_ws/install/monicar_teleop/share/monicar_teleop/package.zsh'
[10.802s] Level 1:colcon.colcon_core.environment:create_file_with_runtime_dependencies(/home/ssafy/ros2_ws/install/monicar_teleop/share/colcon-core/packages/monicar_teleop)
[10.803s] Level 1:colcon.colcon_core.shell:create_environment_hook('monicar_cv', 'pythonpath_develop')
[10.803s] INFO:colcon.colcon_core.shell:Creating environment hook '/home/ssafy/ros2_ws/build/monicar_cv/share/monicar_cv/hook/pythonpath_develop.ps1'
[10.804s] INFO:colcon.colcon_core.shell:Creating environment descriptor '/home/ssafy/ros2_ws/build/monicar_cv/share/monicar_cv/hook/pythonpath_develop.dsv'
[10.805s] DEBUG:colcon.colcon_core.event_handler.log_command:Invoked command in '/home/ssafy/ros2_ws/build/monicar_cv' returned '0': PYTHONPATH=/home/ssafy/ros2_ws/build/monicar_cv/prefix_override:/usr/lib/python3/dist-packages/colcon_core/task/python/colcon_distutils_commands:/home/ssafy/ros2_ws/install/monicar_cv/lib/python3.8/site-packages:${PYTHONPATH} /usr/bin/python3 -W ignore:setup.py install is deprecated setup.py develop --editable --build-directory /home/ssafy/ros2_ws/build/monicar_cv/build --no-deps symlink_data
[10.806s] INFO:colcon.colcon_core.shell:Creating environment hook '/home/ssafy/ros2_ws/build/monicar_cv/share/monicar_cv/hook/pythonpath_develop.sh'
[10.807s] Level 1:colcon.colcon_core.environment:checking '/home/ssafy/ros2_ws/install/monicar_cv' for CMake module files
[10.808s] Level 1:colcon.colcon_core.environment:checking '/home/ssafy/ros2_ws/install/monicar_cv' for CMake config files
[10.809s] Level 1:colcon.colcon_core.environment:checking '/home/ssafy/ros2_ws/install/monicar_cv/lib'
[10.809s] Level 1:colcon.colcon_core.environment:checking '/home/ssafy/ros2_ws/install/monicar_cv/bin'
[10.810s] Level 1:colcon.colcon_core.environment:checking '/home/ssafy/ros2_ws/install/monicar_cv/lib/pkgconfig/monicar_cv.pc'
[10.810s] Level 1:colcon.colcon_core.environment:checking '/home/ssafy/ros2_ws/install/monicar_cv/lib/python3.8/site-packages'
[10.810s] Level 1:colcon.colcon_core.shell:create_environment_hook('monicar_cv', 'pythonpath')
[10.811s] INFO:colcon.colcon_core.shell:Creating environment hook '/home/ssafy/ros2_ws/install/monicar_cv/share/monicar_cv/hook/pythonpath.ps1'
[10.811s] INFO:colcon.colcon_core.shell:Creating environment descriptor '/home/ssafy/ros2_ws/install/monicar_cv/share/monicar_cv/hook/pythonpath.dsv'
[10.812s] INFO:colcon.colcon_core.shell:Creating environment hook '/home/ssafy/ros2_ws/install/monicar_cv/share/monicar_cv/hook/pythonpath.sh'
[10.813s] Level 1:colcon.colcon_core.environment:checking '/home/ssafy/ros2_ws/install/monicar_cv/bin'
[10.813s] Level 1:colcon.colcon_core.environment:create_environment_scripts_only(monicar_cv)
[10.814s] INFO:colcon.colcon_core.shell:Creating package script '/home/ssafy/ros2_ws/install/monicar_cv/share/monicar_cv/package.ps1'
[10.815s] INFO:colcon.colcon_core.shell:Creating package descriptor '/home/ssafy/ros2_ws/install/monicar_cv/share/monicar_cv/package.dsv'
[10.816s] INFO:colcon.colcon_core.shell:Creating package script '/home/ssafy/ros2_ws/install/monicar_cv/share/monicar_cv/package.sh'
[10.817s] INFO:colcon.colcon_core.shell:Creating package script '/home/ssafy/ros2_ws/install/monicar_cv/share/monicar_cv/package.bash'
[10.817s] INFO:colcon.colcon_core.shell:Creating package script '/home/ssafy/ros2_ws/install/monicar_cv/share/monicar_cv/package.zsh'
[10.818s] Level 1:colcon.colcon_core.environment:create_file_with_runtime_dependencies(/home/ssafy/ros2_ws/install/monicar_cv/share/colcon-core/packages/monicar_cv)
[10.819s] DEBUG:colcon.colcon_parallel_executor.executor.parallel:closing loop
[10.820s] DEBUG:colcon.colcon_parallel_executor.executor.parallel:loop closed
[10.820s] DEBUG:colcon.colcon_parallel_executor.executor.parallel:run_until_complete finished with '0'
[10.820s] DEBUG:colcon.colcon_core.event_reactor:joining thread
[10.838s] INFO:colcon.colcon_core.plugin_system:Skipping extension 'colcon_notification.desktop_notification.terminal_notifier': Not used on non-Darwin systems
[10.839s] INFO:colcon.colcon_core.plugin_system:Skipping extension 'colcon_notification.desktop_notification.win32': Not used on non-Windows systems
[10.839s] INFO:colcon.colcon_notification.desktop_notification:Sending desktop notification using 'notify2'
[10.902s] DEBUG:colcon.colcon_core.event_reactor:joined thread
[10.905s] INFO:colcon.colcon_core.shell:Creating prefix script '/home/ssafy/ros2_ws/install/local_setup.ps1'
[11.060s] INFO:colcon.colcon_core.shell:Creating prefix util module '/home/ssafy/ros2_ws/install/_local_setup_util_ps1.py'
[11.065s] INFO:colcon.colcon_core.shell:Creating prefix chain script '/home/ssafy/ros2_ws/install/setup.ps1'
[11.068s] INFO:colcon.colcon_core.shell:Creating prefix script '/home/ssafy/ros2_ws/install/local_setup.sh'
[11.082s] INFO:colcon.colcon_core.shell:Creating prefix util module '/home/ssafy/ros2_ws/install/_local_setup_util_sh.py'
[11.085s] INFO:colcon.colcon_core.shell:Creating prefix chain script '/home/ssafy/ros2_ws/install/setup.sh'
[11.088s] INFO:colcon.colcon_core.shell:Creating prefix script '/home/ssafy/ros2_ws/install/local_setup.bash'
[11.089s] INFO:colcon.colcon_core.shell:Creating prefix chain script '/home/ssafy/ros2_ws/install/setup.bash'
[11.092s] INFO:colcon.colcon_core.shell:Creating prefix script '/home/ssafy/ros2_ws/install/local_setup.zsh'
[11.094s] INFO:colcon.colcon_core.shell:Creating prefix chain script '/home/ssafy/ros2_ws/install/setup.zsh'
