running develop
running egg_info
writing monicar_control.egg-info/PKG-INFO
writing dependency_links to monicar_control.egg-info/dependency_links.txt
writing entry points to monicar_control.egg-info/entry_points.txt
writing requirements to monicar_control.egg-info/requires.txt
writing top-level names to monicar_control.egg-info/top_level.txt
reading manifest file 'monicar_control.egg-info/SOURCES.txt'
writing manifest file 'monicar_control.egg-info/SOURCES.txt'
running build_ext
Creating /home/ssafy/ros2_ws/install/monicar_control/lib/python3.8/site-packages/monicar-control.egg-link (link to .)
Installing blob_chase script to /home/ssafy/ros2_ws/install/monicar_control/lib/monicar_control
Installing chase_object_yolo script to /home/ssafy/ros2_ws/install/monicar_control/lib/monicar_control
Installing chase_the_ball script to /home/ssafy/ros2_ws/install/monicar_control/lib/monicar_control
Installing chase_traffic_yolo script to /home/ssafy/ros2_ws/install/monicar_control/lib/monicar_control
Installing joy_control script to /home/ssafy/ros2_ws/install/monicar_control/lib/monicar_control
Installing motor_control script to /home/ssafy/ros2_ws/install/monicar_control/lib/monicar_control

Installed /home/ssafy/ros2_ws/build/monicar_control
running symlink_data
symbolically linking /home/ssafy/ros2_ws/build/monicar_control/resource/monicar_control -> /home/ssafy/ros2_ws/install/monicar_control/share/ament_index/resource_index/packages
symbolically linking /home/ssafy/ros2_ws/build/monicar_control/package.xml -> /home/ssafy/ros2_ws/install/monicar_control/share/monicar_control
symbolically linking /home/ssafy/ros2_ws/build/monicar_control/launch/blob_all.launch.py -> /home/ssafy/ros2_ws/install/monicar_control/share/monicar_control/launch
symbolically linking /home/ssafy/ros2_ws/build/monicar_control/launch/motor.launch.py -> /home/ssafy/ros2_ws/install/monicar_control/share/monicar_control/launch
symbolically linking /home/ssafy/ros2_ws/build/monicar_control/launch/traffic_all.launch.py -> /home/ssafy/ros2_ws/install/monicar_control/share/monicar_control/launch
symbolically linking /home/ssafy/ros2_ws/build/monicar_control/launch/yolo_chase.launch.py -> /home/ssafy/ros2_ws/install/monicar_control/share/monicar_control/launch
symbolically linking /home/ssafy/ros2_ws/build/monicar_control/launch/chase_the_ball.launch.py -> /home/ssafy/ros2_ws/install/monicar_control/share/monicar_control/launch
symbolically linking /home/ssafy/ros2_ws/build/monicar_control/launch/yolo_traffic.launch.py -> /home/ssafy/ros2_ws/install/monicar_control/share/monicar_control/launch
symbolically linking /home/ssafy/ros2_ws/build/monicar_control/launch/blob_chase.launch.py -> /home/ssafy/ros2_ws/install/monicar_control/share/monicar_control/launch
symbolically linking /home/ssafy/ros2_ws/build/monicar_control/launch/yolo_all.launch.py -> /home/ssafy/ros2_ws/install/monicar_control/share/monicar_control/launch
symbolically linking /home/ssafy/ros2_ws/build/monicar_control/param/motor.298n2Wheel.yaml -> /home/ssafy/ros2_ws/install/monicar_control/share/monicar_control/param
symbolically linking /home/ssafy/ros2_ws/build/monicar_control/param/motor.nuriBldc.yaml -> /home/ssafy/ros2_ws/install/monicar_control/share/monicar_control/param
symbolically linking /home/ssafy/ros2_ws/build/monicar_control/param/motor.jetracer.yaml -> /home/ssafy/ros2_ws/install/monicar_control/share/monicar_control/param
symbolically linking /home/ssafy/ros2_ws/build/monicar_control/param/motor.jetbot.yaml -> /home/ssafy/ros2_ws/install/monicar_control/share/monicar_control/param
symbolically linking /home/ssafy/ros2_ws/build/monicar_control/param/motor.yaml -> /home/ssafy/ros2_ws/install/monicar_control/share/monicar_control/param
symbolically linking /home/ssafy/ros2_ws/build/monicar_control/param/motor.pca9685Steer.yaml -> /home/ssafy/ros2_ws/install/monicar_control/share/monicar_control/param
symbolically linking /home/ssafy/ros2_ws/build/monicar_control/param/motor.motorhatSteer.yaml -> /home/ssafy/ros2_ws/install/monicar_control/share/monicar_control/param
symbolically linking /home/ssafy/ros2_ws/build/monicar_control/param/motor.motorhat2wheel.yaml -> /home/ssafy/ros2_ws/install/monicar_control/share/monicar_control/param
